The system is: Linux - 3.0.101-0.47.71-default - x86_64
Compiling the C compiler identification source file "CMakeCCompilerId.c" succeeded.
Compiler: /sw/sgi/mpt/mpt-2.06/bin/mpicc 
Build flags: 
Id flags: 

The output was:
0


Compilation of the C compiler identification source "CMakeCCompilerId.c" produced "a.out"

The C compiler identification is Intel, found in "/home/ntnu/pranavm/TMA4280/Project2/Parallel/build/CMakeFiles/3.4.3/CompilerIdC/a.out"

Compiling the CXX compiler identification source file "CMakeCXXCompilerId.cpp" succeeded.
Compiler: /usr/bin/c++ 
Build flags: 
Id flags: 

The output was:
0


Compilation of the CXX compiler identification source "CMakeCXXCompilerId.cpp" produced "a.out"

The CXX compiler identification is GNU, found in "/home/ntnu/pranavm/TMA4280/Project2/Parallel/build/CMakeFiles/3.4.3/CompilerIdCXX/a.out"

Determining if the C compiler works passed with the following output:
Change Dir: /home/ntnu/pranavm/TMA4280/Project2/Parallel/build/CMakeFiles/CMakeTmp

Run Build Command:"/usr/bin/gmake" "cmTC_5ee04/fast"
/usr/bin/gmake -f CMakeFiles/cmTC_5ee04.dir/build.make CMakeFiles/cmTC_5ee04.dir/build
gmake[1]: Entering directory `/home/ntnu/pranavm/TMA4280/Project2/Parallel/build/CMakeFiles/CMakeTmp'
Building C object CMakeFiles/cmTC_5ee04.dir/testCCompiler.c.o
/sw/sgi/mpt/mpt-2.06/bin/mpicc     -o CMakeFiles/cmTC_5ee04.dir/testCCompiler.c.o   -c /home/ntnu/pranavm/TMA4280/Project2/Parallel/build/CMakeFiles/CMakeTmp/testCCompiler.c
Linking C executable cmTC_5ee04
/home/sw/sdev/Modules/cmake/cmake-3.4.3/bin/cmake -E cmake_link_script CMakeFiles/cmTC_5ee04.dir/link.txt --verbose=1
/sw/sgi/mpt/mpt-2.06/bin/mpicc       CMakeFiles/cmTC_5ee04.dir/testCCompiler.c.o  -o cmTC_5ee04 -rdynamic 
gmake[1]: Leaving directory `/home/ntnu/pranavm/TMA4280/Project2/Parallel/build/CMakeFiles/CMakeTmp'


Detecting C compiler ABI info compiled with the following output:
Change Dir: /home/ntnu/pranavm/TMA4280/Project2/Parallel/build/CMakeFiles/CMakeTmp

Run Build Command:"/usr/bin/gmake" "cmTC_50d57/fast"
/usr/bin/gmake -f CMakeFiles/cmTC_50d57.dir/build.make CMakeFiles/cmTC_50d57.dir/build
gmake[1]: Entering directory `/home/ntnu/pranavm/TMA4280/Project2/Parallel/build/CMakeFiles/CMakeTmp'
Building C object CMakeFiles/cmTC_50d57.dir/CMakeCCompilerABI.c.o
/sw/sgi/mpt/mpt-2.06/bin/mpicc     -o CMakeFiles/cmTC_50d57.dir/CMakeCCompilerABI.c.o   -c /home/sw/sdev/Modules/cmake/cmake-3.4.3/share/cmake-3.4/Modules/CMakeCCompilerABI.c
Linking C executable cmTC_50d57
/home/sw/sdev/Modules/cmake/cmake-3.4.3/bin/cmake -E cmake_link_script CMakeFiles/cmTC_50d57.dir/link.txt --verbose=1
/sw/sgi/mpt/mpt-2.06/bin/mpicc      -v CMakeFiles/cmTC_50d57.dir/CMakeCCompilerABI.c.o  -o cmTC_50d57 -rdynamic  
Version 12.0.5
/home/sw/sdev/intel/composerxe-2011.5.220/composerxe-2011.5.220/bin/intel64/mcpcom    -mP1OPT_version=12.0-intel64 -mGLOB_diag_file=CMakeFiles/cmTC_50d57.dir/CMakeCCompilerABI.c.diag -mP1OPT_print_version=FALSE -mCG_use_gas_got_workaround=F -mP2OPT_align_option_used=TRUE -mGLOB_gcc_version=430 "-mGLOB_options_string=-I/sw/sgi/mpt/mpt-2.06/include -L/sw/sgi/mpt/mpt-2.06/lib -lmpi -v -o cmTC_50d57 -rdynamic" -mGLOB_cxx_limited_range=FALSE -mGLOB_as_output_backup_file_name=/tmp/icca197xcas_.s -mIPOPT_activate -mGLOB_machine_model=GLOB_MACHINE_MODEL_EFI2 -mGLOB_product_id_code=0x22001ef4 -mP3OPT_use_mspp_call_convention -mPGOPTI_value_profile_use=T -mP2OPT_il0_array_sections=TRUE -mP2OPT_hlo -mP2OPT_hpo_rtt_control=0 -mIPOPT_args_in_regs=0 -mGLOB_imf_mapping_library=/home/sw/sdev/intel/composerxe-2011.5.220/composerxe-2011.5.220/bin/intel64/libiml_attr.so -mIPOPT_link -mIPOPT_ipo_activate -mIPOPT_mo_activate -mIPOPT_source_files_list=/tmp/iccVynH8Pslis -mIPOPT_mo_global_data -mIPOPT_link_script_file=/tmp/iccmyKrgiscript -mIPOPT_link_version=2.23.1 "-mIPOPT_cmdline_link="/usr/lib64/gcc/x86_64-suse-linux/4.3/../../../../lib64/crt1.o" "/usr/lib64/gcc/x86_64-suse-linux/4.3/../../../../lib64/crti.o" "/usr/lib64/gcc/x86_64-suse-linux/4.3/crtbegin.o" "-export-dynamic" "--eh-frame-hdr" "-dynamic-linker" "/lib64/ld-linux-x86-64.so.2" "-L/sw/sgi/mpt/mpt-2.06/lib" "-o" "cmTC_50d57" "-L/sw/sgi/mpt/mpt-2.06/lib" "-L/sw/sdev/intel/composerxe-2011.5.220/composerxe-2011.5.220/compiler/lib/intel64" "-L/sw/sdev/intel/composerxe-2011.5.220/composerxe-2011.5.220/ipp/lib/intel64" "-L/sw/sdev/intel/composerxe-2011.5.220/composerxe-2011.5.220/compiler/lib/intel64" "-L/sw/sdev/intel/composerxe-2011.5.220/composerxe-2011.5.220/mkl/lib/intel64" "-L/sw/sdev/intel/composerxe-2011.5.220/composerxe-2011.5.220/tbb/lib/intel64/cc4.1.0_libc2.4_kernel2.6.16.21" "-L/home/sw/sdev/intel/composerxe-2011.5.220/composerxe-2011.5.220/compiler/lib/intel64" "-L/usr/lib64/gcc/x86_64-suse-linux/4.3" "-L/usr/lib64/gcc/x86_64-suse-linux/4.3/../../../../lib64" "-L/lib/../lib64" "-L/usr/lib/../lib64" "-L/sw/sgi/mpt/mpt-2.06/lib" "-L/sw/sdev/intel/composerxe-2011.5.220/composerxe-2011.5.220/compiler/lib/intel64" "-L/sw/sdev/intel/composerxe-2011.5.220/composerxe-2011.5.220/ipp/lib/intel64" "-L/sw/sdev/intel/composerxe-2011.5.220/composerxe-2011.5.220/mkl/lib/intel64" "-L/sw/sdev/intel/composerxe-2011.5.220/composerxe-2011.5.220/tbb/lib/intel64/cc4.1.0_libc2.4_kernel2.6.16.21" "-L/usr/lib64/gcc/x86_64-suse-linux/4.3/../../../../x86_64-suse-linux/lib" "-L/usr/lib64/gcc/x86_64-suse-linux/4.3/../../.." "-L/lib64" "-L/lib" "-L/usr/lib64" "-L/usr/lib" "-lmpi" "CMakeFiles/cmTC_50d57.dir/CMakeCCompilerABI.c.o" "-Bstatic" "-limf" "-lsvml" "-Bdynamic" "-lm" "-Bstatic" "-lipgo" "-ldecimal" "--as-needed" "-Bdynamic" "-lcilkrts" "-lstdc++" "--no-as-needed" "-lgcc_s" "-lgcc" "-Bstatic" "-lirc" "-Bdynamic" "-lc" "-lgcc_s" "-lgcc" "-Bstatic" "-lirc_s" "-Bdynamic" "-ldl" "-lc" "/usr/lib64/gcc/x86_64-suse-linux/4.3/crtend.o" "/usr/lib64/gcc/x86_64-suse-linux/4.3/../../../../lib64/crtn.o"" -mIPOPT_il_in_obj -mIPOPT_ipo_activate_warn=FALSE -mIPOPT_obj_output_file_name=/tmp/ipo_icczMKQo7.o -mGLOB_linker_version=2.23.1 -mGLOB_long_size_64 -mGLOB_routine_pointer_size_64 -mP3OPT_asm_target=P3OPT_ASM_TARGET_GAS -mGLOB_obj_output_file=/tmp/ipo_icczMKQo7.o -mP1OPT_source_file_name=ipo_out.c CMakeFiles/cmTC_50d57.dir/CMakeCCompilerABI.c.o -mIPOPT_object_files=/tmp/iccwiLpwzolis -mIPOPT_assembly_files=/tmp/iccxmF0D1alis -mIPOPT_generated_tempfiles=/tmp/iccMVwDLtelis -mIPOPT_embedded_object_base_name=/tmp/iccB5niTVeobj -mIPOPT_cmdline_link_new_name=/tmp/iccqN0Y0nllis
ld    /usr/lib64/gcc/x86_64-suse-linux/4.3/../../../../lib64/crt1.o /usr/lib64/gcc/x86_64-suse-linux/4.3/../../../../lib64/crti.o /usr/lib64/gcc/x86_64-suse-linux/4.3/crtbegin.o -export-dynamic --eh-frame-hdr -dynamic-linker /lib64/ld-linux-x86-64.so.2 -L/sw/sgi/mpt/mpt-2.06/lib -o cmTC_50d57 -L/sw/sgi/mpt/mpt-2.06/lib -L/sw/sdev/intel/composerxe-2011.5.220/composerxe-2011.5.220/compiler/lib/intel64 -L/sw/sdev/intel/composerxe-2011.5.220/composerxe-2011.5.220/ipp/lib/intel64 -L/sw/sdev/intel/composerxe-2011.5.220/composerxe-2011.5.220/compiler/lib/intel64 -L/sw/sdev/intel/composerxe-2011.5.220/composerxe-2011.5.220/mkl/lib/intel64 -L/sw/sdev/intel/composerxe-2011.5.220/composerxe-2011.5.220/tbb/lib/intel64/cc4.1.0_libc2.4_kernel2.6.16.21 -L/home/sw/sdev/intel/composerxe-2011.5.220/composerxe-2011.5.220/compiler/lib/intel64 -L/usr/lib64/gcc/x86_64-suse-linux/4.3 -L/usr/lib64/gcc/x86_64-suse-linux/4.3/../../../../lib64 -L/lib/../lib64 -L/usr/lib/../lib64 -L/sw/sgi/mpt/mpt-2.06/lib -L/sw/sdev/intel/composerxe-2011.5.220/composerxe-2011.5.220/compiler/lib/intel64 -L/sw/sdev/intel/composerxe-2011.5.220/composerxe-2011.5.220/ipp/lib/intel64 -L/sw/sdev/intel/composerxe-2011.5.220/composerxe-2011.5.220/mkl/lib/intel64 -L/sw/sdev/intel/composerxe-2011.5.220/composerxe-2011.5.220/tbb/lib/intel64/cc4.1.0_libc2.4_kernel2.6.16.21 -L/usr/lib64/gcc/x86_64-suse-linux/4.3/../../../../x86_64-suse-linux/lib -L/usr/lib64/gcc/x86_64-suse-linux/4.3/../../.. -L/lib64 -L/lib -L/usr/lib64 -L/usr/lib -lmpi CMakeFiles/cmTC_50d57.dir/CMakeCCompilerABI.c.o -Bstatic -limf -lsvml -Bdynamic -lm -Bstatic -lipgo -ldecimal --as-needed -Bdynamic -lcilkrts -lstdc++ --no-as-needed -lgcc_s -lgcc -Bstatic -lirc -Bdynamic -lc -lgcc_s -lgcc -Bstatic -lirc_s -Bdynamic -ldl -lc /usr/lib64/gcc/x86_64-suse-linux/4.3/crtend.o /usr/lib64/gcc/x86_64-suse-linux/4.3/../../../../lib64/crtn.o
rm /tmp/iccvynKadlibgcc

rm /tmp/iccQDTjhFgnudirs

rm /tmp/iccwiLpwzolis

rm /tmp/iccxmF0D1alis

rm /tmp/iccMVwDLtelis

rm /tmp/iccqN0Y0nllis

rm /tmp/iccVynH8Pslis

rm /tmp/iccmyKrgiscript

rm /tmp/ipo_icczMKQo7.o

rm /tmp/iccpF9doKgas

rm /tmp/icca197xcas_.s

rm /tmp/iccnfy5HEldashv

rm /tmp/icciEM2T6gnudirs

rm /tmp/iccvfy46yldashv

rm /tmp/iccs1GHl1arg

gmake[1]: Leaving directory `/home/ntnu/pranavm/TMA4280/Project2/Parallel/build/CMakeFiles/CMakeTmp'


Parsed C implicit link information from above output:
  link line regex: [^( *|.*[/\])(ld|([^/\]+-)?ld|collect2)[^/\]*( |$)]
  ignore line: [Change Dir: /home/ntnu/pranavm/TMA4280/Project2/Parallel/build/CMakeFiles/CMakeTmp]
  ignore line: []
  ignore line: [Run Build Command:"/usr/bin/gmake" "cmTC_50d57/fast"]
  ignore line: [/usr/bin/gmake -f CMakeFiles/cmTC_50d57.dir/build.make CMakeFiles/cmTC_50d57.dir/build]
  ignore line: [gmake[1]: Entering directory `/home/ntnu/pranavm/TMA4280/Project2/Parallel/build/CMakeFiles/CMakeTmp']
  ignore line: [Building C object CMakeFiles/cmTC_50d57.dir/CMakeCCompilerABI.c.o]
  ignore line: [/sw/sgi/mpt/mpt-2.06/bin/mpicc     -o CMakeFiles/cmTC_50d57.dir/CMakeCCompilerABI.c.o   -c /home/sw/sdev/Modules/cmake/cmake-3.4.3/share/cmake-3.4/Modules/CMakeCCompilerABI.c]
  ignore line: [Linking C executable cmTC_50d57]
  ignore line: [/home/sw/sdev/Modules/cmake/cmake-3.4.3/bin/cmake -E cmake_link_script CMakeFiles/cmTC_50d57.dir/link.txt --verbose=1]
  ignore line: [/sw/sgi/mpt/mpt-2.06/bin/mpicc      -v CMakeFiles/cmTC_50d57.dir/CMakeCCompilerABI.c.o  -o cmTC_50d57 -rdynamic  ]
  ignore line: [Version 12.0.5]
  ignore line: [/home/sw/sdev/intel/composerxe-2011.5.220/composerxe-2011.5.220/bin/intel64/mcpcom    -mP1OPT_version=12.0-intel64 -mGLOB_diag_file=CMakeFiles/cmTC_50d57.dir/CMakeCCompilerABI.c.diag -mP1OPT_print_version=FALSE -mCG_use_gas_got_workaround=F -mP2OPT_align_option_used=TRUE -mGLOB_gcc_version=430 "-mGLOB_options_string=-I/sw/sgi/mpt/mpt-2.06/include -L/sw/sgi/mpt/mpt-2.06/lib -lmpi -v -o cmTC_50d57 -rdynamic" -mGLOB_cxx_limited_range=FALSE -mGLOB_as_output_backup_file_name=/tmp/icca197xcas_.s -mIPOPT_activate -mGLOB_machine_model=GLOB_MACHINE_MODEL_EFI2 -mGLOB_product_id_code=0x22001ef4 -mP3OPT_use_mspp_call_convention -mPGOPTI_value_profile_use=T -mP2OPT_il0_array_sections=TRUE -mP2OPT_hlo -mP2OPT_hpo_rtt_control=0 -mIPOPT_args_in_regs=0 -mGLOB_imf_mapping_library=/home/sw/sdev/intel/composerxe-2011.5.220/composerxe-2011.5.220/bin/intel64/libiml_attr.so -mIPOPT_link -mIPOPT_ipo_activate -mIPOPT_mo_activate -mIPOPT_source_files_list=/tmp/iccVynH8Pslis -mIPOPT_mo_global_data -mIPOPT_link_script_file=/tmp/iccmyKrgiscript -mIPOPT_link_version=2.23.1 "-mIPOPT_cmdline_link="/usr/lib64/gcc/x86_64-suse-linux/4.3/../../../../lib64/crt1.o" "/usr/lib64/gcc/x86_64-suse-linux/4.3/../../../../lib64/crti.o" "/usr/lib64/gcc/x86_64-suse-linux/4.3/crtbegin.o" "-export-dynamic" "--eh-frame-hdr" "-dynamic-linker" "/lib64/ld-linux-x86-64.so.2" "-L/sw/sgi/mpt/mpt-2.06/lib" "-o" "cmTC_50d57" "-L/sw/sgi/mpt/mpt-2.06/lib" "-L/sw/sdev/intel/composerxe-2011.5.220/composerxe-2011.5.220/compiler/lib/intel64" "-L/sw/sdev/intel/composerxe-2011.5.220/composerxe-2011.5.220/ipp/lib/intel64" "-L/sw/sdev/intel/composerxe-2011.5.220/composerxe-2011.5.220/compiler/lib/intel64" "-L/sw/sdev/intel/composerxe-2011.5.220/composerxe-2011.5.220/mkl/lib/intel64" "-L/sw/sdev/intel/composerxe-2011.5.220/composerxe-2011.5.220/tbb/lib/intel64/cc4.1.0_libc2.4_kernel2.6.16.21" "-L/home/sw/sdev/intel/composerxe-2011.5.220/composerxe-2011.5.220/compiler/lib/intel64" "-L/usr/lib64/gcc/x86_64-suse-linux/4.3" "-L/usr/lib64/gcc/x86_64-suse-linux/4.3/../../../../lib64" "-L/lib/../lib64" "-L/usr/lib/../lib64" "-L/sw/sgi/mpt/mpt-2.06/lib" "-L/sw/sdev/intel/composerxe-2011.5.220/composerxe-2011.5.220/compiler/lib/intel64" "-L/sw/sdev/intel/composerxe-2011.5.220/composerxe-2011.5.220/ipp/lib/intel64" "-L/sw/sdev/intel/composerxe-2011.5.220/composerxe-2011.5.220/mkl/lib/intel64" "-L/sw/sdev/intel/composerxe-2011.5.220/composerxe-2011.5.220/tbb/lib/intel64/cc4.1.0_libc2.4_kernel2.6.16.21" "-L/usr/lib64/gcc/x86_64-suse-linux/4.3/../../../../x86_64-suse-linux/lib" "-L/usr/lib64/gcc/x86_64-suse-linux/4.3/../../.." "-L/lib64" "-L/lib" "-L/usr/lib64" "-L/usr/lib" "-lmpi" "CMakeFiles/cmTC_50d57.dir/CMakeCCompilerABI.c.o" "-Bstatic" "-limf" "-lsvml" "-Bdynamic" "-lm" "-Bstatic" "-lipgo" "-ldecimal" "--as-needed" "-Bdynamic" "-lcilkrts" "-lstdc++" "--no-as-needed" "-lgcc_s" "-lgcc" "-Bstatic" "-lirc" "-Bdynamic" "-lc" "-lgcc_s" "-lgcc" "-Bstatic" "-lirc_s" "-Bdynamic" "-ldl" "-lc" "/usr/lib64/gcc/x86_64-suse-linux/4.3/crtend.o" "/usr/lib64/gcc/x86_64-suse-linux/4.3/../../../../lib64/crtn.o"" -mIPOPT_il_in_obj -mIPOPT_ipo_activate_warn=FALSE -mIPOPT_obj_output_file_name=/tmp/ipo_icczMKQo7.o -mGLOB_linker_version=2.23.1 -mGLOB_long_size_64 -mGLOB_routine_pointer_size_64 -mP3OPT_asm_target=P3OPT_ASM_TARGET_GAS -mGLOB_obj_output_file=/tmp/ipo_icczMKQo7.o -mP1OPT_source_file_name=ipo_out.c CMakeFiles/cmTC_50d57.dir/CMakeCCompilerABI.c.o -mIPOPT_object_files=/tmp/iccwiLpwzolis -mIPOPT_assembly_files=/tmp/iccxmF0D1alis -mIPOPT_generated_tempfiles=/tmp/iccMVwDLtelis -mIPOPT_embedded_object_base_name=/tmp/iccB5niTVeobj -mIPOPT_cmdline_link_new_name=/tmp/iccqN0Y0nllis]
  link line: [ld    /usr/lib64/gcc/x86_64-suse-linux/4.3/../../../../lib64/crt1.o /usr/lib64/gcc/x86_64-suse-linux/4.3/../../../../lib64/crti.o /usr/lib64/gcc/x86_64-suse-linux/4.3/crtbegin.o -export-dynamic --eh-frame-hdr -dynamic-linker /lib64/ld-linux-x86-64.so.2 -L/sw/sgi/mpt/mpt-2.06/lib -o cmTC_50d57 -L/sw/sgi/mpt/mpt-2.06/lib -L/sw/sdev/intel/composerxe-2011.5.220/composerxe-2011.5.220/compiler/lib/intel64 -L/sw/sdev/intel/composerxe-2011.5.220/composerxe-2011.5.220/ipp/lib/intel64 -L/sw/sdev/intel/composerxe-2011.5.220/composerxe-2011.5.220/compiler/lib/intel64 -L/sw/sdev/intel/composerxe-2011.5.220/composerxe-2011.5.220/mkl/lib/intel64 -L/sw/sdev/intel/composerxe-2011.5.220/composerxe-2011.5.220/tbb/lib/intel64/cc4.1.0_libc2.4_kernel2.6.16.21 -L/home/sw/sdev/intel/composerxe-2011.5.220/composerxe-2011.5.220/compiler/lib/intel64 -L/usr/lib64/gcc/x86_64-suse-linux/4.3 -L/usr/lib64/gcc/x86_64-suse-linux/4.3/../../../../lib64 -L/lib/../lib64 -L/usr/lib/../lib64 -L/sw/sgi/mpt/mpt-2.06/lib -L/sw/sdev/intel/composerxe-2011.5.220/composerxe-2011.5.220/compiler/lib/intel64 -L/sw/sdev/intel/composerxe-2011.5.220/composerxe-2011.5.220/ipp/lib/intel64 -L/sw/sdev/intel/composerxe-2011.5.220/composerxe-2011.5.220/mkl/lib/intel64 -L/sw/sdev/intel/composerxe-2011.5.220/composerxe-2011.5.220/tbb/lib/intel64/cc4.1.0_libc2.4_kernel2.6.16.21 -L/usr/lib64/gcc/x86_64-suse-linux/4.3/../../../../x86_64-suse-linux/lib -L/usr/lib64/gcc/x86_64-suse-linux/4.3/../../.. -L/lib64 -L/lib -L/usr/lib64 -L/usr/lib -lmpi CMakeFiles/cmTC_50d57.dir/CMakeCCompilerABI.c.o -Bstatic -limf -lsvml -Bdynamic -lm -Bstatic -lipgo -ldecimal --as-needed -Bdynamic -lcilkrts -lstdc++ --no-as-needed -lgcc_s -lgcc -Bstatic -lirc -Bdynamic -lc -lgcc_s -lgcc -Bstatic -lirc_s -Bdynamic -ldl -lc /usr/lib64/gcc/x86_64-suse-linux/4.3/crtend.o /usr/lib64/gcc/x86_64-suse-linux/4.3/../../../../lib64/crtn.o]
    arg [ld] ==> ignore
    arg [/usr/lib64/gcc/x86_64-suse-linux/4.3/../../../../lib64/crt1.o] ==> ignore
    arg [/usr/lib64/gcc/x86_64-suse-linux/4.3/../../../../lib64/crti.o] ==> ignore
    arg [/usr/lib64/gcc/x86_64-suse-linux/4.3/crtbegin.o] ==> ignore
    arg [-export-dynamic] ==> ignore
    arg [--eh-frame-hdr] ==> ignore
    arg [-dynamic-linker] ==> ignore
    arg [/lib64/ld-linux-x86-64.so.2] ==> ignore
    arg [-L/sw/sgi/mpt/mpt-2.06/lib] ==> dir [/sw/sgi/mpt/mpt-2.06/lib]
    arg [-o] ==> ignore
    arg [cmTC_50d57] ==> ignore
    arg [-L/sw/sgi/mpt/mpt-2.06/lib] ==> dir [/sw/sgi/mpt/mpt-2.06/lib]
    arg [-L/sw/sdev/intel/composerxe-2011.5.220/composerxe-2011.5.220/compiler/lib/intel64] ==> dir [/sw/sdev/intel/composerxe-2011.5.220/composerxe-2011.5.220/compiler/lib/intel64]
    arg [-L/sw/sdev/intel/composerxe-2011.5.220/composerxe-2011.5.220/ipp/lib/intel64] ==> dir [/sw/sdev/intel/composerxe-2011.5.220/composerxe-2011.5.220/ipp/lib/intel64]
    arg [-L/sw/sdev/intel/composerxe-2011.5.220/composerxe-2011.5.220/compiler/lib/intel64] ==> dir [/sw/sdev/intel/composerxe-2011.5.220/composerxe-2011.5.220/compiler/lib/intel64]
    arg [-L/sw/sdev/intel/composerxe-2011.5.220/composerxe-2011.5.220/mkl/lib/intel64] ==> dir [/sw/sdev/intel/composerxe-2011.5.220/composerxe-2011.5.220/mkl/lib/intel64]
    arg [-L/sw/sdev/intel/composerxe-2011.5.220/composerxe-2011.5.220/tbb/lib/intel64/cc4.1.0_libc2.4_kernel2.6.16.21] ==> dir [/sw/sdev/intel/composerxe-2011.5.220/composerxe-2011.5.220/tbb/lib/intel64/cc4.1.0_libc2.4_kernel2.6.16.21]
    arg [-L/home/sw/sdev/intel/composerxe-2011.5.220/composerxe-2011.5.220/compiler/lib/intel64] ==> dir [/home/sw/sdev/intel/composerxe-2011.5.220/composerxe-2011.5.220/compiler/lib/intel64]
    arg [-L/usr/lib64/gcc/x86_64-suse-linux/4.3] ==> dir [/usr/lib64/gcc/x86_64-suse-linux/4.3]
    arg [-L/usr/lib64/gcc/x86_64-suse-linux/4.3/../../../../lib64] ==> dir [/usr/lib64/gcc/x86_64-suse-linux/4.3/../../../../lib64]
    arg [-L/lib/../lib64] ==> dir [/lib/../lib64]
    arg [-L/usr/lib/../lib64] ==> dir [/usr/lib/../lib64]
    arg [-L/sw/sgi/mpt/mpt-2.06/lib] ==> dir [/sw/sgi/mpt/mpt-2.06/lib]
    arg [-L/sw/sdev/intel/composerxe-2011.5.220/composerxe-2011.5.220/compiler/lib/intel64] ==> dir [/sw/sdev/intel/composerxe-2011.5.220/composerxe-2011.5.220/compiler/lib/intel64]
    arg [-L/sw/sdev/intel/composerxe-2011.5.220/composerxe-2011.5.220/ipp/lib/intel64] ==> dir [/sw/sdev/intel/composerxe-2011.5.220/composerxe-2011.5.220/ipp/lib/intel64]
    arg [-L/sw/sdev/intel/composerxe-2011.5.220/composerxe-2011.5.220/mkl/lib/intel64] ==> dir [/sw/sdev/intel/composerxe-2011.5.220/composerxe-2011.5.220/mkl/lib/intel64]
    arg [-L/sw/sdev/intel/composerxe-2011.5.220/composerxe-2011.5.220/tbb/lib/intel64/cc4.1.0_libc2.4_kernel2.6.16.21] ==> dir [/sw/sdev/intel/composerxe-2011.5.220/composerxe-2011.5.220/tbb/lib/intel64/cc4.1.0_libc2.4_kernel2.6.16.21]
    arg [-L/usr/lib64/gcc/x86_64-suse-linux/4.3/../../../../x86_64-suse-linux/lib] ==> dir [/usr/lib64/gcc/x86_64-suse-linux/4.3/../../../../x86_64-suse-linux/lib]
    arg [-L/usr/lib64/gcc/x86_64-suse-linux/4.3/../../..] ==> dir [/usr/lib64/gcc/x86_64-suse-linux/4.3/../../..]
    arg [-L/lib64] ==> dir [/lib64]
    arg [-L/lib] ==> dir [/lib]
    arg [-L/usr/lib64] ==> dir [/usr/lib64]
    arg [-L/usr/lib] ==> dir [/usr/lib]
    arg [-lmpi] ==> lib [mpi]
    arg [CMakeFiles/cmTC_50d57.dir/CMakeCCompilerABI.c.o] ==> ignore
    arg [-Bstatic] ==> ignore
    arg [-limf] ==> lib [imf]
    arg [-lsvml] ==> lib [svml]
    arg [-Bdynamic] ==> ignore
    arg [-lm] ==> lib [m]
    arg [-Bstatic] ==> ignore
    arg [-lipgo] ==> lib [ipgo]
    arg [-ldecimal] ==> lib [decimal]
    arg [--as-needed] ==> ignore
    arg [-Bdynamic] ==> ignore
    arg [-lcilkrts] ==> lib [cilkrts]
    arg [-lstdc++] ==> lib [stdc++]
    arg [--no-as-needed] ==> ignore
    arg [-lgcc_s] ==> lib [gcc_s]
    arg [-lgcc] ==> lib [gcc]
    arg [-Bstatic] ==> ignore
    arg [-lirc] ==> lib [irc]
    arg [-Bdynamic] ==> ignore
    arg [-lc] ==> lib [c]
    arg [-lgcc_s] ==> lib [gcc_s]
    arg [-lgcc] ==> lib [gcc]
    arg [-Bstatic] ==> ignore
    arg [-lirc_s] ==> lib [irc_s]
    arg [-Bdynamic] ==> ignore
    arg [-ldl] ==> lib [dl]
    arg [-lc] ==> lib [c]
    arg [/usr/lib64/gcc/x86_64-suse-linux/4.3/crtend.o] ==> ignore
    arg [/usr/lib64/gcc/x86_64-suse-linux/4.3/../../../../lib64/crtn.o] ==> ignore
  remove lib [gcc_s]
  remove lib [gcc]
  remove lib [gcc_s]
  remove lib [gcc]
  collapse library dir [/sw/sgi/mpt/mpt-2.06/lib] ==> [/sw/sgi/mpt/mpt-2.06/lib]
  collapse library dir [/sw/sgi/mpt/mpt-2.06/lib] ==> [/sw/sgi/mpt/mpt-2.06/lib]
  collapse library dir [/sw/sdev/intel/composerxe-2011.5.220/composerxe-2011.5.220/compiler/lib/intel64] ==> [/sw/sdev/intel/composerxe-2011.5.220/composerxe-2011.5.220/compiler/lib/intel64]
  collapse library dir [/sw/sdev/intel/composerxe-2011.5.220/composerxe-2011.5.220/ipp/lib/intel64] ==> [/sw/sdev/intel/composerxe-2011.5.220/composerxe-2011.5.220/ipp/lib/intel64]
  collapse library dir [/sw/sdev/intel/composerxe-2011.5.220/composerxe-2011.5.220/compiler/lib/intel64] ==> [/sw/sdev/intel/composerxe-2011.5.220/composerxe-2011.5.220/compiler/lib/intel64]
  collapse library dir [/sw/sdev/intel/composerxe-2011.5.220/composerxe-2011.5.220/mkl/lib/intel64] ==> [/sw/sdev/intel/composerxe-2011.5.220/composerxe-2011.5.220/mkl/lib/intel64]
  collapse library dir [/sw/sdev/intel/composerxe-2011.5.220/composerxe-2011.5.220/tbb/lib/intel64/cc4.1.0_libc2.4_kernel2.6.16.21] ==> [/sw/sdev/intel/composerxe-2011.5.220/composerxe-2011.5.220/tbb/lib/intel64/cc4.1.0_libc2.4_kernel2.6.16.21]
  collapse library dir [/home/sw/sdev/intel/composerxe-2011.5.220/composerxe-2011.5.220/compiler/lib/intel64] ==> [/home/sw/sdev/intel/composerxe-2011.5.220/composerxe-2011.5.220/compiler/lib/intel64]
  collapse library dir [/usr/lib64/gcc/x86_64-suse-linux/4.3] ==> [/usr/lib64/gcc/x86_64-suse-linux/4.3]
  collapse library dir [/usr/lib64/gcc/x86_64-suse-linux/4.3/../../../../lib64] ==> [/usr/lib64]
  collapse library dir [/lib/../lib64] ==> [/lib64]
  collapse library dir [/usr/lib/../lib64] ==> [/usr/lib64]
  collapse library dir [/sw/sgi/mpt/mpt-2.06/lib] ==> [/sw/sgi/mpt/mpt-2.06/lib]
  collapse library dir [/sw/sdev/intel/composerxe-2011.5.220/composerxe-2011.5.220/compiler/lib/intel64] ==> [/sw/sdev/intel/composerxe-2011.5.220/composerxe-2011.5.220/compiler/lib/intel64]
  collapse library dir [/sw/sdev/intel/composerxe-2011.5.220/composerxe-2011.5.220/ipp/lib/intel64] ==> [/sw/sdev/intel/composerxe-2011.5.220/composerxe-2011.5.220/ipp/lib/intel64]
  collapse library dir [/sw/sdev/intel/composerxe-2011.5.220/composerxe-2011.5.220/mkl/lib/intel64] ==> [/sw/sdev/intel/composerxe-2011.5.220/composerxe-2011.5.220/mkl/lib/intel64]
  collapse library dir [/sw/sdev/intel/composerxe-2011.5.220/composerxe-2011.5.220/tbb/lib/intel64/cc4.1.0_libc2.4_kernel2.6.16.21] ==> [/sw/sdev/intel/composerxe-2011.5.220/composerxe-2011.5.220/tbb/lib/intel64/cc4.1.0_libc2.4_kernel2.6.16.21]
  collapse library dir [/usr/lib64/gcc/x86_64-suse-linux/4.3/../../../../x86_64-suse-linux/lib] ==> [/usr/x86_64-suse-linux/lib]
  collapse library dir [/usr/lib64/gcc/x86_64-suse-linux/4.3/../../..] ==> [/usr/lib64]
  collapse library dir [/lib64] ==> [/lib64]
  collapse library dir [/lib] ==> [/lib]
  collapse library dir [/usr/lib64] ==> [/usr/lib64]
  collapse library dir [/usr/lib] ==> [/usr/lib]
  implicit libs: [mpi;imf;svml;m;ipgo;decimal;cilkrts;stdc++;irc;c;irc_s;dl;c]
  implicit dirs: [/sw/sgi/mpt/mpt-2.06/lib;/sw/sdev/intel/composerxe-2011.5.220/composerxe-2011.5.220/compiler/lib/intel64;/sw/sdev/intel/composerxe-2011.5.220/composerxe-2011.5.220/ipp/lib/intel64;/sw/sdev/intel/composerxe-2011.5.220/composerxe-2011.5.220/mkl/lib/intel64;/sw/sdev/intel/composerxe-2011.5.220/composerxe-2011.5.220/tbb/lib/intel64/cc4.1.0_libc2.4_kernel2.6.16.21;/home/sw/sdev/intel/composerxe-2011.5.220/composerxe-2011.5.220/compiler/lib/intel64;/usr/lib64/gcc/x86_64-suse-linux/4.3;/usr/lib64;/lib64;/usr/x86_64-suse-linux/lib;/lib;/usr/lib]
  implicit fwks: []


Determining if the CXX compiler works passed with the following output:
Change Dir: /home/ntnu/pranavm/TMA4280/Project2/Parallel/build/CMakeFiles/CMakeTmp

Run Build Command:"/usr/bin/gmake" "cmTC_1c0a8/fast"
/usr/bin/gmake -f CMakeFiles/cmTC_1c0a8.dir/build.make CMakeFiles/cmTC_1c0a8.dir/build
gmake[1]: Entering directory `/home/ntnu/pranavm/TMA4280/Project2/Parallel/build/CMakeFiles/CMakeTmp'
Building CXX object CMakeFiles/cmTC_1c0a8.dir/testCXXCompiler.cxx.o
/usr/bin/c++      -o CMakeFiles/cmTC_1c0a8.dir/testCXXCompiler.cxx.o -c /home/ntnu/pranavm/TMA4280/Project2/Parallel/build/CMakeFiles/CMakeTmp/testCXXCompiler.cxx
Linking CXX executable cmTC_1c0a8
/home/sw/sdev/Modules/cmake/cmake-3.4.3/bin/cmake -E cmake_link_script CMakeFiles/cmTC_1c0a8.dir/link.txt --verbose=1
/usr/bin/c++        CMakeFiles/cmTC_1c0a8.dir/testCXXCompiler.cxx.o  -o cmTC_1c0a8 -rdynamic 
gmake[1]: Leaving directory `/home/ntnu/pranavm/TMA4280/Project2/Parallel/build/CMakeFiles/CMakeTmp'


Detecting CXX compiler ABI info compiled with the following output:
Change Dir: /home/ntnu/pranavm/TMA4280/Project2/Parallel/build/CMakeFiles/CMakeTmp

Run Build Command:"/usr/bin/gmake" "cmTC_6dc2e/fast"
/usr/bin/gmake -f CMakeFiles/cmTC_6dc2e.dir/build.make CMakeFiles/cmTC_6dc2e.dir/build
gmake[1]: Entering directory `/home/ntnu/pranavm/TMA4280/Project2/Parallel/build/CMakeFiles/CMakeTmp'
Building CXX object CMakeFiles/cmTC_6dc2e.dir/CMakeCXXCompilerABI.cpp.o
/usr/bin/c++      -o CMakeFiles/cmTC_6dc2e.dir/CMakeCXXCompilerABI.cpp.o -c /home/sw/sdev/Modules/cmake/cmake-3.4.3/share/cmake-3.4/Modules/CMakeCXXCompilerABI.cpp
Linking CXX executable cmTC_6dc2e
/home/sw/sdev/Modules/cmake/cmake-3.4.3/bin/cmake -E cmake_link_script CMakeFiles/cmTC_6dc2e.dir/link.txt --verbose=1
/usr/bin/c++       -v CMakeFiles/cmTC_6dc2e.dir/CMakeCXXCompilerABI.cpp.o  -o cmTC_6dc2e -rdynamic  
Using built-in specs.
Target: x86_64-suse-linux
Configured with: ../configure --prefix=/usr --infodir=/usr/share/info --mandir=/usr/share/man --libdir=/usr/lib64 --libexecdir=/usr/lib64 --enable-languages=c,c++,objc,fortran,obj-c++,java,ada --enable-checking=release --with-gxx-include-dir=/usr/include/c++/4.3 --enable-ssp --disable-libssp --with-bugurl=http://bugs.opensuse.org/ --with-pkgversion='SUSE Linux' --disable-libgcj --disable-libmudflap --with-slibdir=/lib64 --with-system-zlib --enable-__cxa_atexit --enable-libstdcxx-allocator=new --disable-libstdcxx-pch --enable-version-specific-runtime-libs --program-suffix=-4.3 --enable-linux-futex --without-system-libunwind --with-cpu=generic --build=x86_64-suse-linux
Thread model: posix
gcc version 4.3.4 [gcc-4_3-branch revision 152973] (SUSE Linux) 
COMPILER_PATH=/usr/lib64/gcc/x86_64-suse-linux/4.3/:/usr/lib64/gcc/x86_64-suse-linux/4.3/:/usr/lib64/gcc/x86_64-suse-linux/:/usr/lib64/gcc/x86_64-suse-linux/4.3/:/usr/lib64/gcc/x86_64-suse-linux/:/usr/lib64/gcc/x86_64-suse-linux/4.3/../../../../x86_64-suse-linux/bin/
LIBRARY_PATH=/usr/lib64/gcc/x86_64-suse-linux/4.3/:/usr/lib64/gcc/x86_64-suse-linux/4.3/../../../../lib64/:/lib/../lib64/:/usr/lib/../lib64/:/sw/sgi/mpt/mpt-2.06/lib/:/sw/sdev/intel/composerxe-2011.5.220/composerxe-2011.5.220/compiler/lib/intel64/:/sw/sdev/intel/composerxe-2011.5.220/composerxe-2011.5.220/ipp/lib/intel64/:/sw/sdev/intel/composerxe-2011.5.220/composerxe-2011.5.220/compiler/lib/intel64/:/sw/sdev/intel/composerxe-2011.5.220/composerxe-2011.5.220/mkl/lib/intel64/:/sw/sdev/intel/composerxe-2011.5.220/composerxe-2011.5.220/tbb/lib/intel64/cc4.1.0_libc2.4_kernel2.6.16.21/:/usr/lib64/gcc/x86_64-suse-linux/4.3/../../../../x86_64-suse-linux/lib/:/usr/lib64/gcc/x86_64-suse-linux/4.3/../../../:/lib/:/usr/lib/
COLLECT_GCC_OPTIONS='-v' '-o' 'cmTC_6dc2e' '-rdynamic' '-shared-libgcc' '-mtune=generic'
 /usr/lib64/gcc/x86_64-suse-linux/4.3/collect2 --build-id --eh-frame-hdr -m elf_x86_64 -export-dynamic -dynamic-linker /lib64/ld-linux-x86-64.so.2 -o cmTC_6dc2e /usr/lib64/gcc/x86_64-suse-linux/4.3/../../../../lib64/crt1.o /usr/lib64/gcc/x86_64-suse-linux/4.3/../../../../lib64/crti.o /usr/lib64/gcc/x86_64-suse-linux/4.3/crtbegin.o -L/usr/lib64/gcc/x86_64-suse-linux/4.3 -L/usr/lib64/gcc/x86_64-suse-linux/4.3/../../../../lib64 -L/lib/../lib64 -L/usr/lib/../lib64 -L/sw/sgi/mpt/mpt-2.06/lib -L/sw/sdev/intel/composerxe-2011.5.220/composerxe-2011.5.220/compiler/lib/intel64 -L/sw/sdev/intel/composerxe-2011.5.220/composerxe-2011.5.220/ipp/lib/intel64 -L/sw/sdev/intel/composerxe-2011.5.220/composerxe-2011.5.220/compiler/lib/intel64 -L/sw/sdev/intel/composerxe-2011.5.220/composerxe-2011.5.220/mkl/lib/intel64 -L/sw/sdev/intel/composerxe-2011.5.220/composerxe-2011.5.220/tbb/lib/intel64/cc4.1.0_libc2.4_kernel2.6.16.21 -L/usr/lib64/gcc/x86_64-suse-linux/4.3/../../../../x86_64-suse-linux/lib -L/usr/lib64/gcc/x86_64-suse-linux/4.3/../../.. CMakeFiles/cmTC_6dc2e.dir/CMakeCXXCompilerABI.cpp.o -lstdc++ -lm -lgcc_s -lgcc -lc -lgcc_s -lgcc /usr/lib64/gcc/x86_64-suse-linux/4.3/crtend.o /usr/lib64/gcc/x86_64-suse-linux/4.3/../../../../lib64/crtn.o
gmake[1]: Leaving directory `/home/ntnu/pranavm/TMA4280/Project2/Parallel/build/CMakeFiles/CMakeTmp'


Parsed CXX implicit link information from above output:
  link line regex: [^( *|.*[/\])(ld|([^/\]+-)?ld|collect2)[^/\]*( |$)]
  ignore line: [Change Dir: /home/ntnu/pranavm/TMA4280/Project2/Parallel/build/CMakeFiles/CMakeTmp]
  ignore line: []
  ignore line: [Run Build Command:"/usr/bin/gmake" "cmTC_6dc2e/fast"]
  ignore line: [/usr/bin/gmake -f CMakeFiles/cmTC_6dc2e.dir/build.make CMakeFiles/cmTC_6dc2e.dir/build]
  ignore line: [gmake[1]: Entering directory `/home/ntnu/pranavm/TMA4280/Project2/Parallel/build/CMakeFiles/CMakeTmp']
  ignore line: [Building CXX object CMakeFiles/cmTC_6dc2e.dir/CMakeCXXCompilerABI.cpp.o]
  ignore line: [/usr/bin/c++      -o CMakeFiles/cmTC_6dc2e.dir/CMakeCXXCompilerABI.cpp.o -c /home/sw/sdev/Modules/cmake/cmake-3.4.3/share/cmake-3.4/Modules/CMakeCXXCompilerABI.cpp]
  ignore line: [Linking CXX executable cmTC_6dc2e]
  ignore line: [/home/sw/sdev/Modules/cmake/cmake-3.4.3/bin/cmake -E cmake_link_script CMakeFiles/cmTC_6dc2e.dir/link.txt --verbose=1]
  ignore line: [/usr/bin/c++       -v CMakeFiles/cmTC_6dc2e.dir/CMakeCXXCompilerABI.cpp.o  -o cmTC_6dc2e -rdynamic  ]
  ignore line: [Using built-in specs.]
  ignore line: [Target: x86_64-suse-linux]
  ignore line: [Configured with: ../configure --prefix=/usr --infodir=/usr/share/info --mandir=/usr/share/man --libdir=/usr/lib64 --libexecdir=/usr/lib64 --enable-languages=c,c++,objc,fortran,obj-c++,java,ada --enable-checking=release --with-gxx-include-dir=/usr/include/c++/4.3 --enable-ssp --disable-libssp --with-bugurl=http://bugs.opensuse.org/ --with-pkgversion='SUSE Linux' --disable-libgcj --disable-libmudflap --with-slibdir=/lib64 --with-system-zlib --enable-__cxa_atexit --enable-libstdcxx-allocator=new --disable-libstdcxx-pch --enable-version-specific-runtime-libs --program-suffix=-4.3 --enable-linux-futex --without-system-libunwind --with-cpu=generic --build=x86_64-suse-linux]
  ignore line: [Thread model: posix]
  ignore line: [gcc version 4.3.4 [gcc-4_3-branch revision 152973] (SUSE Linux) ]
  ignore line: [COMPILER_PATH=/usr/lib64/gcc/x86_64-suse-linux/4.3/:/usr/lib64/gcc/x86_64-suse-linux/4.3/:/usr/lib64/gcc/x86_64-suse-linux/:/usr/lib64/gcc/x86_64-suse-linux/4.3/:/usr/lib64/gcc/x86_64-suse-linux/:/usr/lib64/gcc/x86_64-suse-linux/4.3/../../../../x86_64-suse-linux/bin/]
  ignore line: [LIBRARY_PATH=/usr/lib64/gcc/x86_64-suse-linux/4.3/:/usr/lib64/gcc/x86_64-suse-linux/4.3/../../../../lib64/:/lib/../lib64/:/usr/lib/../lib64/:/sw/sgi/mpt/mpt-2.06/lib/:/sw/sdev/intel/composerxe-2011.5.220/composerxe-2011.5.220/compiler/lib/intel64/:/sw/sdev/intel/composerxe-2011.5.220/composerxe-2011.5.220/ipp/lib/intel64/:/sw/sdev/intel/composerxe-2011.5.220/composerxe-2011.5.220/compiler/lib/intel64/:/sw/sdev/intel/composerxe-2011.5.220/composerxe-2011.5.220/mkl/lib/intel64/:/sw/sdev/intel/composerxe-2011.5.220/composerxe-2011.5.220/tbb/lib/intel64/cc4.1.0_libc2.4_kernel2.6.16.21/:/usr/lib64/gcc/x86_64-suse-linux/4.3/../../../../x86_64-suse-linux/lib/:/usr/lib64/gcc/x86_64-suse-linux/4.3/../../../:/lib/:/usr/lib/]
  ignore line: [COLLECT_GCC_OPTIONS='-v' '-o' 'cmTC_6dc2e' '-rdynamic' '-shared-libgcc' '-mtune=generic']
  link line: [ /usr/lib64/gcc/x86_64-suse-linux/4.3/collect2 --build-id --eh-frame-hdr -m elf_x86_64 -export-dynamic -dynamic-linker /lib64/ld-linux-x86-64.so.2 -o cmTC_6dc2e /usr/lib64/gcc/x86_64-suse-linux/4.3/../../../../lib64/crt1.o /usr/lib64/gcc/x86_64-suse-linux/4.3/../../../../lib64/crti.o /usr/lib64/gcc/x86_64-suse-linux/4.3/crtbegin.o -L/usr/lib64/gcc/x86_64-suse-linux/4.3 -L/usr/lib64/gcc/x86_64-suse-linux/4.3/../../../../lib64 -L/lib/../lib64 -L/usr/lib/../lib64 -L/sw/sgi/mpt/mpt-2.06/lib -L/sw/sdev/intel/composerxe-2011.5.220/composerxe-2011.5.220/compiler/lib/intel64 -L/sw/sdev/intel/composerxe-2011.5.220/composerxe-2011.5.220/ipp/lib/intel64 -L/sw/sdev/intel/composerxe-2011.5.220/composerxe-2011.5.220/compiler/lib/intel64 -L/sw/sdev/intel/composerxe-2011.5.220/composerxe-2011.5.220/mkl/lib/intel64 -L/sw/sdev/intel/composerxe-2011.5.220/composerxe-2011.5.220/tbb/lib/intel64/cc4.1.0_libc2.4_kernel2.6.16.21 -L/usr/lib64/gcc/x86_64-suse-linux/4.3/../../../../x86_64-suse-linux/lib -L/usr/lib64/gcc/x86_64-suse-linux/4.3/../../.. CMakeFiles/cmTC_6dc2e.dir/CMakeCXXCompilerABI.cpp.o -lstdc++ -lm -lgcc_s -lgcc -lc -lgcc_s -lgcc /usr/lib64/gcc/x86_64-suse-linux/4.3/crtend.o /usr/lib64/gcc/x86_64-suse-linux/4.3/../../../../lib64/crtn.o]
    arg [/usr/lib64/gcc/x86_64-suse-linux/4.3/collect2] ==> ignore
    arg [--build-id] ==> ignore
    arg [--eh-frame-hdr] ==> ignore
    arg [-m] ==> ignore
    arg [elf_x86_64] ==> ignore
    arg [-export-dynamic] ==> ignore
    arg [-dynamic-linker] ==> ignore
    arg [/lib64/ld-linux-x86-64.so.2] ==> ignore
    arg [-o] ==> ignore
    arg [cmTC_6dc2e] ==> ignore
    arg [/usr/lib64/gcc/x86_64-suse-linux/4.3/../../../../lib64/crt1.o] ==> ignore
    arg [/usr/lib64/gcc/x86_64-suse-linux/4.3/../../../../lib64/crti.o] ==> ignore
    arg [/usr/lib64/gcc/x86_64-suse-linux/4.3/crtbegin.o] ==> ignore
    arg [-L/usr/lib64/gcc/x86_64-suse-linux/4.3] ==> dir [/usr/lib64/gcc/x86_64-suse-linux/4.3]
    arg [-L/usr/lib64/gcc/x86_64-suse-linux/4.3/../../../../lib64] ==> dir [/usr/lib64/gcc/x86_64-suse-linux/4.3/../../../../lib64]
    arg [-L/lib/../lib64] ==> dir [/lib/../lib64]
    arg [-L/usr/lib/../lib64] ==> dir [/usr/lib/../lib64]
    arg [-L/sw/sgi/mpt/mpt-2.06/lib] ==> dir [/sw/sgi/mpt/mpt-2.06/lib]
    arg [-L/sw/sdev/intel/composerxe-2011.5.220/composerxe-2011.5.220/compiler/lib/intel64] ==> dir [/sw/sdev/intel/composerxe-2011.5.220/composerxe-2011.5.220/compiler/lib/intel64]
    arg [-L/sw/sdev/intel/composerxe-2011.5.220/composerxe-2011.5.220/ipp/lib/intel64] ==> dir [/sw/sdev/intel/composerxe-2011.5.220/composerxe-2011.5.220/ipp/lib/intel64]
    arg [-L/sw/sdev/intel/composerxe-2011.5.220/composerxe-2011.5.220/compiler/lib/intel64] ==> dir [/sw/sdev/intel/composerxe-2011.5.220/composerxe-2011.5.220/compiler/lib/intel64]
    arg [-L/sw/sdev/intel/composerxe-2011.5.220/composerxe-2011.5.220/mkl/lib/intel64] ==> dir [/sw/sdev/intel/composerxe-2011.5.220/composerxe-2011.5.220/mkl/lib/intel64]
    arg [-L/sw/sdev/intel/composerxe-2011.5.220/composerxe-2011.5.220/tbb/lib/intel64/cc4.1.0_libc2.4_kernel2.6.16.21] ==> dir [/sw/sdev/intel/composerxe-2011.5.220/composerxe-2011.5.220/tbb/lib/intel64/cc4.1.0_libc2.4_kernel2.6.16.21]
    arg [-L/usr/lib64/gcc/x86_64-suse-linux/4.3/../../../../x86_64-suse-linux/lib] ==> dir [/usr/lib64/gcc/x86_64-suse-linux/4.3/../../../../x86_64-suse-linux/lib]
    arg [-L/usr/lib64/gcc/x86_64-suse-linux/4.3/../../..] ==> dir [/usr/lib64/gcc/x86_64-suse-linux/4.3/../../..]
    arg [CMakeFiles/cmTC_6dc2e.dir/CMakeCXXCompilerABI.cpp.o] ==> ignore
    arg [-lstdc++] ==> lib [stdc++]
    arg [-lm] ==> lib [m]
    arg [-lgcc_s] ==> lib [gcc_s]
    arg [-lgcc] ==> lib [gcc]
    arg [-lc] ==> lib [c]
    arg [-lgcc_s] ==> lib [gcc_s]
    arg [-lgcc] ==> lib [gcc]
    arg [/usr/lib64/gcc/x86_64-suse-linux/4.3/crtend.o] ==> ignore
    arg [/usr/lib64/gcc/x86_64-suse-linux/4.3/../../../../lib64/crtn.o] ==> ignore
  remove lib [gcc_s]
  remove lib [gcc]
  remove lib [gcc_s]
  remove lib [gcc]
  collapse library dir [/usr/lib64/gcc/x86_64-suse-linux/4.3] ==> [/usr/lib64/gcc/x86_64-suse-linux/4.3]
  collapse library dir [/usr/lib64/gcc/x86_64-suse-linux/4.3/../../../../lib64] ==> [/usr/lib64]
  collapse library dir [/lib/../lib64] ==> [/lib64]
  collapse library dir [/usr/lib/../lib64] ==> [/usr/lib64]
  collapse library dir [/sw/sgi/mpt/mpt-2.06/lib] ==> [/sw/sgi/mpt/mpt-2.06/lib]
  collapse library dir [/sw/sdev/intel/composerxe-2011.5.220/composerxe-2011.5.220/compiler/lib/intel64] ==> [/sw/sdev/intel/composerxe-2011.5.220/composerxe-2011.5.220/compiler/lib/intel64]
  collapse library dir [/sw/sdev/intel/composerxe-2011.5.220/composerxe-2011.5.220/ipp/lib/intel64] ==> [/sw/sdev/intel/composerxe-2011.5.220/composerxe-2011.5.220/ipp/lib/intel64]
  collapse library dir [/sw/sdev/intel/composerxe-2011.5.220/composerxe-2011.5.220/compiler/lib/intel64] ==> [/sw/sdev/intel/composerxe-2011.5.220/composerxe-2011.5.220/compiler/lib/intel64]
  collapse library dir [/sw/sdev/intel/composerxe-2011.5.220/composerxe-2011.5.220/mkl/lib/intel64] ==> [/sw/sdev/intel/composerxe-2011.5.220/composerxe-2011.5.220/mkl/lib/intel64]
  collapse library dir [/sw/sdev/intel/composerxe-2011.5.220/composerxe-2011.5.220/tbb/lib/intel64/cc4.1.0_libc2.4_kernel2.6.16.21] ==> [/sw/sdev/intel/composerxe-2011.5.220/composerxe-2011.5.220/tbb/lib/intel64/cc4.1.0_libc2.4_kernel2.6.16.21]
  collapse library dir [/usr/lib64/gcc/x86_64-suse-linux/4.3/../../../../x86_64-suse-linux/lib] ==> [/usr/x86_64-suse-linux/lib]
  collapse library dir [/usr/lib64/gcc/x86_64-suse-linux/4.3/../../..] ==> [/usr/lib64]
  implicit libs: [stdc++;m;c]
  implicit dirs: [/usr/lib64/gcc/x86_64-suse-linux/4.3;/usr/lib64;/lib64;/sw/sgi/mpt/mpt-2.06/lib;/sw/sdev/intel/composerxe-2011.5.220/composerxe-2011.5.220/compiler/lib/intel64;/sw/sdev/intel/composerxe-2011.5.220/composerxe-2011.5.220/ipp/lib/intel64;/sw/sdev/intel/composerxe-2011.5.220/composerxe-2011.5.220/mkl/lib/intel64;/sw/sdev/intel/composerxe-2011.5.220/composerxe-2011.5.220/tbb/lib/intel64/cc4.1.0_libc2.4_kernel2.6.16.21;/usr/x86_64-suse-linux/lib]
  implicit fwks: []


Compiling the Fortran compiler identification source file "CMakeFortranCompilerId.F" succeeded.
Compiler: /sw/sgi/mpt/mpt-2.06/bin/mpif90 
Build flags: 
Id flags: -v

The output was:
0
Version 12.0.5
/home/sw/sdev/intel/composerxe-2011.5.220/composerxe-2011.5.220/bin/intel64/fpp    -D__INTEL_COMPILER=1200 -D_MT -D__ELF__ -D__INTEL_COMPILER_BUILD_DATE=20110719 -D__PTRDIFF_TYPE__=long "-D__SIZE_TYPE__=unsigned long" -D__WCHAR_TYPE__=int "-D__WINT_TYPE__=unsigned int" "-D__INTMAX_TYPE__=long int" "-D__UINTMAX_TYPE__=long unsigned int" -D__LONG_MAX__=9223372036854775807L -D__SSE2__ -D__SSE__ -D__unix__ -D__unix -D__linux__ -D__linux -D__gnu_linux__ -Dunix -Dlinux -D__x86_64 -D__x86_64__ -I. -I/sw/sgi/mpt/mpt-2.06/include -I/sw/sgi/mpt/mpt-2.06/include -I/sw/sdev/intel/composerxe-2011.5.220/composerxe-2011.5.220/mkl/include -I/sw/sdev/intel/composerxe-2011.5.220/tbb/include -I/home/sw/sdev/intel/composerxe-2011.5.220/composerxe-2011.5.220/compiler/include/intel64 -I/home/sw/sdev/intel/composerxe-2011.5.220/composerxe-2011.5.220/compiler/include -I/usr/local/include -I/usr/include -I/usr/lib64/gcc/x86_64-suse-linux/4.3/include -I/usr/lib64/gcc/x86_64-suse-linux/4.3/include-fixed -fixed -4Ycpp -4Ncvf -f_com=yes CMakeFortranCompilerId.F /tmp/ifortEsR2Jo.i
/home/sw/sdev/intel/composerxe-2011.5.220/composerxe-2011.5.220/bin/intel64/fortcom    -D__INTEL_COMPILER=1200 -D_MT -D__SSE2__ -D__SSE__ -D__ELF__ -D__INTEL_COMPILER_BUILD_DATE=20110719 -D__unix__ -D__unix -D__linux__ -D__linux -D__gnu_linux__ -Dunix -Dlinux -D__x86_64 -D__x86_64__ -mGLOB_pack_sort_init_list -I. -I/sw/sgi/mpt/mpt-2.06/include -I/sw/sgi/mpt/mpt-2.06/include -I/sw/sdev/intel/composerxe-2011.5.220/composerxe-2011.5.220/mkl/include -I/sw/sdev/intel/composerxe-2011.5.220/tbb/include -I/home/sw/sdev/intel/composerxe-2011.5.220/composerxe-2011.5.220/compiler/include/intel64 -I/home/sw/sdev/intel/composerxe-2011.5.220/composerxe-2011.5.220/compiler/include -I/usr/local/include -I/usr/include -I/usr/lib64/gcc/x86_64-suse-linux/4.3/include -I/usr/lib64/gcc/x86_64-suse-linux/4.3/include-fixed -O2 -simd -mP1OPT_version=12.0-intel64 -mGLOB_diag_file=/tmp/ifort1mCXUP.diag -mGLOB_source_language=GLOB_SOURCE_LANGUAGE_F90 -mGLOB_tune_for_fort -mGLOB_use_fort_dope_vector -mP2OPT_static_promotion -mP1OPT_print_version=FALSE -mCG_use_gas_got_workaround=F -mP2OPT_align_option_used=TRUE -mGLOB_gcc_version=430 "-mGLOB_options_string=-I/sw/sgi/mpt/mpt-2.06/include -L/sw/sgi/mpt/mpt-2.06/lib -lmpi -v" -mGLOB_cxx_limited_range=FALSE -mGLOB_as_output_backup_file_name=/tmp/ifortZ0dKi5as_.s -mIPOPT_activate -mIPOPT_lite -mGLOB_machine_model=GLOB_MACHINE_MODEL_EFI2 -mGLOB_product_id_code=0x22001ef2 -mGLOB_extended_instructions=0x8 -mP3OPT_use_mspp_call_convention -mP2OPT_subs_out_of_bound=FALSE -mGLOB_ansi_alias -mPGOPTI_value_profile_use=T -mP2OPT_il0_array_sections=TRUE -mP2OPT_hlo_level=2 -mP2OPT_hlo -mP2OPT_hpo_rtt_control=0 -mIPOPT_args_in_regs=0 -mGLOB_imf_mapping_library=/home/sw/sdev/intel/composerxe-2011.5.220/composerxe-2011.5.220/bin/intel64/libiml_attr.so -mIPOPT_obj_output_file_name=/tmp/ifort1mCXUP.o -mGLOB_linker_version=2.23.1 -mGLOB_long_size_64 -mGLOB_routine_pointer_size_64 -mP3OPT_asm_target=P3OPT_ASM_TARGET_GAS -mGLOB_obj_output_file=/tmp/ifort1mCXUP.o -mGLOB_source_dialect=GLOB_SOURCE_DIALECT_FORTRAN -mP1OPT_source_file_name=CMakeFortranCompilerId.F -mP2OPT_symtab_type_copy=true /tmp/ifortEsR2Jo.i
ld    /usr/lib64/gcc/x86_64-suse-linux/4.3/../../../../lib64/crt1.o /usr/lib64/gcc/x86_64-suse-linux/4.3/../../../../lib64/crti.o /usr/lib64/gcc/x86_64-suse-linux/4.3/crtbegin.o --eh-frame-hdr -dynamic-linker /lib64/ld-linux-x86-64.so.2 -L/sw/sgi/mpt/mpt-2.06/lib -o a.out /home/sw/sdev/intel/composerxe-2011.5.220/composerxe-2011.5.220/compiler/lib/intel64/for_main.o -L/sw/sgi/mpt/mpt-2.06/lib -L/sw/sdev/intel/composerxe-2011.5.220/composerxe-2011.5.220/compiler/lib/intel64 -L/sw/sdev/intel/composerxe-2011.5.220/composerxe-2011.5.220/ipp/lib/intel64 -L/sw/sdev/intel/composerxe-2011.5.220/composerxe-2011.5.220/compiler/lib/intel64 -L/sw/sdev/intel/composerxe-2011.5.220/composerxe-2011.5.220/mkl/lib/intel64 -L/sw/sdev/intel/composerxe-2011.5.220/composerxe-2011.5.220/tbb/lib/intel64/cc4.1.0_libc2.4_kernel2.6.16.21 -L/home/sw/sdev/intel/composerxe-2011.5.220/composerxe-2011.5.220/compiler/lib/intel64 -L/usr/lib64/gcc/x86_64-suse-linux/4.3 -L/usr/lib64/gcc/x86_64-suse-linux/4.3/../../../../lib64 -L/lib/../lib64 -L/usr/lib/../lib64 -L/sw/sgi/mpt/mpt-2.06/lib -L/sw/sdev/intel/composerxe-2011.5.220/composerxe-2011.5.220/compiler/lib/intel64 -L/sw/sdev/intel/composerxe-2011.5.220/composerxe-2011.5.220/ipp/lib/intel64 -L/sw/sdev/intel/composerxe-2011.5.220/composerxe-2011.5.220/mkl/lib/intel64 -L/sw/sdev/intel/composerxe-2011.5.220/composerxe-2011.5.220/tbb/lib/intel64/cc4.1.0_libc2.4_kernel2.6.16.21 -L/usr/lib64/gcc/x86_64-suse-linux/4.3/../../../../x86_64-suse-linux/lib -L/usr/lib64/gcc/x86_64-suse-linux/4.3/../../.. -L/lib64 -L/lib -L/usr/lib64 -L/usr/lib -lmpi /tmp/ifort1mCXUP.o -Bstatic -lifport -lifcore -limf -lsvml -Bdynamic -lm -Bstatic -lipgo -lirc -u __pthread_once -Bdynamic -lpthread -lc -lgcc_s -lgcc -Bstatic -lirc_s -Bdynamic -ldl -lc /usr/lib64/gcc/x86_64-suse-linux/4.3/crtend.o /usr/lib64/gcc/x86_64-suse-linux/4.3/../../../../lib64/crtn.o
rm /tmp/ifortl0bBhIlibgcc

rm /tmp/ifortoHDT5ggnudirs

rm /tmp/ifortEsR2Jo.i

rm /tmp/ifortH5xazXarg

rm /tmp/ifortcvi6pwgas

rm /tmp/ifortZ0dKi5as_.s

rm /tmp/ifortOZNpbEldashv

rm /tmp/ifort7T5s5carg

rm /tmp/ifortGqtUqMgnudirs

rm /tmp/ifort1mCXUP.o



Compilation of the Fortran compiler identification source "CMakeFortranCompilerId.F" produced "a.out"

The Fortran compiler identification is Intel, found in "/home/ntnu/pranavm/TMA4280/Project2/Parallel/build/CMakeFiles/3.4.3/CompilerIdFortran/a.out"

Determining if the Fortran compiler works passed with the following output:
Change Dir: /home/ntnu/pranavm/TMA4280/Project2/Parallel/build/CMakeFiles/CMakeTmp

Run Build Command:"/usr/bin/gmake" "cmTC_42754/fast"
/usr/bin/gmake -f CMakeFiles/cmTC_42754.dir/build.make CMakeFiles/cmTC_42754.dir/build
gmake[1]: Entering directory `/home/ntnu/pranavm/TMA4280/Project2/Parallel/build/CMakeFiles/CMakeTmp'
Building Fortran object CMakeFiles/cmTC_42754.dir/testFortranCompiler.f.o
/sw/sgi/mpt/mpt-2.06/bin/mpif90     -c /home/ntnu/pranavm/TMA4280/Project2/Parallel/build/CMakeFiles/CMakeTmp/testFortranCompiler.f -o CMakeFiles/cmTC_42754.dir/testFortranCompiler.f.o
Linking Fortran executable cmTC_42754
/home/sw/sdev/Modules/cmake/cmake-3.4.3/bin/cmake -E cmake_link_script CMakeFiles/cmTC_42754.dir/link.txt --verbose=1
/sw/sgi/mpt/mpt-2.06/bin/mpif90       CMakeFiles/cmTC_42754.dir/testFortranCompiler.f.o  -o cmTC_42754  
gmake[1]: Leaving directory `/home/ntnu/pranavm/TMA4280/Project2/Parallel/build/CMakeFiles/CMakeTmp'


Detecting Fortran compiler ABI info compiled with the following output:
Change Dir: /home/ntnu/pranavm/TMA4280/Project2/Parallel/build/CMakeFiles/CMakeTmp

Run Build Command:"/usr/bin/gmake" "cmTC_04f67/fast"
/usr/bin/gmake -f CMakeFiles/cmTC_04f67.dir/build.make CMakeFiles/cmTC_04f67.dir/build
gmake[1]: Entering directory `/home/ntnu/pranavm/TMA4280/Project2/Parallel/build/CMakeFiles/CMakeTmp'
Building Fortran object CMakeFiles/cmTC_04f67.dir/CMakeFortranCompilerABI.F.o
/sw/sgi/mpt/mpt-2.06/bin/mpif90     -c /home/sw/sdev/Modules/cmake/cmake-3.4.3/share/cmake-3.4/Modules/CMakeFortranCompilerABI.F -o CMakeFiles/cmTC_04f67.dir/CMakeFortranCompilerABI.F.o
Linking Fortran executable cmTC_04f67
/home/sw/sdev/Modules/cmake/cmake-3.4.3/bin/cmake -E cmake_link_script CMakeFiles/cmTC_04f67.dir/link.txt --verbose=1
/sw/sgi/mpt/mpt-2.06/bin/mpif90    -v   CMakeFiles/cmTC_04f67.dir/CMakeFortranCompilerABI.F.o  -o cmTC_04f67   
Version 12.0.5
/home/sw/sdev/intel/composerxe-2011.5.220/composerxe-2011.5.220/bin/intel64/fortcom    -mP1OPT_version=12.0-intel64 -mGLOB_diag_file=CMakeFiles/cmTC_04f67.dir/CMakeFortranCompilerABI.F.diag -mGLOB_source_language=GLOB_SOURCE_LANGUAGE_F90 -mGLOB_tune_for_fort -mGLOB_use_fort_dope_vector -mP2OPT_static_promotion -mP1OPT_print_version=FALSE -mCG_use_gas_got_workaround=F -mP2OPT_align_option_used=TRUE -mGLOB_gcc_version=430 "-mGLOB_options_string=-I/sw/sgi/mpt/mpt-2.06/include -L/sw/sgi/mpt/mpt-2.06/lib -lmpi -v -o cmTC_04f67" -mGLOB_cxx_limited_range=FALSE -mGLOB_as_output_backup_file_name=/tmp/ifortJ7VibBas_.s -mIPOPT_activate -mGLOB_machine_model=GLOB_MACHINE_MODEL_EFI2 -mGLOB_product_id_code=0x22001ef2 -mP3OPT_use_mspp_call_convention -mP2OPT_subs_out_of_bound=FALSE -mGLOB_ansi_alias -mPGOPTI_value_profile_use=T -mP2OPT_il0_array_sections=TRUE -mP2OPT_hlo -mP2OPT_hpo_rtt_control=0 -mIPOPT_args_in_regs=0 -mGLOB_imf_mapping_library=/home/sw/sdev/intel/composerxe-2011.5.220/composerxe-2011.5.220/bin/intel64/libiml_attr.so -mIPOPT_link -mIPOPT_ipo_activate -mIPOPT_mo_activate -mIPOPT_source_files_list=/tmp/ifort6KPtQuslis -mIPOPT_mo_global_data -mIPOPT_link_script_file=/tmp/ifortlChvhcscript -mIPOPT_link_version=2.23.1 "-mIPOPT_cmdline_link="/usr/lib64/gcc/x86_64-suse-linux/4.3/../../../../lib64/crt1.o" "/usr/lib64/gcc/x86_64-suse-linux/4.3/../../../../lib64/crti.o" "/usr/lib64/gcc/x86_64-suse-linux/4.3/crtbegin.o" "--eh-frame-hdr" "-dynamic-linker" "/lib64/ld-linux-x86-64.so.2" "-L/sw/sgi/mpt/mpt-2.06/lib" "-o" "cmTC_04f67" "/home/sw/sdev/intel/composerxe-2011.5.220/composerxe-2011.5.220/compiler/lib/intel64/for_main.o" "-L/sw/sgi/mpt/mpt-2.06/lib" "-L/sw/sdev/intel/composerxe-2011.5.220/composerxe-2011.5.220/compiler/lib/intel64" "-L/sw/sdev/intel/composerxe-2011.5.220/composerxe-2011.5.220/ipp/lib/intel64" "-L/sw/sdev/intel/composerxe-2011.5.220/composerxe-2011.5.220/compiler/lib/intel64" "-L/sw/sdev/intel/composerxe-2011.5.220/composerxe-2011.5.220/mkl/lib/intel64" "-L/sw/sdev/intel/composerxe-2011.5.220/composerxe-2011.5.220/tbb/lib/intel64/cc4.1.0_libc2.4_kernel2.6.16.21" "-L/home/sw/sdev/intel/composerxe-2011.5.220/composerxe-2011.5.220/compiler/lib/intel64" "-L/usr/lib64/gcc/x86_64-suse-linux/4.3" "-L/usr/lib64/gcc/x86_64-suse-linux/4.3/../../../../lib64" "-L/lib/../lib64" "-L/usr/lib/../lib64" "-L/sw/sgi/mpt/mpt-2.06/lib" "-L/sw/sdev/intel/composerxe-2011.5.220/composerxe-2011.5.220/compiler/lib/intel64" "-L/sw/sdev/intel/composerxe-2011.5.220/composerxe-2011.5.220/ipp/lib/intel64" "-L/sw/sdev/intel/composerxe-2011.5.220/composerxe-2011.5.220/mkl/lib/intel64" "-L/sw/sdev/intel/composerxe-2011.5.220/composerxe-2011.5.220/tbb/lib/intel64/cc4.1.0_libc2.4_kernel2.6.16.21" "-L/usr/lib64/gcc/x86_64-suse-linux/4.3/../../../../x86_64-suse-linux/lib" "-L/usr/lib64/gcc/x86_64-suse-linux/4.3/../../.." "-L/lib64" "-L/lib" "-L/usr/lib64" "-L/usr/lib" "-lmpi" "CMakeFiles/cmTC_04f67.dir/CMakeFortranCompilerABI.F.o" "-Bstatic" "-lifport" "-lifcore" "-limf" "-lsvml" "-Bdynamic" "-lm" "-Bstatic" "-lipgo" "-lirc" "-u" "__pthread_once" "-Bdynamic" "-lpthread" "-lc" "-lgcc_s" "-lgcc" "-Bstatic" "-lirc_s" "-Bdynamic" "-ldl" "-lc" "/usr/lib64/gcc/x86_64-suse-linux/4.3/crtend.o" "/usr/lib64/gcc/x86_64-suse-linux/4.3/../../../../lib64/crtn.o"" -mIPOPT_il_in_obj -mIPOPT_ipo_activate_warn=FALSE -mIPOPT_obj_output_file_name=/tmp/ipo_ifortcPmJei.o -mGLOB_linker_version=2.23.1 -mGLOB_long_size_64 -mGLOB_routine_pointer_size_64 -mP3OPT_asm_target=P3OPT_ASM_TARGET_GAS -mGLOB_obj_output_file=/tmp/ipo_ifortcPmJei.o -mP1OPT_source_file_name=ipo_out.f -mP2OPT_symtab_type_copy=true CMakeFiles/cmTC_04f67.dir/CMakeFortranCompilerABI.F.o -mIPOPT_object_files=/tmp/ifortP8RDFZolis -mIPOPT_assembly_files=/tmp/ifortShBz6Galis -mIPOPT_generated_tempfiles=/tmp/ifort17lwxoelis -mIPOPT_embedded_object_base_name=/tmp/ifort6jsuY5eobj -mIPOPT_cmdline_link_new_name=/tmp/ifortxbCtpNllis
ld    /usr/lib64/gcc/x86_64-suse-linux/4.3/../../../../lib64/crt1.o /usr/lib64/gcc/x86_64-suse-linux/4.3/../../../../lib64/crti.o /usr/lib64/gcc/x86_64-suse-linux/4.3/crtbegin.o --eh-frame-hdr -dynamic-linker /lib64/ld-linux-x86-64.so.2 -L/sw/sgi/mpt/mpt-2.06/lib -o cmTC_04f67 /home/sw/sdev/intel/composerxe-2011.5.220/composerxe-2011.5.220/compiler/lib/intel64/for_main.o -L/sw/sgi/mpt/mpt-2.06/lib -L/sw/sdev/intel/composerxe-2011.5.220/composerxe-2011.5.220/compiler/lib/intel64 -L/sw/sdev/intel/composerxe-2011.5.220/composerxe-2011.5.220/ipp/lib/intel64 -L/sw/sdev/intel/composerxe-2011.5.220/composerxe-2011.5.220/compiler/lib/intel64 -L/sw/sdev/intel/composerxe-2011.5.220/composerxe-2011.5.220/mkl/lib/intel64 -L/sw/sdev/intel/composerxe-2011.5.220/composerxe-2011.5.220/tbb/lib/intel64/cc4.1.0_libc2.4_kernel2.6.16.21 -L/home/sw/sdev/intel/composerxe-2011.5.220/composerxe-2011.5.220/compiler/lib/intel64 -L/usr/lib64/gcc/x86_64-suse-linux/4.3 -L/usr/lib64/gcc/x86_64-suse-linux/4.3/../../../../lib64 -L/lib/../lib64 -L/usr/lib/../lib64 -L/sw/sgi/mpt/mpt-2.06/lib -L/sw/sdev/intel/composerxe-2011.5.220/composerxe-2011.5.220/compiler/lib/intel64 -L/sw/sdev/intel/composerxe-2011.5.220/composerxe-2011.5.220/ipp/lib/intel64 -L/sw/sdev/intel/composerxe-2011.5.220/composerxe-2011.5.220/mkl/lib/intel64 -L/sw/sdev/intel/composerxe-2011.5.220/composerxe-2011.5.220/tbb/lib/intel64/cc4.1.0_libc2.4_kernel2.6.16.21 -L/usr/lib64/gcc/x86_64-suse-linux/4.3/../../../../x86_64-suse-linux/lib -L/usr/lib64/gcc/x86_64-suse-linux/4.3/../../.. -L/lib64 -L/lib -L/usr/lib64 -L/usr/lib -lmpi CMakeFiles/cmTC_04f67.dir/CMakeFortranCompilerABI.F.o -Bstatic -lifport -lifcore -limf -lsvml -Bdynamic -lm -Bstatic -lipgo -lirc -u __pthread_once -Bdynamic -lpthread -lc -lgcc_s -lgcc -Bstatic -lirc_s -Bdynamic -ldl -lc /usr/lib64/gcc/x86_64-suse-linux/4.3/crtend.o /usr/lib64/gcc/x86_64-suse-linux/4.3/../../../../lib64/crtn.o
rm /tmp/ifort6sEInTlibgcc

rm /tmp/ifortVkBQNAgnudirs

rm /tmp/ifortP8RDFZolis

rm /tmp/ifortShBz6Galis

rm /tmp/ifort17lwxoelis

rm /tmp/ifortxbCtpNllis

rm /tmp/ifort6KPtQuslis

rm /tmp/ifortlChvhcscript

rm /tmp/ipo_ifortcPmJei.o

rm /tmp/ifortMz8xITgas

rm /tmp/ifortJ7VibBas_.s

rm /tmp/ifortuPI5Dildashv

rm /tmp/ifortfbxl8Zgnudirs

rm /tmp/ifortcbAGDHarg

gmake[1]: Leaving directory `/home/ntnu/pranavm/TMA4280/Project2/Parallel/build/CMakeFiles/CMakeTmp'


Parsed Fortran implicit link information from above output:
  link line regex: [^( *|.*[/\])(ld|([^/\]+-)?ld|collect2)[^/\]*( |$)]
  ignore line: [Change Dir: /home/ntnu/pranavm/TMA4280/Project2/Parallel/build/CMakeFiles/CMakeTmp]
  ignore line: []
  ignore line: [Run Build Command:"/usr/bin/gmake" "cmTC_04f67/fast"]
  ignore line: [/usr/bin/gmake -f CMakeFiles/cmTC_04f67.dir/build.make CMakeFiles/cmTC_04f67.dir/build]
  ignore line: [gmake[1]: Entering directory `/home/ntnu/pranavm/TMA4280/Project2/Parallel/build/CMakeFiles/CMakeTmp']
  ignore line: [Building Fortran object CMakeFiles/cmTC_04f67.dir/CMakeFortranCompilerABI.F.o]
  ignore line: [/sw/sgi/mpt/mpt-2.06/bin/mpif90     -c /home/sw/sdev/Modules/cmake/cmake-3.4.3/share/cmake-3.4/Modules/CMakeFortranCompilerABI.F -o CMakeFiles/cmTC_04f67.dir/CMakeFortranCompilerABI.F.o]
  ignore line: [Linking Fortran executable cmTC_04f67]
  ignore line: [/home/sw/sdev/Modules/cmake/cmake-3.4.3/bin/cmake -E cmake_link_script CMakeFiles/cmTC_04f67.dir/link.txt --verbose=1]
  ignore line: [/sw/sgi/mpt/mpt-2.06/bin/mpif90    -v   CMakeFiles/cmTC_04f67.dir/CMakeFortranCompilerABI.F.o  -o cmTC_04f67   ]
  ignore line: [Version 12.0.5]
  ignore line: [/home/sw/sdev/intel/composerxe-2011.5.220/composerxe-2011.5.220/bin/intel64/fortcom    -mP1OPT_version=12.0-intel64 -mGLOB_diag_file=CMakeFiles/cmTC_04f67.dir/CMakeFortranCompilerABI.F.diag -mGLOB_source_language=GLOB_SOURCE_LANGUAGE_F90 -mGLOB_tune_for_fort -mGLOB_use_fort_dope_vector -mP2OPT_static_promotion -mP1OPT_print_version=FALSE -mCG_use_gas_got_workaround=F -mP2OPT_align_option_used=TRUE -mGLOB_gcc_version=430 "-mGLOB_options_string=-I/sw/sgi/mpt/mpt-2.06/include -L/sw/sgi/mpt/mpt-2.06/lib -lmpi -v -o cmTC_04f67" -mGLOB_cxx_limited_range=FALSE -mGLOB_as_output_backup_file_name=/tmp/ifortJ7VibBas_.s -mIPOPT_activate -mGLOB_machine_model=GLOB_MACHINE_MODEL_EFI2 -mGLOB_product_id_code=0x22001ef2 -mP3OPT_use_mspp_call_convention -mP2OPT_subs_out_of_bound=FALSE -mGLOB_ansi_alias -mPGOPTI_value_profile_use=T -mP2OPT_il0_array_sections=TRUE -mP2OPT_hlo -mP2OPT_hpo_rtt_control=0 -mIPOPT_args_in_regs=0 -mGLOB_imf_mapping_library=/home/sw/sdev/intel/composerxe-2011.5.220/composerxe-2011.5.220/bin/intel64/libiml_attr.so -mIPOPT_link -mIPOPT_ipo_activate -mIPOPT_mo_activate -mIPOPT_source_files_list=/tmp/ifort6KPtQuslis -mIPOPT_mo_global_data -mIPOPT_link_script_file=/tmp/ifortlChvhcscript -mIPOPT_link_version=2.23.1 "-mIPOPT_cmdline_link="/usr/lib64/gcc/x86_64-suse-linux/4.3/../../../../lib64/crt1.o" "/usr/lib64/gcc/x86_64-suse-linux/4.3/../../../../lib64/crti.o" "/usr/lib64/gcc/x86_64-suse-linux/4.3/crtbegin.o" "--eh-frame-hdr" "-dynamic-linker" "/lib64/ld-linux-x86-64.so.2" "-L/sw/sgi/mpt/mpt-2.06/lib" "-o" "cmTC_04f67" "/home/sw/sdev/intel/composerxe-2011.5.220/composerxe-2011.5.220/compiler/lib/intel64/for_main.o" "-L/sw/sgi/mpt/mpt-2.06/lib" "-L/sw/sdev/intel/composerxe-2011.5.220/composerxe-2011.5.220/compiler/lib/intel64" "-L/sw/sdev/intel/composerxe-2011.5.220/composerxe-2011.5.220/ipp/lib/intel64" "-L/sw/sdev/intel/composerxe-2011.5.220/composerxe-2011.5.220/compiler/lib/intel64" "-L/sw/sdev/intel/composerxe-2011.5.220/composerxe-2011.5.220/mkl/lib/intel64" "-L/sw/sdev/intel/composerxe-2011.5.220/composerxe-2011.5.220/tbb/lib/intel64/cc4.1.0_libc2.4_kernel2.6.16.21" "-L/home/sw/sdev/intel/composerxe-2011.5.220/composerxe-2011.5.220/compiler/lib/intel64" "-L/usr/lib64/gcc/x86_64-suse-linux/4.3" "-L/usr/lib64/gcc/x86_64-suse-linux/4.3/../../../../lib64" "-L/lib/../lib64" "-L/usr/lib/../lib64" "-L/sw/sgi/mpt/mpt-2.06/lib" "-L/sw/sdev/intel/composerxe-2011.5.220/composerxe-2011.5.220/compiler/lib/intel64" "-L/sw/sdev/intel/composerxe-2011.5.220/composerxe-2011.5.220/ipp/lib/intel64" "-L/sw/sdev/intel/composerxe-2011.5.220/composerxe-2011.5.220/mkl/lib/intel64" "-L/sw/sdev/intel/composerxe-2011.5.220/composerxe-2011.5.220/tbb/lib/intel64/cc4.1.0_libc2.4_kernel2.6.16.21" "-L/usr/lib64/gcc/x86_64-suse-linux/4.3/../../../../x86_64-suse-linux/lib" "-L/usr/lib64/gcc/x86_64-suse-linux/4.3/../../.." "-L/lib64" "-L/lib" "-L/usr/lib64" "-L/usr/lib" "-lmpi" "CMakeFiles/cmTC_04f67.dir/CMakeFortranCompilerABI.F.o" "-Bstatic" "-lifport" "-lifcore" "-limf" "-lsvml" "-Bdynamic" "-lm" "-Bstatic" "-lipgo" "-lirc" "-u" "__pthread_once" "-Bdynamic" "-lpthread" "-lc" "-lgcc_s" "-lgcc" "-Bstatic" "-lirc_s" "-Bdynamic" "-ldl" "-lc" "/usr/lib64/gcc/x86_64-suse-linux/4.3/crtend.o" "/usr/lib64/gcc/x86_64-suse-linux/4.3/../../../../lib64/crtn.o"" -mIPOPT_il_in_obj -mIPOPT_ipo_activate_warn=FALSE -mIPOPT_obj_output_file_name=/tmp/ipo_ifortcPmJei.o -mGLOB_linker_version=2.23.1 -mGLOB_long_size_64 -mGLOB_routine_pointer_size_64 -mP3OPT_asm_target=P3OPT_ASM_TARGET_GAS -mGLOB_obj_output_file=/tmp/ipo_ifortcPmJei.o -mP1OPT_source_file_name=ipo_out.f -mP2OPT_symtab_type_copy=true CMakeFiles/cmTC_04f67.dir/CMakeFortranCompilerABI.F.o -mIPOPT_object_files=/tmp/ifortP8RDFZolis -mIPOPT_assembly_files=/tmp/ifortShBz6Galis -mIPOPT_generated_tempfiles=/tmp/ifort17lwxoelis -mIPOPT_embedded_object_base_name=/tmp/ifort6jsuY5eobj -mIPOPT_cmdline_link_new_name=/tmp/ifortxbCtpNllis]
  link line: [ld    /usr/lib64/gcc/x86_64-suse-linux/4.3/../../../../lib64/crt1.o /usr/lib64/gcc/x86_64-suse-linux/4.3/../../../../lib64/crti.o /usr/lib64/gcc/x86_64-suse-linux/4.3/crtbegin.o --eh-frame-hdr -dynamic-linker /lib64/ld-linux-x86-64.so.2 -L/sw/sgi/mpt/mpt-2.06/lib -o cmTC_04f67 /home/sw/sdev/intel/composerxe-2011.5.220/composerxe-2011.5.220/compiler/lib/intel64/for_main.o -L/sw/sgi/mpt/mpt-2.06/lib -L/sw/sdev/intel/composerxe-2011.5.220/composerxe-2011.5.220/compiler/lib/intel64 -L/sw/sdev/intel/composerxe-2011.5.220/composerxe-2011.5.220/ipp/lib/intel64 -L/sw/sdev/intel/composerxe-2011.5.220/composerxe-2011.5.220/compiler/lib/intel64 -L/sw/sdev/intel/composerxe-2011.5.220/composerxe-2011.5.220/mkl/lib/intel64 -L/sw/sdev/intel/composerxe-2011.5.220/composerxe-2011.5.220/tbb/lib/intel64/cc4.1.0_libc2.4_kernel2.6.16.21 -L/home/sw/sdev/intel/composerxe-2011.5.220/composerxe-2011.5.220/compiler/lib/intel64 -L/usr/lib64/gcc/x86_64-suse-linux/4.3 -L/usr/lib64/gcc/x86_64-suse-linux/4.3/../../../../lib64 -L/lib/../lib64 -L/usr/lib/../lib64 -L/sw/sgi/mpt/mpt-2.06/lib -L/sw/sdev/intel/composerxe-2011.5.220/composerxe-2011.5.220/compiler/lib/intel64 -L/sw/sdev/intel/composerxe-2011.5.220/composerxe-2011.5.220/ipp/lib/intel64 -L/sw/sdev/intel/composerxe-2011.5.220/composerxe-2011.5.220/mkl/lib/intel64 -L/sw/sdev/intel/composerxe-2011.5.220/composerxe-2011.5.220/tbb/lib/intel64/cc4.1.0_libc2.4_kernel2.6.16.21 -L/usr/lib64/gcc/x86_64-suse-linux/4.3/../../../../x86_64-suse-linux/lib -L/usr/lib64/gcc/x86_64-suse-linux/4.3/../../.. -L/lib64 -L/lib -L/usr/lib64 -L/usr/lib -lmpi CMakeFiles/cmTC_04f67.dir/CMakeFortranCompilerABI.F.o -Bstatic -lifport -lifcore -limf -lsvml -Bdynamic -lm -Bstatic -lipgo -lirc -u __pthread_once -Bdynamic -lpthread -lc -lgcc_s -lgcc -Bstatic -lirc_s -Bdynamic -ldl -lc /usr/lib64/gcc/x86_64-suse-linux/4.3/crtend.o /usr/lib64/gcc/x86_64-suse-linux/4.3/../../../../lib64/crtn.o]
    arg [ld] ==> ignore
    arg [/usr/lib64/gcc/x86_64-suse-linux/4.3/../../../../lib64/crt1.o] ==> ignore
    arg [/usr/lib64/gcc/x86_64-suse-linux/4.3/../../../../lib64/crti.o] ==> ignore
    arg [/usr/lib64/gcc/x86_64-suse-linux/4.3/crtbegin.o] ==> ignore
    arg [--eh-frame-hdr] ==> ignore
    arg [-dynamic-linker] ==> ignore
    arg [/lib64/ld-linux-x86-64.so.2] ==> ignore
    arg [-L/sw/sgi/mpt/mpt-2.06/lib] ==> dir [/sw/sgi/mpt/mpt-2.06/lib]
    arg [-o] ==> ignore
    arg [cmTC_04f67] ==> ignore
    arg [/home/sw/sdev/intel/composerxe-2011.5.220/composerxe-2011.5.220/compiler/lib/intel64/for_main.o] ==> ignore
    arg [-L/sw/sgi/mpt/mpt-2.06/lib] ==> dir [/sw/sgi/mpt/mpt-2.06/lib]
    arg [-L/sw/sdev/intel/composerxe-2011.5.220/composerxe-2011.5.220/compiler/lib/intel64] ==> dir [/sw/sdev/intel/composerxe-2011.5.220/composerxe-2011.5.220/compiler/lib/intel64]
    arg [-L/sw/sdev/intel/composerxe-2011.5.220/composerxe-2011.5.220/ipp/lib/intel64] ==> dir [/sw/sdev/intel/composerxe-2011.5.220/composerxe-2011.5.220/ipp/lib/intel64]
    arg [-L/sw/sdev/intel/composerxe-2011.5.220/composerxe-2011.5.220/compiler/lib/intel64] ==> dir [/sw/sdev/intel/composerxe-2011.5.220/composerxe-2011.5.220/compiler/lib/intel64]
    arg [-L/sw/sdev/intel/composerxe-2011.5.220/composerxe-2011.5.220/mkl/lib/intel64] ==> dir [/sw/sdev/intel/composerxe-2011.5.220/composerxe-2011.5.220/mkl/lib/intel64]
    arg [-L/sw/sdev/intel/composerxe-2011.5.220/composerxe-2011.5.220/tbb/lib/intel64/cc4.1.0_libc2.4_kernel2.6.16.21] ==> dir [/sw/sdev/intel/composerxe-2011.5.220/composerxe-2011.5.220/tbb/lib/intel64/cc4.1.0_libc2.4_kernel2.6.16.21]
    arg [-L/home/sw/sdev/intel/composerxe-2011.5.220/composerxe-2011.5.220/compiler/lib/intel64] ==> dir [/home/sw/sdev/intel/composerxe-2011.5.220/composerxe-2011.5.220/compiler/lib/intel64]
    arg [-L/usr/lib64/gcc/x86_64-suse-linux/4.3] ==> dir [/usr/lib64/gcc/x86_64-suse-linux/4.3]
    arg [-L/usr/lib64/gcc/x86_64-suse-linux/4.3/../../../../lib64] ==> dir [/usr/lib64/gcc/x86_64-suse-linux/4.3/../../../../lib64]
    arg [-L/lib/../lib64] ==> dir [/lib/../lib64]
    arg [-L/usr/lib/../lib64] ==> dir [/usr/lib/../lib64]
    arg [-L/sw/sgi/mpt/mpt-2.06/lib] ==> dir [/sw/sgi/mpt/mpt-2.06/lib]
    arg [-L/sw/sdev/intel/composerxe-2011.5.220/composerxe-2011.5.220/compiler/lib/intel64] ==> dir [/sw/sdev/intel/composerxe-2011.5.220/composerxe-2011.5.220/compiler/lib/intel64]
    arg [-L/sw/sdev/intel/composerxe-2011.5.220/composerxe-2011.5.220/ipp/lib/intel64] ==> dir [/sw/sdev/intel/composerxe-2011.5.220/composerxe-2011.5.220/ipp/lib/intel64]
    arg [-L/sw/sdev/intel/composerxe-2011.5.220/composerxe-2011.5.220/mkl/lib/intel64] ==> dir [/sw/sdev/intel/composerxe-2011.5.220/composerxe-2011.5.220/mkl/lib/intel64]
    arg [-L/sw/sdev/intel/composerxe-2011.5.220/composerxe-2011.5.220/tbb/lib/intel64/cc4.1.0_libc2.4_kernel2.6.16.21] ==> dir [/sw/sdev/intel/composerxe-2011.5.220/composerxe-2011.5.220/tbb/lib/intel64/cc4.1.0_libc2.4_kernel2.6.16.21]
    arg [-L/usr/lib64/gcc/x86_64-suse-linux/4.3/../../../../x86_64-suse-linux/lib] ==> dir [/usr/lib64/gcc/x86_64-suse-linux/4.3/../../../../x86_64-suse-linux/lib]
    arg [-L/usr/lib64/gcc/x86_64-suse-linux/4.3/../../..] ==> dir [/usr/lib64/gcc/x86_64-suse-linux/4.3/../../..]
    arg [-L/lib64] ==> dir [/lib64]
    arg [-L/lib] ==> dir [/lib]
    arg [-L/usr/lib64] ==> dir [/usr/lib64]
    arg [-L/usr/lib] ==> dir [/usr/lib]
    arg [-lmpi] ==> lib [mpi]
    arg [CMakeFiles/cmTC_04f67.dir/CMakeFortranCompilerABI.F.o] ==> ignore
    arg [-Bstatic] ==> ignore
    arg [-lifport] ==> lib [ifport]
    arg [-lifcore] ==> lib [ifcore]
    arg [-limf] ==> lib [imf]
    arg [-lsvml] ==> lib [svml]
    arg [-Bdynamic] ==> ignore
    arg [-lm] ==> lib [m]
    arg [-Bstatic] ==> ignore
    arg [-lipgo] ==> lib [ipgo]
    arg [-lirc] ==> lib [irc]
    arg [-u] ==> ignore
    arg [__pthread_once] ==> ignore
    arg [-Bdynamic] ==> ignore
    arg [-lpthread] ==> lib [pthread]
    arg [-lc] ==> lib [c]
    arg [-lgcc_s] ==> lib [gcc_s]
    arg [-lgcc] ==> lib [gcc]
    arg [-Bstatic] ==> ignore
    arg [-lirc_s] ==> lib [irc_s]
    arg [-Bdynamic] ==> ignore
    arg [-ldl] ==> lib [dl]
    arg [-lc] ==> lib [c]
    arg [/usr/lib64/gcc/x86_64-suse-linux/4.3/crtend.o] ==> ignore
    arg [/usr/lib64/gcc/x86_64-suse-linux/4.3/../../../../lib64/crtn.o] ==> ignore
  remove lib [gcc_s]
  remove lib [gcc]
  collapse library dir [/sw/sgi/mpt/mpt-2.06/lib] ==> [/sw/sgi/mpt/mpt-2.06/lib]
  collapse library dir [/sw/sgi/mpt/mpt-2.06/lib] ==> [/sw/sgi/mpt/mpt-2.06/lib]
  collapse library dir [/sw/sdev/intel/composerxe-2011.5.220/composerxe-2011.5.220/compiler/lib/intel64] ==> [/sw/sdev/intel/composerxe-2011.5.220/composerxe-2011.5.220/compiler/lib/intel64]
  collapse library dir [/sw/sdev/intel/composerxe-2011.5.220/composerxe-2011.5.220/ipp/lib/intel64] ==> [/sw/sdev/intel/composerxe-2011.5.220/composerxe-2011.5.220/ipp/lib/intel64]
  collapse library dir [/sw/sdev/intel/composerxe-2011.5.220/composerxe-2011.5.220/compiler/lib/intel64] ==> [/sw/sdev/intel/composerxe-2011.5.220/composerxe-2011.5.220/compiler/lib/intel64]
  collapse library dir [/sw/sdev/intel/composerxe-2011.5.220/composerxe-2011.5.220/mkl/lib/intel64] ==> [/sw/sdev/intel/composerxe-2011.5.220/composerxe-2011.5.220/mkl/lib/intel64]
  collapse library dir [/sw/sdev/intel/composerxe-2011.5.220/composerxe-2011.5.220/tbb/lib/intel64/cc4.1.0_libc2.4_kernel2.6.16.21] ==> [/sw/sdev/intel/composerxe-2011.5.220/composerxe-2011.5.220/tbb/lib/intel64/cc4.1.0_libc2.4_kernel2.6.16.21]
  collapse library dir [/home/sw/sdev/intel/composerxe-2011.5.220/composerxe-2011.5.220/compiler/lib/intel64] ==> [/home/sw/sdev/intel/composerxe-2011.5.220/composerxe-2011.5.220/compiler/lib/intel64]
  collapse library dir [/usr/lib64/gcc/x86_64-suse-linux/4.3] ==> [/usr/lib64/gcc/x86_64-suse-linux/4.3]
  collapse library dir [/usr/lib64/gcc/x86_64-suse-linux/4.3/../../../../lib64] ==> [/usr/lib64]
  collapse library dir [/lib/../lib64] ==> [/lib64]
  collapse library dir [/usr/lib/../lib64] ==> [/usr/lib64]
  collapse library dir [/sw/sgi/mpt/mpt-2.06/lib] ==> [/sw/sgi/mpt/mpt-2.06/lib]
  collapse library dir [/sw/sdev/intel/composerxe-2011.5.220/composerxe-2011.5.220/compiler/lib/intel64] ==> [/sw/sdev/intel/composerxe-2011.5.220/composerxe-2011.5.220/compiler/lib/intel64]
  collapse library dir [/sw/sdev/intel/composerxe-2011.5.220/composerxe-2011.5.220/ipp/lib/intel64] ==> [/sw/sdev/intel/composerxe-2011.5.220/composerxe-2011.5.220/ipp/lib/intel64]
  collapse library dir [/sw/sdev/intel/composerxe-2011.5.220/composerxe-2011.5.220/mkl/lib/intel64] ==> [/sw/sdev/intel/composerxe-2011.5.220/composerxe-2011.5.220/mkl/lib/intel64]
  collapse library dir [/sw/sdev/intel/composerxe-2011.5.220/composerxe-2011.5.220/tbb/lib/intel64/cc4.1.0_libc2.4_kernel2.6.16.21] ==> [/sw/sdev/intel/composerxe-2011.5.220/composerxe-2011.5.220/tbb/lib/intel64/cc4.1.0_libc2.4_kernel2.6.16.21]
  collapse library dir [/usr/lib64/gcc/x86_64-suse-linux/4.3/../../../../x86_64-suse-linux/lib] ==> [/usr/x86_64-suse-linux/lib]
  collapse library dir [/usr/lib64/gcc/x86_64-suse-linux/4.3/../../..] ==> [/usr/lib64]
  collapse library dir [/lib64] ==> [/lib64]
  collapse library dir [/lib] ==> [/lib]
  collapse library dir [/usr/lib64] ==> [/usr/lib64]
  collapse library dir [/usr/lib] ==> [/usr/lib]
  implicit libs: [mpi;ifport;ifcore;imf;svml;m;ipgo;irc;pthread;c;irc_s;dl;c]
  implicit dirs: [/sw/sgi/mpt/mpt-2.06/lib;/sw/sdev/intel/composerxe-2011.5.220/composerxe-2011.5.220/compiler/lib/intel64;/sw/sdev/intel/composerxe-2011.5.220/composerxe-2011.5.220/ipp/lib/intel64;/sw/sdev/intel/composerxe-2011.5.220/composerxe-2011.5.220/mkl/lib/intel64;/sw/sdev/intel/composerxe-2011.5.220/composerxe-2011.5.220/tbb/lib/intel64/cc4.1.0_libc2.4_kernel2.6.16.21;/home/sw/sdev/intel/composerxe-2011.5.220/composerxe-2011.5.220/compiler/lib/intel64;/usr/lib64/gcc/x86_64-suse-linux/4.3;/usr/lib64;/lib64;/usr/x86_64-suse-linux/lib;/lib;/usr/lib]
  implicit fwks: []


Determining if the Fortran compiler supports Fortran 90 passed with the following output:
Change Dir: /home/ntnu/pranavm/TMA4280/Project2/Parallel/build/CMakeFiles/CMakeTmp

Run Build Command:"/usr/bin/gmake" "cmTC_6c083/fast"
/usr/bin/gmake -f CMakeFiles/cmTC_6c083.dir/build.make CMakeFiles/cmTC_6c083.dir/build
gmake[1]: Entering directory `/home/ntnu/pranavm/TMA4280/Project2/Parallel/build/CMakeFiles/CMakeTmp'
Building Fortran object CMakeFiles/cmTC_6c083.dir/testFortranCompilerF90.f90.o
/sw/sgi/mpt/mpt-2.06/bin/mpif90     -c /home/ntnu/pranavm/TMA4280/Project2/Parallel/build/CMakeFiles/CMakeTmp/testFortranCompilerF90.f90 -o CMakeFiles/cmTC_6c083.dir/testFortranCompilerF90.f90.o
Linking Fortran executable cmTC_6c083
/home/sw/sdev/Modules/cmake/cmake-3.4.3/bin/cmake -E cmake_link_script CMakeFiles/cmTC_6c083.dir/link.txt --verbose=1
/sw/sgi/mpt/mpt-2.06/bin/mpif90       CMakeFiles/cmTC_6c083.dir/testFortranCompilerF90.f90.o  -o cmTC_6c083  
gmake[1]: Leaving directory `/home/ntnu/pranavm/TMA4280/Project2/Parallel/build/CMakeFiles/CMakeTmp'


Performing C SOURCE FILE Test OpenMP_FLAG_DETECTED succeded with the following output:
Change Dir: /home/ntnu/pranavm/TMA4280/Project2/Parallel/build/CMakeFiles/CMakeTmp

Run Build Command:"/usr/bin/gmake" "cmTC_27059/fast"
/usr/bin/gmake -f CMakeFiles/cmTC_27059.dir/build.make CMakeFiles/cmTC_27059.dir/build
gmake[1]: Entering directory `/home/ntnu/pranavm/TMA4280/Project2/Parallel/build/CMakeFiles/CMakeTmp'
Building C object CMakeFiles/cmTC_27059.dir/src.c.o
/sw/sgi/mpt/mpt-2.06/bin/mpicc    -DOpenMP_FLAG_DETECTED -openmp   -o CMakeFiles/cmTC_27059.dir/src.c.o   -c /home/ntnu/pranavm/TMA4280/Project2/Parallel/build/CMakeFiles/CMakeTmp/src.c
Linking C executable cmTC_27059
/home/sw/sdev/Modules/cmake/cmake-3.4.3/bin/cmake -E cmake_link_script CMakeFiles/cmTC_27059.dir/link.txt --verbose=1
/sw/sgi/mpt/mpt-2.06/bin/mpicc   -DOpenMP_FLAG_DETECTED -openmp    CMakeFiles/cmTC_27059.dir/src.c.o  -o cmTC_27059 -rdynamic 
gmake[1]: Leaving directory `/home/ntnu/pranavm/TMA4280/Project2/Parallel/build/CMakeFiles/CMakeTmp'

Source file was:

#include <omp.h>
int main() {
#ifdef _OPENMP
  return 0;
#else
  breaks_on_purpose
#endif
}

Performing C++ SOURCE FILE Test OpenMP_FLAG_DETECTED succeded with the following output:
Change Dir: /home/ntnu/pranavm/TMA4280/Project2/Parallel/build/CMakeFiles/CMakeTmp

Run Build Command:"/usr/bin/gmake" "cmTC_83dab/fast"
/usr/bin/gmake -f CMakeFiles/cmTC_83dab.dir/build.make CMakeFiles/cmTC_83dab.dir/build
gmake[1]: Entering directory `/home/ntnu/pranavm/TMA4280/Project2/Parallel/build/CMakeFiles/CMakeTmp'
Building CXX object CMakeFiles/cmTC_83dab.dir/src.cxx.o
/usr/bin/c++     -DOpenMP_FLAG_DETECTED -fopenmp   -o CMakeFiles/cmTC_83dab.dir/src.cxx.o -c /home/ntnu/pranavm/TMA4280/Project2/Parallel/build/CMakeFiles/CMakeTmp/src.cxx
Linking CXX executable cmTC_83dab
/home/sw/sdev/Modules/cmake/cmake-3.4.3/bin/cmake -E cmake_link_script CMakeFiles/cmTC_83dab.dir/link.txt --verbose=1
/usr/bin/c++    -DOpenMP_FLAG_DETECTED -fopenmp    CMakeFiles/cmTC_83dab.dir/src.cxx.o  -o cmTC_83dab -rdynamic 
gmake[1]: Leaving directory `/home/ntnu/pranavm/TMA4280/Project2/Parallel/build/CMakeFiles/CMakeTmp'

Source file was:

#include <omp.h>
int main() {
#ifdef _OPENMP
  return 0;
#else
  breaks_on_purpose
#endif
}

Performing Fortran SOURCE FILE Test OpenMP_FLAG_DETECTED succeded with the following output:
Change Dir: /home/ntnu/pranavm/TMA4280/Project2/Parallel/build/CMakeFiles/CMakeTmp

Run Build Command:"/usr/bin/gmake" "cmTC_68099/fast"
/usr/bin/gmake -f CMakeFiles/cmTC_68099.dir/build.make CMakeFiles/cmTC_68099.dir/build
gmake[1]: Entering directory `/home/ntnu/pranavm/TMA4280/Project2/Parallel/build/CMakeFiles/CMakeTmp'
Building Fortran object CMakeFiles/cmTC_68099.dir/src.F.o
/sw/sgi/mpt/mpt-2.06/bin/mpif90    -DOpenMP_FLAG_DETECTED -openmp   -c /home/ntnu/pranavm/TMA4280/Project2/Parallel/build/CMakeFiles/CMakeTmp/src.F -o CMakeFiles/cmTC_68099.dir/src.F.o
Linking Fortran executable cmTC_68099
/home/sw/sdev/Modules/cmake/cmake-3.4.3/bin/cmake -E cmake_link_script CMakeFiles/cmTC_68099.dir/link.txt --verbose=1
/sw/sgi/mpt/mpt-2.06/bin/mpif90      -DOpenMP_FLAG_DETECTED -openmp CMakeFiles/cmTC_68099.dir/src.F.o  -o cmTC_68099  
gmake[1]: Leaving directory `/home/ntnu/pranavm/TMA4280/Project2/Parallel/build/CMakeFiles/CMakeTmp'

Source file was:

      program test
      use omp_lib
      integer :: n
      n = omp_get_num_threads()
      end program test
  
