The system is: Linux - 3.0.101-0.47.71-default - x86_64
Compiling the C compiler identification source file "CMakeCCompilerId.c" succeeded.
Compiler: /sw/sdev/intel/composerxe-2011.5.220/composerxe-2011.5.220/bin/intel64/icc 
Build flags: 
Id flags: 

The output was:
0


Compilation of the C compiler identification source "CMakeCCompilerId.c" produced "a.out"

The C compiler identification is Intel, found in "/home/ntnu/pranavm/TMA4280/Project2/Serial/build/CMakeFiles/3.4.3/CompilerIdC/a.out"

Compiling the CXX compiler identification source file "CMakeCXXCompilerId.cpp" succeeded.
Compiler: /sw/sdev/intel/composerxe-2011.5.220/composerxe-2011.5.220/bin/intel64/icpc 
Build flags: 
Id flags: 

The output was:
0


Compilation of the CXX compiler identification source "CMakeCXXCompilerId.cpp" produced "a.out"

The CXX compiler identification is Intel, found in "/home/ntnu/pranavm/TMA4280/Project2/Serial/build/CMakeFiles/3.4.3/CompilerIdCXX/a.out"

Determining if the C compiler works passed with the following output:
Change Dir: /home/ntnu/pranavm/TMA4280/Project2/Serial/build/CMakeFiles/CMakeTmp

Run Build Command:"/usr/bin/gmake" "cmTC_9e655/fast"
/usr/bin/gmake -f CMakeFiles/cmTC_9e655.dir/build.make CMakeFiles/cmTC_9e655.dir/build
gmake[1]: Entering directory `/home/ntnu/pranavm/TMA4280/Project2/Serial/build/CMakeFiles/CMakeTmp'
Building C object CMakeFiles/cmTC_9e655.dir/testCCompiler.c.o
/sw/sdev/intel/composerxe-2011.5.220/composerxe-2011.5.220/bin/intel64/icc     -o CMakeFiles/cmTC_9e655.dir/testCCompiler.c.o   -c /home/ntnu/pranavm/TMA4280/Project2/Serial/build/CMakeFiles/CMakeTmp/testCCompiler.c
Linking C executable cmTC_9e655
/home/sw/sdev/Modules/cmake/cmake-3.4.3/bin/cmake -E cmake_link_script CMakeFiles/cmTC_9e655.dir/link.txt --verbose=1
/sw/sdev/intel/composerxe-2011.5.220/composerxe-2011.5.220/bin/intel64/icc       CMakeFiles/cmTC_9e655.dir/testCCompiler.c.o  -o cmTC_9e655 -rdynamic 
gmake[1]: Leaving directory `/home/ntnu/pranavm/TMA4280/Project2/Serial/build/CMakeFiles/CMakeTmp'


Detecting C compiler ABI info compiled with the following output:
Change Dir: /home/ntnu/pranavm/TMA4280/Project2/Serial/build/CMakeFiles/CMakeTmp

Run Build Command:"/usr/bin/gmake" "cmTC_2b77f/fast"
/usr/bin/gmake -f CMakeFiles/cmTC_2b77f.dir/build.make CMakeFiles/cmTC_2b77f.dir/build
gmake[1]: Entering directory `/home/ntnu/pranavm/TMA4280/Project2/Serial/build/CMakeFiles/CMakeTmp'
Building C object CMakeFiles/cmTC_2b77f.dir/CMakeCCompilerABI.c.o
/sw/sdev/intel/composerxe-2011.5.220/composerxe-2011.5.220/bin/intel64/icc     -o CMakeFiles/cmTC_2b77f.dir/CMakeCCompilerABI.c.o   -c /home/sw/sdev/Modules/cmake/cmake-3.4.3/share/cmake-3.4/Modules/CMakeCCompilerABI.c
Linking C executable cmTC_2b77f
/home/sw/sdev/Modules/cmake/cmake-3.4.3/bin/cmake -E cmake_link_script CMakeFiles/cmTC_2b77f.dir/link.txt --verbose=1
/sw/sdev/intel/composerxe-2011.5.220/composerxe-2011.5.220/bin/intel64/icc      -v CMakeFiles/cmTC_2b77f.dir/CMakeCCompilerABI.c.o  -o cmTC_2b77f -rdynamic  
Version 12.0.5
/home/sw/sdev/intel/composerxe-2011.5.220/composerxe-2011.5.220/bin/intel64/mcpcom    -mP1OPT_version=12.0-intel64 -mGLOB_diag_file=CMakeFiles/cmTC_2b77f.dir/CMakeCCompilerABI.c.diag -mP1OPT_print_version=FALSE -mCG_use_gas_got_workaround=F -mP2OPT_align_option_used=TRUE -mGLOB_gcc_version=430 "-mGLOB_options_string=-v -o cmTC_2b77f -rdynamic" -mGLOB_cxx_limited_range=FALSE -mGLOB_as_output_backup_file_name=/tmp/icckXEDgIas_.s -mIPOPT_activate -mGLOB_machine_model=GLOB_MACHINE_MODEL_EFI2 -mGLOB_product_id_code=0x22001ef4 -mP3OPT_use_mspp_call_convention -mPGOPTI_value_profile_use=T -mP2OPT_il0_array_sections=TRUE -mP2OPT_hlo -mP2OPT_hpo_rtt_control=0 -mIPOPT_args_in_regs=0 -mGLOB_imf_mapping_library=/home/sw/sdev/intel/composerxe-2011.5.220/composerxe-2011.5.220/bin/intel64/libiml_attr.so -mIPOPT_link -mIPOPT_ipo_activate -mIPOPT_mo_activate -mIPOPT_source_files_list=/tmp/iccS1sf1Mslis -mIPOPT_mo_global_data -mIPOPT_link_script_file=/tmp/iccqQreLqscript -mIPOPT_link_version=2.23.1 "-mIPOPT_cmdline_link="/usr/lib64/gcc/x86_64-suse-linux/4.3/../../../../lib64/crt1.o" "/usr/lib64/gcc/x86_64-suse-linux/4.3/../../../../lib64/crti.o" "/usr/lib64/gcc/x86_64-suse-linux/4.3/crtbegin.o" "-export-dynamic" "--eh-frame-hdr" "-dynamic-linker" "/lib64/ld-linux-x86-64.so.2" "-o" "cmTC_2b77f" "-L/sw/sdev/intel/composerxe-2011.5.220/composerxe-2011.5.220/compiler/lib/intel64" "-L/sw/sdev/intel/composerxe-2011.5.220/composerxe-2011.5.220/ipp/lib/intel64" "-L/sw/sdev/intel/composerxe-2011.5.220/composerxe-2011.5.220/compiler/lib/intel64" "-L/sw/sdev/intel/composerxe-2011.5.220/composerxe-2011.5.220/mkl/lib/intel64" "-L/sw/sdev/intel/composerxe-2011.5.220/composerxe-2011.5.220/tbb/lib/intel64/cc4.1.0_libc2.4_kernel2.6.16.21" "-L/home/sw/sdev/intel/composerxe-2011.5.220/composerxe-2011.5.220/compiler/lib/intel64" "-L/usr/lib64/gcc/x86_64-suse-linux/4.3" "-L/usr/lib64/gcc/x86_64-suse-linux/4.3/../../../../lib64" "-L/lib/../lib64" "-L/usr/lib/../lib64" "-L/sw/sdev/intel/composerxe-2011.5.220/composerxe-2011.5.220/compiler/lib/intel64" "-L/sw/sdev/intel/composerxe-2011.5.220/composerxe-2011.5.220/ipp/lib/intel64" "-L/sw/sdev/intel/composerxe-2011.5.220/composerxe-2011.5.220/mkl/lib/intel64" "-L/sw/sdev/intel/composerxe-2011.5.220/composerxe-2011.5.220/tbb/lib/intel64/cc4.1.0_libc2.4_kernel2.6.16.21" "-L/usr/lib64/gcc/x86_64-suse-linux/4.3/../../../../x86_64-suse-linux/lib" "-L/usr/lib64/gcc/x86_64-suse-linux/4.3/../../.." "-L/lib64" "-L/lib" "-L/usr/lib64" "-L/usr/lib" "CMakeFiles/cmTC_2b77f.dir/CMakeCCompilerABI.c.o" "-Bstatic" "-limf" "-lsvml" "-Bdynamic" "-lm" "-Bstatic" "-lipgo" "-ldecimal" "--as-needed" "-Bdynamic" "-lcilkrts" "-lstdc++" "--no-as-needed" "-lgcc_s" "-lgcc" "-Bstatic" "-lirc" "-Bdynamic" "-lc" "-lgcc_s" "-lgcc" "-Bstatic" "-lirc_s" "-Bdynamic" "-ldl" "-lc" "/usr/lib64/gcc/x86_64-suse-linux/4.3/crtend.o" "/usr/lib64/gcc/x86_64-suse-linux/4.3/../../../../lib64/crtn.o"" -mIPOPT_il_in_obj -mIPOPT_ipo_activate_warn=FALSE -mIPOPT_obj_output_file_name=/tmp/ipo_icc0jbtzW.o -mGLOB_linker_version=2.23.1 -mGLOB_long_size_64 -mGLOB_routine_pointer_size_64 -mP3OPT_asm_target=P3OPT_ASM_TARGET_GAS -mGLOB_obj_output_file=/tmp/ipo_icc0jbtzW.o -mP1OPT_source_file_name=ipo_out.c CMakeFiles/cmTC_2b77f.dir/CMakeCCompilerABI.c.o -mIPOPT_object_files=/tmp/iccaGUpjAolis -mIPOPT_assembly_files=/tmp/iccWt5m3dalis -mIPOPT_generated_tempfiles=/tmp/iccaSDkNRelis -mIPOPT_embedded_object_base_name=/tmp/icco2wixveobj -mIPOPT_cmdline_link_new_name=/tmp/iccMHOgh9llis
ld    /usr/lib64/gcc/x86_64-suse-linux/4.3/../../../../lib64/crt1.o /usr/lib64/gcc/x86_64-suse-linux/4.3/../../../../lib64/crti.o /usr/lib64/gcc/x86_64-suse-linux/4.3/crtbegin.o -export-dynamic --eh-frame-hdr -dynamic-linker /lib64/ld-linux-x86-64.so.2 -o cmTC_2b77f -L/sw/sdev/intel/composerxe-2011.5.220/composerxe-2011.5.220/compiler/lib/intel64 -L/sw/sdev/intel/composerxe-2011.5.220/composerxe-2011.5.220/ipp/lib/intel64 -L/sw/sdev/intel/composerxe-2011.5.220/composerxe-2011.5.220/compiler/lib/intel64 -L/sw/sdev/intel/composerxe-2011.5.220/composerxe-2011.5.220/mkl/lib/intel64 -L/sw/sdev/intel/composerxe-2011.5.220/composerxe-2011.5.220/tbb/lib/intel64/cc4.1.0_libc2.4_kernel2.6.16.21 -L/home/sw/sdev/intel/composerxe-2011.5.220/composerxe-2011.5.220/compiler/lib/intel64 -L/usr/lib64/gcc/x86_64-suse-linux/4.3 -L/usr/lib64/gcc/x86_64-suse-linux/4.3/../../../../lib64 -L/lib/../lib64 -L/usr/lib/../lib64 -L/sw/sdev/intel/composerxe-2011.5.220/composerxe-2011.5.220/compiler/lib/intel64 -L/sw/sdev/intel/composerxe-2011.5.220/composerxe-2011.5.220/ipp/lib/intel64 -L/sw/sdev/intel/composerxe-2011.5.220/composerxe-2011.5.220/mkl/lib/intel64 -L/sw/sdev/intel/composerxe-2011.5.220/composerxe-2011.5.220/tbb/lib/intel64/cc4.1.0_libc2.4_kernel2.6.16.21 -L/usr/lib64/gcc/x86_64-suse-linux/4.3/../../../../x86_64-suse-linux/lib -L/usr/lib64/gcc/x86_64-suse-linux/4.3/../../.. -L/lib64 -L/lib -L/usr/lib64 -L/usr/lib CMakeFiles/cmTC_2b77f.dir/CMakeCCompilerABI.c.o -Bstatic -limf -lsvml -Bdynamic -lm -Bstatic -lipgo -ldecimal --as-needed -Bdynamic -lcilkrts -lstdc++ --no-as-needed -lgcc_s -lgcc -Bstatic -lirc -Bdynamic -lc -lgcc_s -lgcc -Bstatic -lirc_s -Bdynamic -ldl -lc /usr/lib64/gcc/x86_64-suse-linux/4.3/crtend.o /usr/lib64/gcc/x86_64-suse-linux/4.3/../../../../lib64/crtn.o
rm /tmp/iccu3n85Elibgcc

rm /tmp/iccsLdxPignudirs

rm /tmp/iccaGUpjAolis

rm /tmp/iccWt5m3dalis

rm /tmp/iccaSDkNRelis

rm /tmp/iccMHOgh9llis

rm /tmp/iccS1sf1Mslis

rm /tmp/iccqQreLqscript

rm /tmp/ipo_icc0jbtzW.o

rm /tmp/iccC1Ydv4gas

rm /tmp/icckXEDgIas_.s

rm /tmp/iccA6a41lldashv

rm /tmp/icc0cyGOZgnudirs

rm /tmp/iccCsrvGDldashv

rm /tmp/iccoBlAzharg

gmake[1]: Leaving directory `/home/ntnu/pranavm/TMA4280/Project2/Serial/build/CMakeFiles/CMakeTmp'


Parsed C implicit link information from above output:
  link line regex: [^( *|.*[/\])(ld|([^/\]+-)?ld|collect2)[^/\]*( |$)]
  ignore line: [Change Dir: /home/ntnu/pranavm/TMA4280/Project2/Serial/build/CMakeFiles/CMakeTmp]
  ignore line: []
  ignore line: [Run Build Command:"/usr/bin/gmake" "cmTC_2b77f/fast"]
  ignore line: [/usr/bin/gmake -f CMakeFiles/cmTC_2b77f.dir/build.make CMakeFiles/cmTC_2b77f.dir/build]
  ignore line: [gmake[1]: Entering directory `/home/ntnu/pranavm/TMA4280/Project2/Serial/build/CMakeFiles/CMakeTmp']
  ignore line: [Building C object CMakeFiles/cmTC_2b77f.dir/CMakeCCompilerABI.c.o]
  ignore line: [/sw/sdev/intel/composerxe-2011.5.220/composerxe-2011.5.220/bin/intel64/icc     -o CMakeFiles/cmTC_2b77f.dir/CMakeCCompilerABI.c.o   -c /home/sw/sdev/Modules/cmake/cmake-3.4.3/share/cmake-3.4/Modules/CMakeCCompilerABI.c]
  ignore line: [Linking C executable cmTC_2b77f]
  ignore line: [/home/sw/sdev/Modules/cmake/cmake-3.4.3/bin/cmake -E cmake_link_script CMakeFiles/cmTC_2b77f.dir/link.txt --verbose=1]
  ignore line: [/sw/sdev/intel/composerxe-2011.5.220/composerxe-2011.5.220/bin/intel64/icc      -v CMakeFiles/cmTC_2b77f.dir/CMakeCCompilerABI.c.o  -o cmTC_2b77f -rdynamic  ]
  ignore line: [Version 12.0.5]
  ignore line: [/home/sw/sdev/intel/composerxe-2011.5.220/composerxe-2011.5.220/bin/intel64/mcpcom    -mP1OPT_version=12.0-intel64 -mGLOB_diag_file=CMakeFiles/cmTC_2b77f.dir/CMakeCCompilerABI.c.diag -mP1OPT_print_version=FALSE -mCG_use_gas_got_workaround=F -mP2OPT_align_option_used=TRUE -mGLOB_gcc_version=430 "-mGLOB_options_string=-v -o cmTC_2b77f -rdynamic" -mGLOB_cxx_limited_range=FALSE -mGLOB_as_output_backup_file_name=/tmp/icckXEDgIas_.s -mIPOPT_activate -mGLOB_machine_model=GLOB_MACHINE_MODEL_EFI2 -mGLOB_product_id_code=0x22001ef4 -mP3OPT_use_mspp_call_convention -mPGOPTI_value_profile_use=T -mP2OPT_il0_array_sections=TRUE -mP2OPT_hlo -mP2OPT_hpo_rtt_control=0 -mIPOPT_args_in_regs=0 -mGLOB_imf_mapping_library=/home/sw/sdev/intel/composerxe-2011.5.220/composerxe-2011.5.220/bin/intel64/libiml_attr.so -mIPOPT_link -mIPOPT_ipo_activate -mIPOPT_mo_activate -mIPOPT_source_files_list=/tmp/iccS1sf1Mslis -mIPOPT_mo_global_data -mIPOPT_link_script_file=/tmp/iccqQreLqscript -mIPOPT_link_version=2.23.1 "-mIPOPT_cmdline_link="/usr/lib64/gcc/x86_64-suse-linux/4.3/../../../../lib64/crt1.o" "/usr/lib64/gcc/x86_64-suse-linux/4.3/../../../../lib64/crti.o" "/usr/lib64/gcc/x86_64-suse-linux/4.3/crtbegin.o" "-export-dynamic" "--eh-frame-hdr" "-dynamic-linker" "/lib64/ld-linux-x86-64.so.2" "-o" "cmTC_2b77f" "-L/sw/sdev/intel/composerxe-2011.5.220/composerxe-2011.5.220/compiler/lib/intel64" "-L/sw/sdev/intel/composerxe-2011.5.220/composerxe-2011.5.220/ipp/lib/intel64" "-L/sw/sdev/intel/composerxe-2011.5.220/composerxe-2011.5.220/compiler/lib/intel64" "-L/sw/sdev/intel/composerxe-2011.5.220/composerxe-2011.5.220/mkl/lib/intel64" "-L/sw/sdev/intel/composerxe-2011.5.220/composerxe-2011.5.220/tbb/lib/intel64/cc4.1.0_libc2.4_kernel2.6.16.21" "-L/home/sw/sdev/intel/composerxe-2011.5.220/composerxe-2011.5.220/compiler/lib/intel64" "-L/usr/lib64/gcc/x86_64-suse-linux/4.3" "-L/usr/lib64/gcc/x86_64-suse-linux/4.3/../../../../lib64" "-L/lib/../lib64" "-L/usr/lib/../lib64" "-L/sw/sdev/intel/composerxe-2011.5.220/composerxe-2011.5.220/compiler/lib/intel64" "-L/sw/sdev/intel/composerxe-2011.5.220/composerxe-2011.5.220/ipp/lib/intel64" "-L/sw/sdev/intel/composerxe-2011.5.220/composerxe-2011.5.220/mkl/lib/intel64" "-L/sw/sdev/intel/composerxe-2011.5.220/composerxe-2011.5.220/tbb/lib/intel64/cc4.1.0_libc2.4_kernel2.6.16.21" "-L/usr/lib64/gcc/x86_64-suse-linux/4.3/../../../../x86_64-suse-linux/lib" "-L/usr/lib64/gcc/x86_64-suse-linux/4.3/../../.." "-L/lib64" "-L/lib" "-L/usr/lib64" "-L/usr/lib" "CMakeFiles/cmTC_2b77f.dir/CMakeCCompilerABI.c.o" "-Bstatic" "-limf" "-lsvml" "-Bdynamic" "-lm" "-Bstatic" "-lipgo" "-ldecimal" "--as-needed" "-Bdynamic" "-lcilkrts" "-lstdc++" "--no-as-needed" "-lgcc_s" "-lgcc" "-Bstatic" "-lirc" "-Bdynamic" "-lc" "-lgcc_s" "-lgcc" "-Bstatic" "-lirc_s" "-Bdynamic" "-ldl" "-lc" "/usr/lib64/gcc/x86_64-suse-linux/4.3/crtend.o" "/usr/lib64/gcc/x86_64-suse-linux/4.3/../../../../lib64/crtn.o"" -mIPOPT_il_in_obj -mIPOPT_ipo_activate_warn=FALSE -mIPOPT_obj_output_file_name=/tmp/ipo_icc0jbtzW.o -mGLOB_linker_version=2.23.1 -mGLOB_long_size_64 -mGLOB_routine_pointer_size_64 -mP3OPT_asm_target=P3OPT_ASM_TARGET_GAS -mGLOB_obj_output_file=/tmp/ipo_icc0jbtzW.o -mP1OPT_source_file_name=ipo_out.c CMakeFiles/cmTC_2b77f.dir/CMakeCCompilerABI.c.o -mIPOPT_object_files=/tmp/iccaGUpjAolis -mIPOPT_assembly_files=/tmp/iccWt5m3dalis -mIPOPT_generated_tempfiles=/tmp/iccaSDkNRelis -mIPOPT_embedded_object_base_name=/tmp/icco2wixveobj -mIPOPT_cmdline_link_new_name=/tmp/iccMHOgh9llis]
  link line: [ld    /usr/lib64/gcc/x86_64-suse-linux/4.3/../../../../lib64/crt1.o /usr/lib64/gcc/x86_64-suse-linux/4.3/../../../../lib64/crti.o /usr/lib64/gcc/x86_64-suse-linux/4.3/crtbegin.o -export-dynamic --eh-frame-hdr -dynamic-linker /lib64/ld-linux-x86-64.so.2 -o cmTC_2b77f -L/sw/sdev/intel/composerxe-2011.5.220/composerxe-2011.5.220/compiler/lib/intel64 -L/sw/sdev/intel/composerxe-2011.5.220/composerxe-2011.5.220/ipp/lib/intel64 -L/sw/sdev/intel/composerxe-2011.5.220/composerxe-2011.5.220/compiler/lib/intel64 -L/sw/sdev/intel/composerxe-2011.5.220/composerxe-2011.5.220/mkl/lib/intel64 -L/sw/sdev/intel/composerxe-2011.5.220/composerxe-2011.5.220/tbb/lib/intel64/cc4.1.0_libc2.4_kernel2.6.16.21 -L/home/sw/sdev/intel/composerxe-2011.5.220/composerxe-2011.5.220/compiler/lib/intel64 -L/usr/lib64/gcc/x86_64-suse-linux/4.3 -L/usr/lib64/gcc/x86_64-suse-linux/4.3/../../../../lib64 -L/lib/../lib64 -L/usr/lib/../lib64 -L/sw/sdev/intel/composerxe-2011.5.220/composerxe-2011.5.220/compiler/lib/intel64 -L/sw/sdev/intel/composerxe-2011.5.220/composerxe-2011.5.220/ipp/lib/intel64 -L/sw/sdev/intel/composerxe-2011.5.220/composerxe-2011.5.220/mkl/lib/intel64 -L/sw/sdev/intel/composerxe-2011.5.220/composerxe-2011.5.220/tbb/lib/intel64/cc4.1.0_libc2.4_kernel2.6.16.21 -L/usr/lib64/gcc/x86_64-suse-linux/4.3/../../../../x86_64-suse-linux/lib -L/usr/lib64/gcc/x86_64-suse-linux/4.3/../../.. -L/lib64 -L/lib -L/usr/lib64 -L/usr/lib CMakeFiles/cmTC_2b77f.dir/CMakeCCompilerABI.c.o -Bstatic -limf -lsvml -Bdynamic -lm -Bstatic -lipgo -ldecimal --as-needed -Bdynamic -lcilkrts -lstdc++ --no-as-needed -lgcc_s -lgcc -Bstatic -lirc -Bdynamic -lc -lgcc_s -lgcc -Bstatic -lirc_s -Bdynamic -ldl -lc /usr/lib64/gcc/x86_64-suse-linux/4.3/crtend.o /usr/lib64/gcc/x86_64-suse-linux/4.3/../../../../lib64/crtn.o]
    arg [ld] ==> ignore
    arg [/usr/lib64/gcc/x86_64-suse-linux/4.3/../../../../lib64/crt1.o] ==> ignore
    arg [/usr/lib64/gcc/x86_64-suse-linux/4.3/../../../../lib64/crti.o] ==> ignore
    arg [/usr/lib64/gcc/x86_64-suse-linux/4.3/crtbegin.o] ==> ignore
    arg [-export-dynamic] ==> ignore
    arg [--eh-frame-hdr] ==> ignore
    arg [-dynamic-linker] ==> ignore
    arg [/lib64/ld-linux-x86-64.so.2] ==> ignore
    arg [-o] ==> ignore
    arg [cmTC_2b77f] ==> ignore
    arg [-L/sw/sdev/intel/composerxe-2011.5.220/composerxe-2011.5.220/compiler/lib/intel64] ==> dir [/sw/sdev/intel/composerxe-2011.5.220/composerxe-2011.5.220/compiler/lib/intel64]
    arg [-L/sw/sdev/intel/composerxe-2011.5.220/composerxe-2011.5.220/ipp/lib/intel64] ==> dir [/sw/sdev/intel/composerxe-2011.5.220/composerxe-2011.5.220/ipp/lib/intel64]
    arg [-L/sw/sdev/intel/composerxe-2011.5.220/composerxe-2011.5.220/compiler/lib/intel64] ==> dir [/sw/sdev/intel/composerxe-2011.5.220/composerxe-2011.5.220/compiler/lib/intel64]
    arg [-L/sw/sdev/intel/composerxe-2011.5.220/composerxe-2011.5.220/mkl/lib/intel64] ==> dir [/sw/sdev/intel/composerxe-2011.5.220/composerxe-2011.5.220/mkl/lib/intel64]
    arg [-L/sw/sdev/intel/composerxe-2011.5.220/composerxe-2011.5.220/tbb/lib/intel64/cc4.1.0_libc2.4_kernel2.6.16.21] ==> dir [/sw/sdev/intel/composerxe-2011.5.220/composerxe-2011.5.220/tbb/lib/intel64/cc4.1.0_libc2.4_kernel2.6.16.21]
    arg [-L/home/sw/sdev/intel/composerxe-2011.5.220/composerxe-2011.5.220/compiler/lib/intel64] ==> dir [/home/sw/sdev/intel/composerxe-2011.5.220/composerxe-2011.5.220/compiler/lib/intel64]
    arg [-L/usr/lib64/gcc/x86_64-suse-linux/4.3] ==> dir [/usr/lib64/gcc/x86_64-suse-linux/4.3]
    arg [-L/usr/lib64/gcc/x86_64-suse-linux/4.3/../../../../lib64] ==> dir [/usr/lib64/gcc/x86_64-suse-linux/4.3/../../../../lib64]
    arg [-L/lib/../lib64] ==> dir [/lib/../lib64]
    arg [-L/usr/lib/../lib64] ==> dir [/usr/lib/../lib64]
    arg [-L/sw/sdev/intel/composerxe-2011.5.220/composerxe-2011.5.220/compiler/lib/intel64] ==> dir [/sw/sdev/intel/composerxe-2011.5.220/composerxe-2011.5.220/compiler/lib/intel64]
    arg [-L/sw/sdev/intel/composerxe-2011.5.220/composerxe-2011.5.220/ipp/lib/intel64] ==> dir [/sw/sdev/intel/composerxe-2011.5.220/composerxe-2011.5.220/ipp/lib/intel64]
    arg [-L/sw/sdev/intel/composerxe-2011.5.220/composerxe-2011.5.220/mkl/lib/intel64] ==> dir [/sw/sdev/intel/composerxe-2011.5.220/composerxe-2011.5.220/mkl/lib/intel64]
    arg [-L/sw/sdev/intel/composerxe-2011.5.220/composerxe-2011.5.220/tbb/lib/intel64/cc4.1.0_libc2.4_kernel2.6.16.21] ==> dir [/sw/sdev/intel/composerxe-2011.5.220/composerxe-2011.5.220/tbb/lib/intel64/cc4.1.0_libc2.4_kernel2.6.16.21]
    arg [-L/usr/lib64/gcc/x86_64-suse-linux/4.3/../../../../x86_64-suse-linux/lib] ==> dir [/usr/lib64/gcc/x86_64-suse-linux/4.3/../../../../x86_64-suse-linux/lib]
    arg [-L/usr/lib64/gcc/x86_64-suse-linux/4.3/../../..] ==> dir [/usr/lib64/gcc/x86_64-suse-linux/4.3/../../..]
    arg [-L/lib64] ==> dir [/lib64]
    arg [-L/lib] ==> dir [/lib]
    arg [-L/usr/lib64] ==> dir [/usr/lib64]
    arg [-L/usr/lib] ==> dir [/usr/lib]
    arg [CMakeFiles/cmTC_2b77f.dir/CMakeCCompilerABI.c.o] ==> ignore
    arg [-Bstatic] ==> ignore
    arg [-limf] ==> lib [imf]
    arg [-lsvml] ==> lib [svml]
    arg [-Bdynamic] ==> ignore
    arg [-lm] ==> lib [m]
    arg [-Bstatic] ==> ignore
    arg [-lipgo] ==> lib [ipgo]
    arg [-ldecimal] ==> lib [decimal]
    arg [--as-needed] ==> ignore
    arg [-Bdynamic] ==> ignore
    arg [-lcilkrts] ==> lib [cilkrts]
    arg [-lstdc++] ==> lib [stdc++]
    arg [--no-as-needed] ==> ignore
    arg [-lgcc_s] ==> lib [gcc_s]
    arg [-lgcc] ==> lib [gcc]
    arg [-Bstatic] ==> ignore
    arg [-lirc] ==> lib [irc]
    arg [-Bdynamic] ==> ignore
    arg [-lc] ==> lib [c]
    arg [-lgcc_s] ==> lib [gcc_s]
    arg [-lgcc] ==> lib [gcc]
    arg [-Bstatic] ==> ignore
    arg [-lirc_s] ==> lib [irc_s]
    arg [-Bdynamic] ==> ignore
    arg [-ldl] ==> lib [dl]
    arg [-lc] ==> lib [c]
    arg [/usr/lib64/gcc/x86_64-suse-linux/4.3/crtend.o] ==> ignore
    arg [/usr/lib64/gcc/x86_64-suse-linux/4.3/../../../../lib64/crtn.o] ==> ignore
  remove lib [gcc_s]
  remove lib [gcc]
  remove lib [gcc_s]
  remove lib [gcc]
  collapse library dir [/sw/sdev/intel/composerxe-2011.5.220/composerxe-2011.5.220/compiler/lib/intel64] ==> [/sw/sdev/intel/composerxe-2011.5.220/composerxe-2011.5.220/compiler/lib/intel64]
  collapse library dir [/sw/sdev/intel/composerxe-2011.5.220/composerxe-2011.5.220/ipp/lib/intel64] ==> [/sw/sdev/intel/composerxe-2011.5.220/composerxe-2011.5.220/ipp/lib/intel64]
  collapse library dir [/sw/sdev/intel/composerxe-2011.5.220/composerxe-2011.5.220/compiler/lib/intel64] ==> [/sw/sdev/intel/composerxe-2011.5.220/composerxe-2011.5.220/compiler/lib/intel64]
  collapse library dir [/sw/sdev/intel/composerxe-2011.5.220/composerxe-2011.5.220/mkl/lib/intel64] ==> [/sw/sdev/intel/composerxe-2011.5.220/composerxe-2011.5.220/mkl/lib/intel64]
  collapse library dir [/sw/sdev/intel/composerxe-2011.5.220/composerxe-2011.5.220/tbb/lib/intel64/cc4.1.0_libc2.4_kernel2.6.16.21] ==> [/sw/sdev/intel/composerxe-2011.5.220/composerxe-2011.5.220/tbb/lib/intel64/cc4.1.0_libc2.4_kernel2.6.16.21]
  collapse library dir [/home/sw/sdev/intel/composerxe-2011.5.220/composerxe-2011.5.220/compiler/lib/intel64] ==> [/home/sw/sdev/intel/composerxe-2011.5.220/composerxe-2011.5.220/compiler/lib/intel64]
  collapse library dir [/usr/lib64/gcc/x86_64-suse-linux/4.3] ==> [/usr/lib64/gcc/x86_64-suse-linux/4.3]
  collapse library dir [/usr/lib64/gcc/x86_64-suse-linux/4.3/../../../../lib64] ==> [/usr/lib64]
  collapse library dir [/lib/../lib64] ==> [/lib64]
  collapse library dir [/usr/lib/../lib64] ==> [/usr/lib64]
  collapse library dir [/sw/sdev/intel/composerxe-2011.5.220/composerxe-2011.5.220/compiler/lib/intel64] ==> [/sw/sdev/intel/composerxe-2011.5.220/composerxe-2011.5.220/compiler/lib/intel64]
  collapse library dir [/sw/sdev/intel/composerxe-2011.5.220/composerxe-2011.5.220/ipp/lib/intel64] ==> [/sw/sdev/intel/composerxe-2011.5.220/composerxe-2011.5.220/ipp/lib/intel64]
  collapse library dir [/sw/sdev/intel/composerxe-2011.5.220/composerxe-2011.5.220/mkl/lib/intel64] ==> [/sw/sdev/intel/composerxe-2011.5.220/composerxe-2011.5.220/mkl/lib/intel64]
  collapse library dir [/sw/sdev/intel/composerxe-2011.5.220/composerxe-2011.5.220/tbb/lib/intel64/cc4.1.0_libc2.4_kernel2.6.16.21] ==> [/sw/sdev/intel/composerxe-2011.5.220/composerxe-2011.5.220/tbb/lib/intel64/cc4.1.0_libc2.4_kernel2.6.16.21]
  collapse library dir [/usr/lib64/gcc/x86_64-suse-linux/4.3/../../../../x86_64-suse-linux/lib] ==> [/usr/x86_64-suse-linux/lib]
  collapse library dir [/usr/lib64/gcc/x86_64-suse-linux/4.3/../../..] ==> [/usr/lib64]
  collapse library dir [/lib64] ==> [/lib64]
  collapse library dir [/lib] ==> [/lib]
  collapse library dir [/usr/lib64] ==> [/usr/lib64]
  collapse library dir [/usr/lib] ==> [/usr/lib]
  implicit libs: [imf;svml;m;ipgo;decimal;cilkrts;stdc++;irc;c;irc_s;dl;c]
  implicit dirs: [/sw/sdev/intel/composerxe-2011.5.220/composerxe-2011.5.220/compiler/lib/intel64;/sw/sdev/intel/composerxe-2011.5.220/composerxe-2011.5.220/ipp/lib/intel64;/sw/sdev/intel/composerxe-2011.5.220/composerxe-2011.5.220/mkl/lib/intel64;/sw/sdev/intel/composerxe-2011.5.220/composerxe-2011.5.220/tbb/lib/intel64/cc4.1.0_libc2.4_kernel2.6.16.21;/home/sw/sdev/intel/composerxe-2011.5.220/composerxe-2011.5.220/compiler/lib/intel64;/usr/lib64/gcc/x86_64-suse-linux/4.3;/usr/lib64;/lib64;/usr/x86_64-suse-linux/lib;/lib;/usr/lib]
  implicit fwks: []


Determining if the CXX compiler works passed with the following output:
Change Dir: /home/ntnu/pranavm/TMA4280/Project2/Serial/build/CMakeFiles/CMakeTmp

Run Build Command:"/usr/bin/gmake" "cmTC_0c908/fast"
/usr/bin/gmake -f CMakeFiles/cmTC_0c908.dir/build.make CMakeFiles/cmTC_0c908.dir/build
gmake[1]: Entering directory `/home/ntnu/pranavm/TMA4280/Project2/Serial/build/CMakeFiles/CMakeTmp'
Building CXX object CMakeFiles/cmTC_0c908.dir/testCXXCompiler.cxx.o
/sw/sdev/intel/composerxe-2011.5.220/composerxe-2011.5.220/bin/intel64/icpc      -o CMakeFiles/cmTC_0c908.dir/testCXXCompiler.cxx.o -c /home/ntnu/pranavm/TMA4280/Project2/Serial/build/CMakeFiles/CMakeTmp/testCXXCompiler.cxx
Linking CXX executable cmTC_0c908
/home/sw/sdev/Modules/cmake/cmake-3.4.3/bin/cmake -E cmake_link_script CMakeFiles/cmTC_0c908.dir/link.txt --verbose=1
/sw/sdev/intel/composerxe-2011.5.220/composerxe-2011.5.220/bin/intel64/icpc        CMakeFiles/cmTC_0c908.dir/testCXXCompiler.cxx.o  -o cmTC_0c908 -rdynamic 
gmake[1]: Leaving directory `/home/ntnu/pranavm/TMA4280/Project2/Serial/build/CMakeFiles/CMakeTmp'


Detecting CXX compiler ABI info compiled with the following output:
Change Dir: /home/ntnu/pranavm/TMA4280/Project2/Serial/build/CMakeFiles/CMakeTmp

Run Build Command:"/usr/bin/gmake" "cmTC_3ce6d/fast"
/usr/bin/gmake -f CMakeFiles/cmTC_3ce6d.dir/build.make CMakeFiles/cmTC_3ce6d.dir/build
gmake[1]: Entering directory `/home/ntnu/pranavm/TMA4280/Project2/Serial/build/CMakeFiles/CMakeTmp'
Building CXX object CMakeFiles/cmTC_3ce6d.dir/CMakeCXXCompilerABI.cpp.o
/sw/sdev/intel/composerxe-2011.5.220/composerxe-2011.5.220/bin/intel64/icpc      -o CMakeFiles/cmTC_3ce6d.dir/CMakeCXXCompilerABI.cpp.o -c /home/sw/sdev/Modules/cmake/cmake-3.4.3/share/cmake-3.4/Modules/CMakeCXXCompilerABI.cpp
Linking CXX executable cmTC_3ce6d
/home/sw/sdev/Modules/cmake/cmake-3.4.3/bin/cmake -E cmake_link_script CMakeFiles/cmTC_3ce6d.dir/link.txt --verbose=1
/sw/sdev/intel/composerxe-2011.5.220/composerxe-2011.5.220/bin/intel64/icpc       -v CMakeFiles/cmTC_3ce6d.dir/CMakeCXXCompilerABI.cpp.o  -o cmTC_3ce6d -rdynamic  
Version 12.0.5
/home/sw/sdev/intel/composerxe-2011.5.220/composerxe-2011.5.220/bin/intel64/mcpcom    -mP1OPT_version=12.0-intel64 -mGLOB_diag_file=CMakeFiles/cmTC_3ce6d.dir/CMakeCXXCompilerABI.cpp.diag -mP1OPT_print_version=FALSE -mCG_use_gas_got_workaround=F -mP2OPT_align_option_used=TRUE -mGLOB_gcc_version=430 "-mGLOB_options_string=-v -o cmTC_3ce6d -rdynamic" -mGLOB_cxx_limited_range=FALSE -mGLOB_as_output_backup_file_name=/tmp/icpcLze7Heas_.s -mIPOPT_activate -mGLOB_machine_model=GLOB_MACHINE_MODEL_EFI2 -mGLOB_product_id_code=0x22001ef1 -mP3OPT_use_mspp_call_convention -mPGOPTI_value_profile_use=T -mP2OPT_il0_array_sections=TRUE -mP2OPT_hlo -mP2OPT_hpo_rtt_control=0 -mIPOPT_args_in_regs=0 -mGLOB_imf_mapping_library=/home/sw/sdev/intel/composerxe-2011.5.220/composerxe-2011.5.220/bin/intel64/libiml_attr.so -mIPOPT_link -mIPOPT_ipo_activate -mIPOPT_mo_activate -mIPOPT_source_files_list=/tmp/icpcrt6hlUslis -mIPOPT_mo_global_data -mIPOPT_link_script_file=/tmp/icpc9bTpsGscript -mIPOPT_link_version=2.23.1 "-mIPOPT_cmdline_link="/usr/lib64/gcc/x86_64-suse-linux/4.3/../../../../lib64/crt1.o" "/usr/lib64/gcc/x86_64-suse-linux/4.3/../../../../lib64/crti.o" "/usr/lib64/gcc/x86_64-suse-linux/4.3/crtbegin.o" "-export-dynamic" "--eh-frame-hdr" "-dynamic-linker" "/lib64/ld-linux-x86-64.so.2" "-o" "cmTC_3ce6d" "-L/sw/sdev/intel/composerxe-2011.5.220/composerxe-2011.5.220/compiler/lib/intel64" "-L/sw/sdev/intel/composerxe-2011.5.220/composerxe-2011.5.220/ipp/lib/intel64" "-L/sw/sdev/intel/composerxe-2011.5.220/composerxe-2011.5.220/compiler/lib/intel64" "-L/sw/sdev/intel/composerxe-2011.5.220/composerxe-2011.5.220/mkl/lib/intel64" "-L/sw/sdev/intel/composerxe-2011.5.220/composerxe-2011.5.220/tbb/lib/intel64/cc4.1.0_libc2.4_kernel2.6.16.21" "-L/home/sw/sdev/intel/composerxe-2011.5.220/composerxe-2011.5.220/compiler/lib/intel64" "-L/usr/lib64/gcc/x86_64-suse-linux/4.3" "-L/usr/lib64/gcc/x86_64-suse-linux/4.3/../../../../lib64" "-L/lib/../lib64" "-L/usr/lib/../lib64" "-L/sw/sdev/intel/composerxe-2011.5.220/composerxe-2011.5.220/compiler/lib/intel64" "-L/sw/sdev/intel/composerxe-2011.5.220/composerxe-2011.5.220/ipp/lib/intel64" "-L/sw/sdev/intel/composerxe-2011.5.220/composerxe-2011.5.220/mkl/lib/intel64" "-L/sw/sdev/intel/composerxe-2011.5.220/composerxe-2011.5.220/tbb/lib/intel64/cc4.1.0_libc2.4_kernel2.6.16.21" "-L/usr/lib64/gcc/x86_64-suse-linux/4.3/../../../../x86_64-suse-linux/lib" "-L/usr/lib64/gcc/x86_64-suse-linux/4.3/../../.." "-L/lib64" "-L/lib" "-L/usr/lib64" "-L/usr/lib" "CMakeFiles/cmTC_3ce6d.dir/CMakeCXXCompilerABI.cpp.o" "-Bstatic" "-limf" "-lsvml" "-Bdynamic" "-lm" "-Bstatic" "-lipgo" "-ldecimal" "--as-needed" "-Bdynamic" "-lcilkrts" "--no-as-needed" "-lstdc++" "-lgcc_s" "-lgcc" "-Bstatic" "-lirc" "-Bdynamic" "-lc" "-lgcc_s" "-lgcc" "-Bstatic" "-lirc_s" "-Bdynamic" "-ldl" "-lc" "/usr/lib64/gcc/x86_64-suse-linux/4.3/crtend.o" "/usr/lib64/gcc/x86_64-suse-linux/4.3/../../../../lib64/crtn.o"" -mIPOPT_il_in_obj -mIPOPT_ipo_activate_warn=FALSE -mIPOPT_obj_output_file_name=/tmp/ipo_icpcDbyFEf.o -mGLOB_linker_version=2.23.1 -mGLOB_long_size_64 -mGLOB_routine_pointer_size_64 -mP3OPT_asm_target=P3OPT_ASM_TARGET_GAS -mGLOB_obj_output_file=/tmp/ipo_icpcDbyFEf.o -mP1OPT_source_file_name=ipo_out.c CMakeFiles/cmTC_3ce6d.dir/CMakeCXXCompilerABI.cpp.o -mIPOPT_object_files=/tmp/icpcF6XKL1olis -mIPOPT_assembly_files=/tmp/icpcfVPQSNalis -mIPOPT_generated_tempfiles=/tmp/icpc1h5WZzelis -mIPOPT_embedded_object_base_name=/tmp/icpcLTH36leobj -mIPOPT_cmdline_link_new_name=/tmp/icpcJeHae8llis
ld    /usr/lib64/gcc/x86_64-suse-linux/4.3/../../../../lib64/crt1.o /usr/lib64/gcc/x86_64-suse-linux/4.3/../../../../lib64/crti.o /usr/lib64/gcc/x86_64-suse-linux/4.3/crtbegin.o -export-dynamic --eh-frame-hdr -dynamic-linker /lib64/ld-linux-x86-64.so.2 -o cmTC_3ce6d -L/sw/sdev/intel/composerxe-2011.5.220/composerxe-2011.5.220/compiler/lib/intel64 -L/sw/sdev/intel/composerxe-2011.5.220/composerxe-2011.5.220/ipp/lib/intel64 -L/sw/sdev/intel/composerxe-2011.5.220/composerxe-2011.5.220/compiler/lib/intel64 -L/sw/sdev/intel/composerxe-2011.5.220/composerxe-2011.5.220/mkl/lib/intel64 -L/sw/sdev/intel/composerxe-2011.5.220/composerxe-2011.5.220/tbb/lib/intel64/cc4.1.0_libc2.4_kernel2.6.16.21 -L/home/sw/sdev/intel/composerxe-2011.5.220/composerxe-2011.5.220/compiler/lib/intel64 -L/usr/lib64/gcc/x86_64-suse-linux/4.3 -L/usr/lib64/gcc/x86_64-suse-linux/4.3/../../../../lib64 -L/lib/../lib64 -L/usr/lib/../lib64 -L/sw/sdev/intel/composerxe-2011.5.220/composerxe-2011.5.220/compiler/lib/intel64 -L/sw/sdev/intel/composerxe-2011.5.220/composerxe-2011.5.220/ipp/lib/intel64 -L/sw/sdev/intel/composerxe-2011.5.220/composerxe-2011.5.220/mkl/lib/intel64 -L/sw/sdev/intel/composerxe-2011.5.220/composerxe-2011.5.220/tbb/lib/intel64/cc4.1.0_libc2.4_kernel2.6.16.21 -L/usr/lib64/gcc/x86_64-suse-linux/4.3/../../../../x86_64-suse-linux/lib -L/usr/lib64/gcc/x86_64-suse-linux/4.3/../../.. -L/lib64 -L/lib -L/usr/lib64 -L/usr/lib CMakeFiles/cmTC_3ce6d.dir/CMakeCXXCompilerABI.cpp.o -Bstatic -limf -lsvml -Bdynamic -lm -Bstatic -lipgo -ldecimal --as-needed -Bdynamic -lcilkrts --no-as-needed -lstdc++ -lgcc_s -lgcc -Bstatic -lirc -Bdynamic -lc -lgcc_s -lgcc -Bstatic -lirc_s -Bdynamic -ldl -lc /usr/lib64/gcc/x86_64-suse-linux/4.3/crtend.o /usr/lib64/gcc/x86_64-suse-linux/4.3/../../../../lib64/crtn.o
rm /tmp/icpcrS89qHlibgcc

rm /tmp/icpcduSAxtgnudirs

rm /tmp/icpcF6XKL1olis

rm /tmp/icpcfVPQSNalis

rm /tmp/icpc1h5WZzelis

rm /tmp/icpcJeHae8llis

rm /tmp/icpcrt6hlUslis

rm /tmp/icpc9bTpsGscript

rm /tmp/ipo_icpcDbyFEf.o

rm /tmp/icpcV0byzsgas

rm /tmp/icpcLze7Heas_.s

rm /tmp/icpcZSuHQ0ldashv

rm /tmp/icpclE0k0Mgnudirs

rm /tmp/icpcF5dRazldashv

rm /tmp/icpcvchxmlarg

gmake[1]: Leaving directory `/home/ntnu/pranavm/TMA4280/Project2/Serial/build/CMakeFiles/CMakeTmp'


Parsed CXX implicit link information from above output:
  link line regex: [^( *|.*[/\])(ld|([^/\]+-)?ld|collect2)[^/\]*( |$)]
  ignore line: [Change Dir: /home/ntnu/pranavm/TMA4280/Project2/Serial/build/CMakeFiles/CMakeTmp]
  ignore line: []
  ignore line: [Run Build Command:"/usr/bin/gmake" "cmTC_3ce6d/fast"]
  ignore line: [/usr/bin/gmake -f CMakeFiles/cmTC_3ce6d.dir/build.make CMakeFiles/cmTC_3ce6d.dir/build]
  ignore line: [gmake[1]: Entering directory `/home/ntnu/pranavm/TMA4280/Project2/Serial/build/CMakeFiles/CMakeTmp']
  ignore line: [Building CXX object CMakeFiles/cmTC_3ce6d.dir/CMakeCXXCompilerABI.cpp.o]
  ignore line: [/sw/sdev/intel/composerxe-2011.5.220/composerxe-2011.5.220/bin/intel64/icpc      -o CMakeFiles/cmTC_3ce6d.dir/CMakeCXXCompilerABI.cpp.o -c /home/sw/sdev/Modules/cmake/cmake-3.4.3/share/cmake-3.4/Modules/CMakeCXXCompilerABI.cpp]
  ignore line: [Linking CXX executable cmTC_3ce6d]
  ignore line: [/home/sw/sdev/Modules/cmake/cmake-3.4.3/bin/cmake -E cmake_link_script CMakeFiles/cmTC_3ce6d.dir/link.txt --verbose=1]
  ignore line: [/sw/sdev/intel/composerxe-2011.5.220/composerxe-2011.5.220/bin/intel64/icpc       -v CMakeFiles/cmTC_3ce6d.dir/CMakeCXXCompilerABI.cpp.o  -o cmTC_3ce6d -rdynamic  ]
  ignore line: [Version 12.0.5]
  ignore line: [/home/sw/sdev/intel/composerxe-2011.5.220/composerxe-2011.5.220/bin/intel64/mcpcom    -mP1OPT_version=12.0-intel64 -mGLOB_diag_file=CMakeFiles/cmTC_3ce6d.dir/CMakeCXXCompilerABI.cpp.diag -mP1OPT_print_version=FALSE -mCG_use_gas_got_workaround=F -mP2OPT_align_option_used=TRUE -mGLOB_gcc_version=430 "-mGLOB_options_string=-v -o cmTC_3ce6d -rdynamic" -mGLOB_cxx_limited_range=FALSE -mGLOB_as_output_backup_file_name=/tmp/icpcLze7Heas_.s -mIPOPT_activate -mGLOB_machine_model=GLOB_MACHINE_MODEL_EFI2 -mGLOB_product_id_code=0x22001ef1 -mP3OPT_use_mspp_call_convention -mPGOPTI_value_profile_use=T -mP2OPT_il0_array_sections=TRUE -mP2OPT_hlo -mP2OPT_hpo_rtt_control=0 -mIPOPT_args_in_regs=0 -mGLOB_imf_mapping_library=/home/sw/sdev/intel/composerxe-2011.5.220/composerxe-2011.5.220/bin/intel64/libiml_attr.so -mIPOPT_link -mIPOPT_ipo_activate -mIPOPT_mo_activate -mIPOPT_source_files_list=/tmp/icpcrt6hlUslis -mIPOPT_mo_global_data -mIPOPT_link_script_file=/tmp/icpc9bTpsGscript -mIPOPT_link_version=2.23.1 "-mIPOPT_cmdline_link="/usr/lib64/gcc/x86_64-suse-linux/4.3/../../../../lib64/crt1.o" "/usr/lib64/gcc/x86_64-suse-linux/4.3/../../../../lib64/crti.o" "/usr/lib64/gcc/x86_64-suse-linux/4.3/crtbegin.o" "-export-dynamic" "--eh-frame-hdr" "-dynamic-linker" "/lib64/ld-linux-x86-64.so.2" "-o" "cmTC_3ce6d" "-L/sw/sdev/intel/composerxe-2011.5.220/composerxe-2011.5.220/compiler/lib/intel64" "-L/sw/sdev/intel/composerxe-2011.5.220/composerxe-2011.5.220/ipp/lib/intel64" "-L/sw/sdev/intel/composerxe-2011.5.220/composerxe-2011.5.220/compiler/lib/intel64" "-L/sw/sdev/intel/composerxe-2011.5.220/composerxe-2011.5.220/mkl/lib/intel64" "-L/sw/sdev/intel/composerxe-2011.5.220/composerxe-2011.5.220/tbb/lib/intel64/cc4.1.0_libc2.4_kernel2.6.16.21" "-L/home/sw/sdev/intel/composerxe-2011.5.220/composerxe-2011.5.220/compiler/lib/intel64" "-L/usr/lib64/gcc/x86_64-suse-linux/4.3" "-L/usr/lib64/gcc/x86_64-suse-linux/4.3/../../../../lib64" "-L/lib/../lib64" "-L/usr/lib/../lib64" "-L/sw/sdev/intel/composerxe-2011.5.220/composerxe-2011.5.220/compiler/lib/intel64" "-L/sw/sdev/intel/composerxe-2011.5.220/composerxe-2011.5.220/ipp/lib/intel64" "-L/sw/sdev/intel/composerxe-2011.5.220/composerxe-2011.5.220/mkl/lib/intel64" "-L/sw/sdev/intel/composerxe-2011.5.220/composerxe-2011.5.220/tbb/lib/intel64/cc4.1.0_libc2.4_kernel2.6.16.21" "-L/usr/lib64/gcc/x86_64-suse-linux/4.3/../../../../x86_64-suse-linux/lib" "-L/usr/lib64/gcc/x86_64-suse-linux/4.3/../../.." "-L/lib64" "-L/lib" "-L/usr/lib64" "-L/usr/lib" "CMakeFiles/cmTC_3ce6d.dir/CMakeCXXCompilerABI.cpp.o" "-Bstatic" "-limf" "-lsvml" "-Bdynamic" "-lm" "-Bstatic" "-lipgo" "-ldecimal" "--as-needed" "-Bdynamic" "-lcilkrts" "--no-as-needed" "-lstdc++" "-lgcc_s" "-lgcc" "-Bstatic" "-lirc" "-Bdynamic" "-lc" "-lgcc_s" "-lgcc" "-Bstatic" "-lirc_s" "-Bdynamic" "-ldl" "-lc" "/usr/lib64/gcc/x86_64-suse-linux/4.3/crtend.o" "/usr/lib64/gcc/x86_64-suse-linux/4.3/../../../../lib64/crtn.o"" -mIPOPT_il_in_obj -mIPOPT_ipo_activate_warn=FALSE -mIPOPT_obj_output_file_name=/tmp/ipo_icpcDbyFEf.o -mGLOB_linker_version=2.23.1 -mGLOB_long_size_64 -mGLOB_routine_pointer_size_64 -mP3OPT_asm_target=P3OPT_ASM_TARGET_GAS -mGLOB_obj_output_file=/tmp/ipo_icpcDbyFEf.o -mP1OPT_source_file_name=ipo_out.c CMakeFiles/cmTC_3ce6d.dir/CMakeCXXCompilerABI.cpp.o -mIPOPT_object_files=/tmp/icpcF6XKL1olis -mIPOPT_assembly_files=/tmp/icpcfVPQSNalis -mIPOPT_generated_tempfiles=/tmp/icpc1h5WZzelis -mIPOPT_embedded_object_base_name=/tmp/icpcLTH36leobj -mIPOPT_cmdline_link_new_name=/tmp/icpcJeHae8llis]
  link line: [ld    /usr/lib64/gcc/x86_64-suse-linux/4.3/../../../../lib64/crt1.o /usr/lib64/gcc/x86_64-suse-linux/4.3/../../../../lib64/crti.o /usr/lib64/gcc/x86_64-suse-linux/4.3/crtbegin.o -export-dynamic --eh-frame-hdr -dynamic-linker /lib64/ld-linux-x86-64.so.2 -o cmTC_3ce6d -L/sw/sdev/intel/composerxe-2011.5.220/composerxe-2011.5.220/compiler/lib/intel64 -L/sw/sdev/intel/composerxe-2011.5.220/composerxe-2011.5.220/ipp/lib/intel64 -L/sw/sdev/intel/composerxe-2011.5.220/composerxe-2011.5.220/compiler/lib/intel64 -L/sw/sdev/intel/composerxe-2011.5.220/composerxe-2011.5.220/mkl/lib/intel64 -L/sw/sdev/intel/composerxe-2011.5.220/composerxe-2011.5.220/tbb/lib/intel64/cc4.1.0_libc2.4_kernel2.6.16.21 -L/home/sw/sdev/intel/composerxe-2011.5.220/composerxe-2011.5.220/compiler/lib/intel64 -L/usr/lib64/gcc/x86_64-suse-linux/4.3 -L/usr/lib64/gcc/x86_64-suse-linux/4.3/../../../../lib64 -L/lib/../lib64 -L/usr/lib/../lib64 -L/sw/sdev/intel/composerxe-2011.5.220/composerxe-2011.5.220/compiler/lib/intel64 -L/sw/sdev/intel/composerxe-2011.5.220/composerxe-2011.5.220/ipp/lib/intel64 -L/sw/sdev/intel/composerxe-2011.5.220/composerxe-2011.5.220/mkl/lib/intel64 -L/sw/sdev/intel/composerxe-2011.5.220/composerxe-2011.5.220/tbb/lib/intel64/cc4.1.0_libc2.4_kernel2.6.16.21 -L/usr/lib64/gcc/x86_64-suse-linux/4.3/../../../../x86_64-suse-linux/lib -L/usr/lib64/gcc/x86_64-suse-linux/4.3/../../.. -L/lib64 -L/lib -L/usr/lib64 -L/usr/lib CMakeFiles/cmTC_3ce6d.dir/CMakeCXXCompilerABI.cpp.o -Bstatic -limf -lsvml -Bdynamic -lm -Bstatic -lipgo -ldecimal --as-needed -Bdynamic -lcilkrts --no-as-needed -lstdc++ -lgcc_s -lgcc -Bstatic -lirc -Bdynamic -lc -lgcc_s -lgcc -Bstatic -lirc_s -Bdynamic -ldl -lc /usr/lib64/gcc/x86_64-suse-linux/4.3/crtend.o /usr/lib64/gcc/x86_64-suse-linux/4.3/../../../../lib64/crtn.o]
    arg [ld] ==> ignore
    arg [/usr/lib64/gcc/x86_64-suse-linux/4.3/../../../../lib64/crt1.o] ==> ignore
    arg [/usr/lib64/gcc/x86_64-suse-linux/4.3/../../../../lib64/crti.o] ==> ignore
    arg [/usr/lib64/gcc/x86_64-suse-linux/4.3/crtbegin.o] ==> ignore
    arg [-export-dynamic] ==> ignore
    arg [--eh-frame-hdr] ==> ignore
    arg [-dynamic-linker] ==> ignore
    arg [/lib64/ld-linux-x86-64.so.2] ==> ignore
    arg [-o] ==> ignore
    arg [cmTC_3ce6d] ==> ignore
    arg [-L/sw/sdev/intel/composerxe-2011.5.220/composerxe-2011.5.220/compiler/lib/intel64] ==> dir [/sw/sdev/intel/composerxe-2011.5.220/composerxe-2011.5.220/compiler/lib/intel64]
    arg [-L/sw/sdev/intel/composerxe-2011.5.220/composerxe-2011.5.220/ipp/lib/intel64] ==> dir [/sw/sdev/intel/composerxe-2011.5.220/composerxe-2011.5.220/ipp/lib/intel64]
    arg [-L/sw/sdev/intel/composerxe-2011.5.220/composerxe-2011.5.220/compiler/lib/intel64] ==> dir [/sw/sdev/intel/composerxe-2011.5.220/composerxe-2011.5.220/compiler/lib/intel64]
    arg [-L/sw/sdev/intel/composerxe-2011.5.220/composerxe-2011.5.220/mkl/lib/intel64] ==> dir [/sw/sdev/intel/composerxe-2011.5.220/composerxe-2011.5.220/mkl/lib/intel64]
    arg [-L/sw/sdev/intel/composerxe-2011.5.220/composerxe-2011.5.220/tbb/lib/intel64/cc4.1.0_libc2.4_kernel2.6.16.21] ==> dir [/sw/sdev/intel/composerxe-2011.5.220/composerxe-2011.5.220/tbb/lib/intel64/cc4.1.0_libc2.4_kernel2.6.16.21]
    arg [-L/home/sw/sdev/intel/composerxe-2011.5.220/composerxe-2011.5.220/compiler/lib/intel64] ==> dir [/home/sw/sdev/intel/composerxe-2011.5.220/composerxe-2011.5.220/compiler/lib/intel64]
    arg [-L/usr/lib64/gcc/x86_64-suse-linux/4.3] ==> dir [/usr/lib64/gcc/x86_64-suse-linux/4.3]
    arg [-L/usr/lib64/gcc/x86_64-suse-linux/4.3/../../../../lib64] ==> dir [/usr/lib64/gcc/x86_64-suse-linux/4.3/../../../../lib64]
    arg [-L/lib/../lib64] ==> dir [/lib/../lib64]
    arg [-L/usr/lib/../lib64] ==> dir [/usr/lib/../lib64]
    arg [-L/sw/sdev/intel/composerxe-2011.5.220/composerxe-2011.5.220/compiler/lib/intel64] ==> dir [/sw/sdev/intel/composerxe-2011.5.220/composerxe-2011.5.220/compiler/lib/intel64]
    arg [-L/sw/sdev/intel/composerxe-2011.5.220/composerxe-2011.5.220/ipp/lib/intel64] ==> dir [/sw/sdev/intel/composerxe-2011.5.220/composerxe-2011.5.220/ipp/lib/intel64]
    arg [-L/sw/sdev/intel/composerxe-2011.5.220/composerxe-2011.5.220/mkl/lib/intel64] ==> dir [/sw/sdev/intel/composerxe-2011.5.220/composerxe-2011.5.220/mkl/lib/intel64]
    arg [-L/sw/sdev/intel/composerxe-2011.5.220/composerxe-2011.5.220/tbb/lib/intel64/cc4.1.0_libc2.4_kernel2.6.16.21] ==> dir [/sw/sdev/intel/composerxe-2011.5.220/composerxe-2011.5.220/tbb/lib/intel64/cc4.1.0_libc2.4_kernel2.6.16.21]
    arg [-L/usr/lib64/gcc/x86_64-suse-linux/4.3/../../../../x86_64-suse-linux/lib] ==> dir [/usr/lib64/gcc/x86_64-suse-linux/4.3/../../../../x86_64-suse-linux/lib]
    arg [-L/usr/lib64/gcc/x86_64-suse-linux/4.3/../../..] ==> dir [/usr/lib64/gcc/x86_64-suse-linux/4.3/../../..]
    arg [-L/lib64] ==> dir [/lib64]
    arg [-L/lib] ==> dir [/lib]
    arg [-L/usr/lib64] ==> dir [/usr/lib64]
    arg [-L/usr/lib] ==> dir [/usr/lib]
    arg [CMakeFiles/cmTC_3ce6d.dir/CMakeCXXCompilerABI.cpp.o] ==> ignore
    arg [-Bstatic] ==> ignore
    arg [-limf] ==> lib [imf]
    arg [-lsvml] ==> lib [svml]
    arg [-Bdynamic] ==> ignore
    arg [-lm] ==> lib [m]
    arg [-Bstatic] ==> ignore
    arg [-lipgo] ==> lib [ipgo]
    arg [-ldecimal] ==> lib [decimal]
    arg [--as-needed] ==> ignore
    arg [-Bdynamic] ==> ignore
    arg [-lcilkrts] ==> lib [cilkrts]
    arg [--no-as-needed] ==> ignore
    arg [-lstdc++] ==> lib [stdc++]
    arg [-lgcc_s] ==> lib [gcc_s]
    arg [-lgcc] ==> lib [gcc]
    arg [-Bstatic] ==> ignore
    arg [-lirc] ==> lib [irc]
    arg [-Bdynamic] ==> ignore
    arg [-lc] ==> lib [c]
    arg [-lgcc_s] ==> lib [gcc_s]
    arg [-lgcc] ==> lib [gcc]
    arg [-Bstatic] ==> ignore
    arg [-lirc_s] ==> lib [irc_s]
    arg [-Bdynamic] ==> ignore
    arg [-ldl] ==> lib [dl]
    arg [-lc] ==> lib [c]
    arg [/usr/lib64/gcc/x86_64-suse-linux/4.3/crtend.o] ==> ignore
    arg [/usr/lib64/gcc/x86_64-suse-linux/4.3/../../../../lib64/crtn.o] ==> ignore
  remove lib [gcc_s]
  remove lib [gcc]
  remove lib [gcc_s]
  remove lib [gcc]
  collapse library dir [/sw/sdev/intel/composerxe-2011.5.220/composerxe-2011.5.220/compiler/lib/intel64] ==> [/sw/sdev/intel/composerxe-2011.5.220/composerxe-2011.5.220/compiler/lib/intel64]
  collapse library dir [/sw/sdev/intel/composerxe-2011.5.220/composerxe-2011.5.220/ipp/lib/intel64] ==> [/sw/sdev/intel/composerxe-2011.5.220/composerxe-2011.5.220/ipp/lib/intel64]
  collapse library dir [/sw/sdev/intel/composerxe-2011.5.220/composerxe-2011.5.220/compiler/lib/intel64] ==> [/sw/sdev/intel/composerxe-2011.5.220/composerxe-2011.5.220/compiler/lib/intel64]
  collapse library dir [/sw/sdev/intel/composerxe-2011.5.220/composerxe-2011.5.220/mkl/lib/intel64] ==> [/sw/sdev/intel/composerxe-2011.5.220/composerxe-2011.5.220/mkl/lib/intel64]
  collapse library dir [/sw/sdev/intel/composerxe-2011.5.220/composerxe-2011.5.220/tbb/lib/intel64/cc4.1.0_libc2.4_kernel2.6.16.21] ==> [/sw/sdev/intel/composerxe-2011.5.220/composerxe-2011.5.220/tbb/lib/intel64/cc4.1.0_libc2.4_kernel2.6.16.21]
  collapse library dir [/home/sw/sdev/intel/composerxe-2011.5.220/composerxe-2011.5.220/compiler/lib/intel64] ==> [/home/sw/sdev/intel/composerxe-2011.5.220/composerxe-2011.5.220/compiler/lib/intel64]
  collapse library dir [/usr/lib64/gcc/x86_64-suse-linux/4.3] ==> [/usr/lib64/gcc/x86_64-suse-linux/4.3]
  collapse library dir [/usr/lib64/gcc/x86_64-suse-linux/4.3/../../../../lib64] ==> [/usr/lib64]
  collapse library dir [/lib/../lib64] ==> [/lib64]
  collapse library dir [/usr/lib/../lib64] ==> [/usr/lib64]
  collapse library dir [/sw/sdev/intel/composerxe-2011.5.220/composerxe-2011.5.220/compiler/lib/intel64] ==> [/sw/sdev/intel/composerxe-2011.5.220/composerxe-2011.5.220/compiler/lib/intel64]
  collapse library dir [/sw/sdev/intel/composerxe-2011.5.220/composerxe-2011.5.220/ipp/lib/intel64] ==> [/sw/sdev/intel/composerxe-2011.5.220/composerxe-2011.5.220/ipp/lib/intel64]
  collapse library dir [/sw/sdev/intel/composerxe-2011.5.220/composerxe-2011.5.220/mkl/lib/intel64] ==> [/sw/sdev/intel/composerxe-2011.5.220/composerxe-2011.5.220/mkl/lib/intel64]
  collapse library dir [/sw/sdev/intel/composerxe-2011.5.220/composerxe-2011.5.220/tbb/lib/intel64/cc4.1.0_libc2.4_kernel2.6.16.21] ==> [/sw/sdev/intel/composerxe-2011.5.220/composerxe-2011.5.220/tbb/lib/intel64/cc4.1.0_libc2.4_kernel2.6.16.21]
  collapse library dir [/usr/lib64/gcc/x86_64-suse-linux/4.3/../../../../x86_64-suse-linux/lib] ==> [/usr/x86_64-suse-linux/lib]
  collapse library dir [/usr/lib64/gcc/x86_64-suse-linux/4.3/../../..] ==> [/usr/lib64]
  collapse library dir [/lib64] ==> [/lib64]
  collapse library dir [/lib] ==> [/lib]
  collapse library dir [/usr/lib64] ==> [/usr/lib64]
  collapse library dir [/usr/lib] ==> [/usr/lib]
  implicit libs: [imf;svml;m;ipgo;decimal;cilkrts;stdc++;irc;c;irc_s;dl;c]
  implicit dirs: [/sw/sdev/intel/composerxe-2011.5.220/composerxe-2011.5.220/compiler/lib/intel64;/sw/sdev/intel/composerxe-2011.5.220/composerxe-2011.5.220/ipp/lib/intel64;/sw/sdev/intel/composerxe-2011.5.220/composerxe-2011.5.220/mkl/lib/intel64;/sw/sdev/intel/composerxe-2011.5.220/composerxe-2011.5.220/tbb/lib/intel64/cc4.1.0_libc2.4_kernel2.6.16.21;/home/sw/sdev/intel/composerxe-2011.5.220/composerxe-2011.5.220/compiler/lib/intel64;/usr/lib64/gcc/x86_64-suse-linux/4.3;/usr/lib64;/lib64;/usr/x86_64-suse-linux/lib;/lib;/usr/lib]
  implicit fwks: []


Compiling the Fortran compiler identification source file "CMakeFortranCompilerId.F" succeeded.
Compiler: /sw/sdev/intel/composerxe-2011.5.220/composerxe-2011.5.220/bin/intel64/ifort 
Build flags: 
Id flags: -v

The output was:
0
Version 12.0.5
/home/sw/sdev/intel/composerxe-2011.5.220/composerxe-2011.5.220/bin/intel64/fpp    -D__INTEL_COMPILER=1200 -D_MT -D__ELF__ -D__INTEL_COMPILER_BUILD_DATE=20110719 -D__PTRDIFF_TYPE__=long "-D__SIZE_TYPE__=unsigned long" -D__WCHAR_TYPE__=int "-D__WINT_TYPE__=unsigned int" "-D__INTMAX_TYPE__=long int" "-D__UINTMAX_TYPE__=long unsigned int" -D__LONG_MAX__=9223372036854775807L -D__SSE2__ -D__SSE__ -D__unix__ -D__unix -D__linux__ -D__linux -D__gnu_linux__ -Dunix -Dlinux -D__x86_64 -D__x86_64__ -I. -I/sw/sdev/intel/composerxe-2011.5.220/composerxe-2011.5.220/mkl/include -I/sw/sdev/intel/composerxe-2011.5.220/tbb/include -I/home/sw/sdev/intel/composerxe-2011.5.220/composerxe-2011.5.220/compiler/include/intel64 -I/home/sw/sdev/intel/composerxe-2011.5.220/composerxe-2011.5.220/compiler/include -I/usr/local/include -I/usr/include -I/usr/lib64/gcc/x86_64-suse-linux/4.3/include -I/usr/lib64/gcc/x86_64-suse-linux/4.3/include-fixed -fixed -4Ycpp -4Ncvf -f_com=yes CMakeFortranCompilerId.F /tmp/ifortWg6F9w.i
/home/sw/sdev/intel/composerxe-2011.5.220/composerxe-2011.5.220/bin/intel64/fortcom    -D__INTEL_COMPILER=1200 -D_MT -D__SSE2__ -D__SSE__ -D__ELF__ -D__INTEL_COMPILER_BUILD_DATE=20110719 -D__unix__ -D__unix -D__linux__ -D__linux -D__gnu_linux__ -Dunix -Dlinux -D__x86_64 -D__x86_64__ -mGLOB_pack_sort_init_list -I. -I/sw/sdev/intel/composerxe-2011.5.220/composerxe-2011.5.220/mkl/include -I/sw/sdev/intel/composerxe-2011.5.220/tbb/include -I/home/sw/sdev/intel/composerxe-2011.5.220/composerxe-2011.5.220/compiler/include/intel64 -I/home/sw/sdev/intel/composerxe-2011.5.220/composerxe-2011.5.220/compiler/include -I/usr/local/include -I/usr/include -I/usr/lib64/gcc/x86_64-suse-linux/4.3/include -I/usr/lib64/gcc/x86_64-suse-linux/4.3/include-fixed -O2 -simd -mP1OPT_version=12.0-intel64 -mGLOB_diag_file=/tmp/ifortCz0VrH.diag -mGLOB_source_language=GLOB_SOURCE_LANGUAGE_F90 -mGLOB_tune_for_fort -mGLOB_use_fort_dope_vector -mP2OPT_static_promotion -mP1OPT_print_version=FALSE -mCG_use_gas_got_workaround=F -mP2OPT_align_option_used=TRUE -mGLOB_gcc_version=430 -mGLOB_options_string=-v -mGLOB_cxx_limited_range=FALSE -mGLOB_as_output_backup_file_name=/tmp/ifortkaaY03as_.s -mIPOPT_activate -mIPOPT_lite -mGLOB_machine_model=GLOB_MACHINE_MODEL_EFI2 -mGLOB_product_id_code=0x22001ef2 -mGLOB_extended_instructions=0x8 -mP3OPT_use_mspp_call_convention -mP2OPT_subs_out_of_bound=FALSE -mGLOB_ansi_alias -mPGOPTI_value_profile_use=T -mP2OPT_il0_array_sections=TRUE -mP2OPT_hlo_level=2 -mP2OPT_hlo -mP2OPT_hpo_rtt_control=0 -mIPOPT_args_in_regs=0 -mGLOB_imf_mapping_library=/home/sw/sdev/intel/composerxe-2011.5.220/composerxe-2011.5.220/bin/intel64/libiml_attr.so -mIPOPT_obj_output_file_name=/tmp/ifortCz0VrH.o -mGLOB_linker_version=2.23.1 -mGLOB_long_size_64 -mGLOB_routine_pointer_size_64 -mP3OPT_asm_target=P3OPT_ASM_TARGET_GAS -mGLOB_obj_output_file=/tmp/ifortCz0VrH.o -mGLOB_source_dialect=GLOB_SOURCE_DIALECT_FORTRAN -mP1OPT_source_file_name=CMakeFortranCompilerId.F -mP2OPT_symtab_type_copy=true /tmp/ifortWg6F9w.i
ld    /usr/lib64/gcc/x86_64-suse-linux/4.3/../../../../lib64/crt1.o /usr/lib64/gcc/x86_64-suse-linux/4.3/../../../../lib64/crti.o /usr/lib64/gcc/x86_64-suse-linux/4.3/crtbegin.o --eh-frame-hdr -dynamic-linker /lib64/ld-linux-x86-64.so.2 -o a.out /home/sw/sdev/intel/composerxe-2011.5.220/composerxe-2011.5.220/compiler/lib/intel64/for_main.o -L/sw/sdev/intel/composerxe-2011.5.220/composerxe-2011.5.220/compiler/lib/intel64 -L/sw/sdev/intel/composerxe-2011.5.220/composerxe-2011.5.220/ipp/lib/intel64 -L/sw/sdev/intel/composerxe-2011.5.220/composerxe-2011.5.220/compiler/lib/intel64 -L/sw/sdev/intel/composerxe-2011.5.220/composerxe-2011.5.220/mkl/lib/intel64 -L/sw/sdev/intel/composerxe-2011.5.220/composerxe-2011.5.220/tbb/lib/intel64/cc4.1.0_libc2.4_kernel2.6.16.21 -L/home/sw/sdev/intel/composerxe-2011.5.220/composerxe-2011.5.220/compiler/lib/intel64 -L/usr/lib64/gcc/x86_64-suse-linux/4.3 -L/usr/lib64/gcc/x86_64-suse-linux/4.3/../../../../lib64 -L/lib/../lib64 -L/usr/lib/../lib64 -L/sw/sdev/intel/composerxe-2011.5.220/composerxe-2011.5.220/compiler/lib/intel64 -L/sw/sdev/intel/composerxe-2011.5.220/composerxe-2011.5.220/ipp/lib/intel64 -L/sw/sdev/intel/composerxe-2011.5.220/composerxe-2011.5.220/mkl/lib/intel64 -L/sw/sdev/intel/composerxe-2011.5.220/composerxe-2011.5.220/tbb/lib/intel64/cc4.1.0_libc2.4_kernel2.6.16.21 -L/usr/lib64/gcc/x86_64-suse-linux/4.3/../../../../x86_64-suse-linux/lib -L/usr/lib64/gcc/x86_64-suse-linux/4.3/../../.. -L/lib64 -L/lib -L/usr/lib64 -L/usr/lib /tmp/ifortCz0VrH.o -Bstatic -lifport -lifcore -limf -lsvml -Bdynamic -lm -Bstatic -lipgo -lirc -u __pthread_once -Bdynamic -lpthread -lc -lgcc_s -lgcc -Bstatic -lirc_s -Bdynamic -ldl -lc /usr/lib64/gcc/x86_64-suse-linux/4.3/crtend.o /usr/lib64/gcc/x86_64-suse-linux/4.3/../../../../lib64/crtn.o
rm /tmp/ifortoMkB71libgcc

rm /tmp/ifortYJnTKRgnudirs

rm /tmp/ifortWg6F9w.i

rm /tmp/ifortqtMuSmarg

rm /tmp/iforta87Tqdgas

rm /tmp/ifortkaaY03as_.s

rm /tmp/ifortsRz3AUldashv

rm /tmp/ifortuGXmcLarg

rm /tmp/ifortgaEKAFgnudirs

rm /tmp/ifortCz0VrH.o



Compilation of the Fortran compiler identification source "CMakeFortranCompilerId.F" produced "a.out"

The Fortran compiler identification is Intel, found in "/home/ntnu/pranavm/TMA4280/Project2/Serial/build/CMakeFiles/3.4.3/CompilerIdFortran/a.out"

Determining if the Fortran compiler works passed with the following output:
Change Dir: /home/ntnu/pranavm/TMA4280/Project2/Serial/build/CMakeFiles/CMakeTmp

Run Build Command:"/usr/bin/gmake" "cmTC_47111/fast"
/usr/bin/gmake -f CMakeFiles/cmTC_47111.dir/build.make CMakeFiles/cmTC_47111.dir/build
gmake[1]: Entering directory `/home/ntnu/pranavm/TMA4280/Project2/Serial/build/CMakeFiles/CMakeTmp'
Building Fortran object CMakeFiles/cmTC_47111.dir/testFortranCompiler.f.o
/sw/sdev/intel/composerxe-2011.5.220/composerxe-2011.5.220/bin/intel64/ifort     -c /home/ntnu/pranavm/TMA4280/Project2/Serial/build/CMakeFiles/CMakeTmp/testFortranCompiler.f -o CMakeFiles/cmTC_47111.dir/testFortranCompiler.f.o
Linking Fortran executable cmTC_47111
/home/sw/sdev/Modules/cmake/cmake-3.4.3/bin/cmake -E cmake_link_script CMakeFiles/cmTC_47111.dir/link.txt --verbose=1
/sw/sdev/intel/composerxe-2011.5.220/composerxe-2011.5.220/bin/intel64/ifort       CMakeFiles/cmTC_47111.dir/testFortranCompiler.f.o  -o cmTC_47111  
gmake[1]: Leaving directory `/home/ntnu/pranavm/TMA4280/Project2/Serial/build/CMakeFiles/CMakeTmp'


Detecting Fortran compiler ABI info compiled with the following output:
Change Dir: /home/ntnu/pranavm/TMA4280/Project2/Serial/build/CMakeFiles/CMakeTmp

Run Build Command:"/usr/bin/gmake" "cmTC_1ad71/fast"
/usr/bin/gmake -f CMakeFiles/cmTC_1ad71.dir/build.make CMakeFiles/cmTC_1ad71.dir/build
gmake[1]: Entering directory `/home/ntnu/pranavm/TMA4280/Project2/Serial/build/CMakeFiles/CMakeTmp'
Building Fortran object CMakeFiles/cmTC_1ad71.dir/CMakeFortranCompilerABI.F.o
/sw/sdev/intel/composerxe-2011.5.220/composerxe-2011.5.220/bin/intel64/ifort     -c /home/sw/sdev/Modules/cmake/cmake-3.4.3/share/cmake-3.4/Modules/CMakeFortranCompilerABI.F -o CMakeFiles/cmTC_1ad71.dir/CMakeFortranCompilerABI.F.o
Linking Fortran executable cmTC_1ad71
/home/sw/sdev/Modules/cmake/cmake-3.4.3/bin/cmake -E cmake_link_script CMakeFiles/cmTC_1ad71.dir/link.txt --verbose=1
/sw/sdev/intel/composerxe-2011.5.220/composerxe-2011.5.220/bin/intel64/ifort    -v   CMakeFiles/cmTC_1ad71.dir/CMakeFortranCompilerABI.F.o  -o cmTC_1ad71   
Version 12.0.5
/home/sw/sdev/intel/composerxe-2011.5.220/composerxe-2011.5.220/bin/intel64/fortcom    -mP1OPT_version=12.0-intel64 -mGLOB_diag_file=CMakeFiles/cmTC_1ad71.dir/CMakeFortranCompilerABI.F.diag -mGLOB_source_language=GLOB_SOURCE_LANGUAGE_F90 -mGLOB_tune_for_fort -mGLOB_use_fort_dope_vector -mP2OPT_static_promotion -mP1OPT_print_version=FALSE -mCG_use_gas_got_workaround=F -mP2OPT_align_option_used=TRUE -mGLOB_gcc_version=430 "-mGLOB_options_string=-v -o cmTC_1ad71" -mGLOB_cxx_limited_range=FALSE -mGLOB_as_output_backup_file_name=/tmp/ifortL676pPas_.s -mIPOPT_activate -mGLOB_machine_model=GLOB_MACHINE_MODEL_EFI2 -mGLOB_product_id_code=0x22001ef2 -mP3OPT_use_mspp_call_convention -mP2OPT_subs_out_of_bound=FALSE -mGLOB_ansi_alias -mPGOPTI_value_profile_use=T -mP2OPT_il0_array_sections=TRUE -mP2OPT_hlo -mP2OPT_hpo_rtt_control=0 -mIPOPT_args_in_regs=0 -mGLOB_imf_mapping_library=/home/sw/sdev/intel/composerxe-2011.5.220/composerxe-2011.5.220/bin/intel64/libiml_attr.so -mIPOPT_link -mIPOPT_ipo_activate -mIPOPT_mo_activate -mIPOPT_source_files_list=/tmp/ifortOMycDJslis -mIPOPT_mo_global_data -mIPOPT_link_script_file=/tmp/ifortHHhkyLscript -mIPOPT_link_version=2.23.1 "-mIPOPT_cmdline_link="/usr/lib64/gcc/x86_64-suse-linux/4.3/../../../../lib64/crt1.o" "/usr/lib64/gcc/x86_64-suse-linux/4.3/../../../../lib64/crti.o" "/usr/lib64/gcc/x86_64-suse-linux/4.3/crtbegin.o" "--eh-frame-hdr" "-dynamic-linker" "/lib64/ld-linux-x86-64.so.2" "-o" "cmTC_1ad71" "/home/sw/sdev/intel/composerxe-2011.5.220/composerxe-2011.5.220/compiler/lib/intel64/for_main.o" "-L/sw/sdev/intel/composerxe-2011.5.220/composerxe-2011.5.220/compiler/lib/intel64" "-L/sw/sdev/intel/composerxe-2011.5.220/composerxe-2011.5.220/ipp/lib/intel64" "-L/sw/sdev/intel/composerxe-2011.5.220/composerxe-2011.5.220/compiler/lib/intel64" "-L/sw/sdev/intel/composerxe-2011.5.220/composerxe-2011.5.220/mkl/lib/intel64" "-L/sw/sdev/intel/composerxe-2011.5.220/composerxe-2011.5.220/tbb/lib/intel64/cc4.1.0_libc2.4_kernel2.6.16.21" "-L/home/sw/sdev/intel/composerxe-2011.5.220/composerxe-2011.5.220/compiler/lib/intel64" "-L/usr/lib64/gcc/x86_64-suse-linux/4.3" "-L/usr/lib64/gcc/x86_64-suse-linux/4.3/../../../../lib64" "-L/lib/../lib64" "-L/usr/lib/../lib64" "-L/sw/sdev/intel/composerxe-2011.5.220/composerxe-2011.5.220/compiler/lib/intel64" "-L/sw/sdev/intel/composerxe-2011.5.220/composerxe-2011.5.220/ipp/lib/intel64" "-L/sw/sdev/intel/composerxe-2011.5.220/composerxe-2011.5.220/mkl/lib/intel64" "-L/sw/sdev/intel/composerxe-2011.5.220/composerxe-2011.5.220/tbb/lib/intel64/cc4.1.0_libc2.4_kernel2.6.16.21" "-L/usr/lib64/gcc/x86_64-suse-linux/4.3/../../../../x86_64-suse-linux/lib" "-L/usr/lib64/gcc/x86_64-suse-linux/4.3/../../.." "-L/lib64" "-L/lib" "-L/usr/lib64" "-L/usr/lib" "CMakeFiles/cmTC_1ad71.dir/CMakeFortranCompilerABI.F.o" "-Bstatic" "-lifport" "-lifcore" "-limf" "-lsvml" "-Bdynamic" "-lm" "-Bstatic" "-lipgo" "-lirc" "-u" "__pthread_once" "-Bdynamic" "-lpthread" "-lc" "-lgcc_s" "-lgcc" "-Bstatic" "-lirc_s" "-Bdynamic" "-ldl" "-lc" "/usr/lib64/gcc/x86_64-suse-linux/4.3/crtend.o" "/usr/lib64/gcc/x86_64-suse-linux/4.3/../../../../lib64/crtn.o"" -mIPOPT_il_in_obj -mIPOPT_ipo_activate_warn=FALSE -mIPOPT_obj_output_file_name=/tmp/ipo_ifortIQQD6x.o -mGLOB_linker_version=2.23.1 -mGLOB_long_size_64 -mGLOB_routine_pointer_size_64 -mP3OPT_asm_target=P3OPT_ASM_TARGET_GAS -mGLOB_obj_output_file=/tmp/ipo_ifortIQQD6x.o -mP1OPT_source_file_name=ipo_out.f -mP2OPT_symtab_type_copy=true CMakeFiles/cmTC_1ad71.dir/CMakeFortranCompilerABI.F.o -mIPOPT_object_files=/tmp/ifortNLgI1zolis -mIPOPT_assembly_files=/tmp/ifortMbeNWBalis -mIPOPT_generated_tempfiles=/tmp/ifortX9MSRDelis -mIPOPT_embedded_object_base_name=/tmp/ifortOxQYMFeobj -mIPOPT_cmdline_link_new_name=/tmp/ifortdfq5HHllis
ld    /usr/lib64/gcc/x86_64-suse-linux/4.3/../../../../lib64/crt1.o /usr/lib64/gcc/x86_64-suse-linux/4.3/../../../../lib64/crti.o /usr/lib64/gcc/x86_64-suse-linux/4.3/crtbegin.o --eh-frame-hdr -dynamic-linker /lib64/ld-linux-x86-64.so.2 -o cmTC_1ad71 /home/sw/sdev/intel/composerxe-2011.5.220/composerxe-2011.5.220/compiler/lib/intel64/for_main.o -L/sw/sdev/intel/composerxe-2011.5.220/composerxe-2011.5.220/compiler/lib/intel64 -L/sw/sdev/intel/composerxe-2011.5.220/composerxe-2011.5.220/ipp/lib/intel64 -L/sw/sdev/intel/composerxe-2011.5.220/composerxe-2011.5.220/compiler/lib/intel64 -L/sw/sdev/intel/composerxe-2011.5.220/composerxe-2011.5.220/mkl/lib/intel64 -L/sw/sdev/intel/composerxe-2011.5.220/composerxe-2011.5.220/tbb/lib/intel64/cc4.1.0_libc2.4_kernel2.6.16.21 -L/home/sw/sdev/intel/composerxe-2011.5.220/composerxe-2011.5.220/compiler/lib/intel64 -L/usr/lib64/gcc/x86_64-suse-linux/4.3 -L/usr/lib64/gcc/x86_64-suse-linux/4.3/../../../../lib64 -L/lib/../lib64 -L/usr/lib/../lib64 -L/sw/sdev/intel/composerxe-2011.5.220/composerxe-2011.5.220/compiler/lib/intel64 -L/sw/sdev/intel/composerxe-2011.5.220/composerxe-2011.5.220/ipp/lib/intel64 -L/sw/sdev/intel/composerxe-2011.5.220/composerxe-2011.5.220/mkl/lib/intel64 -L/sw/sdev/intel/composerxe-2011.5.220/composerxe-2011.5.220/tbb/lib/intel64/cc4.1.0_libc2.4_kernel2.6.16.21 -L/usr/lib64/gcc/x86_64-suse-linux/4.3/../../../../x86_64-suse-linux/lib -L/usr/lib64/gcc/x86_64-suse-linux/4.3/../../.. -L/lib64 -L/lib -L/usr/lib64 -L/usr/lib CMakeFiles/cmTC_1ad71.dir/CMakeFortranCompilerABI.F.o -Bstatic -lifport -lifcore -limf -lsvml -Bdynamic -lm -Bstatic -lipgo -lirc -u __pthread_once -Bdynamic -lpthread -lc -lgcc_s -lgcc -Bstatic -lirc_s -Bdynamic -ldl -lc /usr/lib64/gcc/x86_64-suse-linux/4.3/crtend.o /usr/lib64/gcc/x86_64-suse-linux/4.3/../../../../lib64/crtn.o
rm /tmp/ifortcOSbhulibgcc

rm /tmp/ifort32kAbwgnudirs

rm /tmp/ifortNLgI1zolis

rm /tmp/ifortMbeNWBalis

rm /tmp/ifortX9MSRDelis

rm /tmp/ifortdfq5HHllis

rm /tmp/ifortOMycDJslis

rm /tmp/ifortHHhkyLscript

rm /tmp/ipo_ifortIQQD6x.o

rm /tmp/ifortSbJstNgas

rm /tmp/ifortL676pPas_.s

rm /tmp/ifortI3GMmRldashv

rm /tmp/ifortziHwlTgnudirs

rm /tmp/iforty7TglVarg

gmake[1]: Leaving directory `/home/ntnu/pranavm/TMA4280/Project2/Serial/build/CMakeFiles/CMakeTmp'


Parsed Fortran implicit link information from above output:
  link line regex: [^( *|.*[/\])(ld|([^/\]+-)?ld|collect2)[^/\]*( |$)]
  ignore line: [Change Dir: /home/ntnu/pranavm/TMA4280/Project2/Serial/build/CMakeFiles/CMakeTmp]
  ignore line: []
  ignore line: [Run Build Command:"/usr/bin/gmake" "cmTC_1ad71/fast"]
  ignore line: [/usr/bin/gmake -f CMakeFiles/cmTC_1ad71.dir/build.make CMakeFiles/cmTC_1ad71.dir/build]
  ignore line: [gmake[1]: Entering directory `/home/ntnu/pranavm/TMA4280/Project2/Serial/build/CMakeFiles/CMakeTmp']
  ignore line: [Building Fortran object CMakeFiles/cmTC_1ad71.dir/CMakeFortranCompilerABI.F.o]
  ignore line: [/sw/sdev/intel/composerxe-2011.5.220/composerxe-2011.5.220/bin/intel64/ifort     -c /home/sw/sdev/Modules/cmake/cmake-3.4.3/share/cmake-3.4/Modules/CMakeFortranCompilerABI.F -o CMakeFiles/cmTC_1ad71.dir/CMakeFortranCompilerABI.F.o]
  ignore line: [Linking Fortran executable cmTC_1ad71]
  ignore line: [/home/sw/sdev/Modules/cmake/cmake-3.4.3/bin/cmake -E cmake_link_script CMakeFiles/cmTC_1ad71.dir/link.txt --verbose=1]
  ignore line: [/sw/sdev/intel/composerxe-2011.5.220/composerxe-2011.5.220/bin/intel64/ifort    -v   CMakeFiles/cmTC_1ad71.dir/CMakeFortranCompilerABI.F.o  -o cmTC_1ad71   ]
  ignore line: [Version 12.0.5]
  ignore line: [/home/sw/sdev/intel/composerxe-2011.5.220/composerxe-2011.5.220/bin/intel64/fortcom    -mP1OPT_version=12.0-intel64 -mGLOB_diag_file=CMakeFiles/cmTC_1ad71.dir/CMakeFortranCompilerABI.F.diag -mGLOB_source_language=GLOB_SOURCE_LANGUAGE_F90 -mGLOB_tune_for_fort -mGLOB_use_fort_dope_vector -mP2OPT_static_promotion -mP1OPT_print_version=FALSE -mCG_use_gas_got_workaround=F -mP2OPT_align_option_used=TRUE -mGLOB_gcc_version=430 "-mGLOB_options_string=-v -o cmTC_1ad71" -mGLOB_cxx_limited_range=FALSE -mGLOB_as_output_backup_file_name=/tmp/ifortL676pPas_.s -mIPOPT_activate -mGLOB_machine_model=GLOB_MACHINE_MODEL_EFI2 -mGLOB_product_id_code=0x22001ef2 -mP3OPT_use_mspp_call_convention -mP2OPT_subs_out_of_bound=FALSE -mGLOB_ansi_alias -mPGOPTI_value_profile_use=T -mP2OPT_il0_array_sections=TRUE -mP2OPT_hlo -mP2OPT_hpo_rtt_control=0 -mIPOPT_args_in_regs=0 -mGLOB_imf_mapping_library=/home/sw/sdev/intel/composerxe-2011.5.220/composerxe-2011.5.220/bin/intel64/libiml_attr.so -mIPOPT_link -mIPOPT_ipo_activate -mIPOPT_mo_activate -mIPOPT_source_files_list=/tmp/ifortOMycDJslis -mIPOPT_mo_global_data -mIPOPT_link_script_file=/tmp/ifortHHhkyLscript -mIPOPT_link_version=2.23.1 "-mIPOPT_cmdline_link="/usr/lib64/gcc/x86_64-suse-linux/4.3/../../../../lib64/crt1.o" "/usr/lib64/gcc/x86_64-suse-linux/4.3/../../../../lib64/crti.o" "/usr/lib64/gcc/x86_64-suse-linux/4.3/crtbegin.o" "--eh-frame-hdr" "-dynamic-linker" "/lib64/ld-linux-x86-64.so.2" "-o" "cmTC_1ad71" "/home/sw/sdev/intel/composerxe-2011.5.220/composerxe-2011.5.220/compiler/lib/intel64/for_main.o" "-L/sw/sdev/intel/composerxe-2011.5.220/composerxe-2011.5.220/compiler/lib/intel64" "-L/sw/sdev/intel/composerxe-2011.5.220/composerxe-2011.5.220/ipp/lib/intel64" "-L/sw/sdev/intel/composerxe-2011.5.220/composerxe-2011.5.220/compiler/lib/intel64" "-L/sw/sdev/intel/composerxe-2011.5.220/composerxe-2011.5.220/mkl/lib/intel64" "-L/sw/sdev/intel/composerxe-2011.5.220/composerxe-2011.5.220/tbb/lib/intel64/cc4.1.0_libc2.4_kernel2.6.16.21" "-L/home/sw/sdev/intel/composerxe-2011.5.220/composerxe-2011.5.220/compiler/lib/intel64" "-L/usr/lib64/gcc/x86_64-suse-linux/4.3" "-L/usr/lib64/gcc/x86_64-suse-linux/4.3/../../../../lib64" "-L/lib/../lib64" "-L/usr/lib/../lib64" "-L/sw/sdev/intel/composerxe-2011.5.220/composerxe-2011.5.220/compiler/lib/intel64" "-L/sw/sdev/intel/composerxe-2011.5.220/composerxe-2011.5.220/ipp/lib/intel64" "-L/sw/sdev/intel/composerxe-2011.5.220/composerxe-2011.5.220/mkl/lib/intel64" "-L/sw/sdev/intel/composerxe-2011.5.220/composerxe-2011.5.220/tbb/lib/intel64/cc4.1.0_libc2.4_kernel2.6.16.21" "-L/usr/lib64/gcc/x86_64-suse-linux/4.3/../../../../x86_64-suse-linux/lib" "-L/usr/lib64/gcc/x86_64-suse-linux/4.3/../../.." "-L/lib64" "-L/lib" "-L/usr/lib64" "-L/usr/lib" "CMakeFiles/cmTC_1ad71.dir/CMakeFortranCompilerABI.F.o" "-Bstatic" "-lifport" "-lifcore" "-limf" "-lsvml" "-Bdynamic" "-lm" "-Bstatic" "-lipgo" "-lirc" "-u" "__pthread_once" "-Bdynamic" "-lpthread" "-lc" "-lgcc_s" "-lgcc" "-Bstatic" "-lirc_s" "-Bdynamic" "-ldl" "-lc" "/usr/lib64/gcc/x86_64-suse-linux/4.3/crtend.o" "/usr/lib64/gcc/x86_64-suse-linux/4.3/../../../../lib64/crtn.o"" -mIPOPT_il_in_obj -mIPOPT_ipo_activate_warn=FALSE -mIPOPT_obj_output_file_name=/tmp/ipo_ifortIQQD6x.o -mGLOB_linker_version=2.23.1 -mGLOB_long_size_64 -mGLOB_routine_pointer_size_64 -mP3OPT_asm_target=P3OPT_ASM_TARGET_GAS -mGLOB_obj_output_file=/tmp/ipo_ifortIQQD6x.o -mP1OPT_source_file_name=ipo_out.f -mP2OPT_symtab_type_copy=true CMakeFiles/cmTC_1ad71.dir/CMakeFortranCompilerABI.F.o -mIPOPT_object_files=/tmp/ifortNLgI1zolis -mIPOPT_assembly_files=/tmp/ifortMbeNWBalis -mIPOPT_generated_tempfiles=/tmp/ifortX9MSRDelis -mIPOPT_embedded_object_base_name=/tmp/ifortOxQYMFeobj -mIPOPT_cmdline_link_new_name=/tmp/ifortdfq5HHllis]
  link line: [ld    /usr/lib64/gcc/x86_64-suse-linux/4.3/../../../../lib64/crt1.o /usr/lib64/gcc/x86_64-suse-linux/4.3/../../../../lib64/crti.o /usr/lib64/gcc/x86_64-suse-linux/4.3/crtbegin.o --eh-frame-hdr -dynamic-linker /lib64/ld-linux-x86-64.so.2 -o cmTC_1ad71 /home/sw/sdev/intel/composerxe-2011.5.220/composerxe-2011.5.220/compiler/lib/intel64/for_main.o -L/sw/sdev/intel/composerxe-2011.5.220/composerxe-2011.5.220/compiler/lib/intel64 -L/sw/sdev/intel/composerxe-2011.5.220/composerxe-2011.5.220/ipp/lib/intel64 -L/sw/sdev/intel/composerxe-2011.5.220/composerxe-2011.5.220/compiler/lib/intel64 -L/sw/sdev/intel/composerxe-2011.5.220/composerxe-2011.5.220/mkl/lib/intel64 -L/sw/sdev/intel/composerxe-2011.5.220/composerxe-2011.5.220/tbb/lib/intel64/cc4.1.0_libc2.4_kernel2.6.16.21 -L/home/sw/sdev/intel/composerxe-2011.5.220/composerxe-2011.5.220/compiler/lib/intel64 -L/usr/lib64/gcc/x86_64-suse-linux/4.3 -L/usr/lib64/gcc/x86_64-suse-linux/4.3/../../../../lib64 -L/lib/../lib64 -L/usr/lib/../lib64 -L/sw/sdev/intel/composerxe-2011.5.220/composerxe-2011.5.220/compiler/lib/intel64 -L/sw/sdev/intel/composerxe-2011.5.220/composerxe-2011.5.220/ipp/lib/intel64 -L/sw/sdev/intel/composerxe-2011.5.220/composerxe-2011.5.220/mkl/lib/intel64 -L/sw/sdev/intel/composerxe-2011.5.220/composerxe-2011.5.220/tbb/lib/intel64/cc4.1.0_libc2.4_kernel2.6.16.21 -L/usr/lib64/gcc/x86_64-suse-linux/4.3/../../../../x86_64-suse-linux/lib -L/usr/lib64/gcc/x86_64-suse-linux/4.3/../../.. -L/lib64 -L/lib -L/usr/lib64 -L/usr/lib CMakeFiles/cmTC_1ad71.dir/CMakeFortranCompilerABI.F.o -Bstatic -lifport -lifcore -limf -lsvml -Bdynamic -lm -Bstatic -lipgo -lirc -u __pthread_once -Bdynamic -lpthread -lc -lgcc_s -lgcc -Bstatic -lirc_s -Bdynamic -ldl -lc /usr/lib64/gcc/x86_64-suse-linux/4.3/crtend.o /usr/lib64/gcc/x86_64-suse-linux/4.3/../../../../lib64/crtn.o]
    arg [ld] ==> ignore
    arg [/usr/lib64/gcc/x86_64-suse-linux/4.3/../../../../lib64/crt1.o] ==> ignore
    arg [/usr/lib64/gcc/x86_64-suse-linux/4.3/../../../../lib64/crti.o] ==> ignore
    arg [/usr/lib64/gcc/x86_64-suse-linux/4.3/crtbegin.o] ==> ignore
    arg [--eh-frame-hdr] ==> ignore
    arg [-dynamic-linker] ==> ignore
    arg [/lib64/ld-linux-x86-64.so.2] ==> ignore
    arg [-o] ==> ignore
    arg [cmTC_1ad71] ==> ignore
    arg [/home/sw/sdev/intel/composerxe-2011.5.220/composerxe-2011.5.220/compiler/lib/intel64/for_main.o] ==> ignore
    arg [-L/sw/sdev/intel/composerxe-2011.5.220/composerxe-2011.5.220/compiler/lib/intel64] ==> dir [/sw/sdev/intel/composerxe-2011.5.220/composerxe-2011.5.220/compiler/lib/intel64]
    arg [-L/sw/sdev/intel/composerxe-2011.5.220/composerxe-2011.5.220/ipp/lib/intel64] ==> dir [/sw/sdev/intel/composerxe-2011.5.220/composerxe-2011.5.220/ipp/lib/intel64]
    arg [-L/sw/sdev/intel/composerxe-2011.5.220/composerxe-2011.5.220/compiler/lib/intel64] ==> dir [/sw/sdev/intel/composerxe-2011.5.220/composerxe-2011.5.220/compiler/lib/intel64]
    arg [-L/sw/sdev/intel/composerxe-2011.5.220/composerxe-2011.5.220/mkl/lib/intel64] ==> dir [/sw/sdev/intel/composerxe-2011.5.220/composerxe-2011.5.220/mkl/lib/intel64]
    arg [-L/sw/sdev/intel/composerxe-2011.5.220/composerxe-2011.5.220/tbb/lib/intel64/cc4.1.0_libc2.4_kernel2.6.16.21] ==> dir [/sw/sdev/intel/composerxe-2011.5.220/composerxe-2011.5.220/tbb/lib/intel64/cc4.1.0_libc2.4_kernel2.6.16.21]
    arg [-L/home/sw/sdev/intel/composerxe-2011.5.220/composerxe-2011.5.220/compiler/lib/intel64] ==> dir [/home/sw/sdev/intel/composerxe-2011.5.220/composerxe-2011.5.220/compiler/lib/intel64]
    arg [-L/usr/lib64/gcc/x86_64-suse-linux/4.3] ==> dir [/usr/lib64/gcc/x86_64-suse-linux/4.3]
    arg [-L/usr/lib64/gcc/x86_64-suse-linux/4.3/../../../../lib64] ==> dir [/usr/lib64/gcc/x86_64-suse-linux/4.3/../../../../lib64]
    arg [-L/lib/../lib64] ==> dir [/lib/../lib64]
    arg [-L/usr/lib/../lib64] ==> dir [/usr/lib/../lib64]
    arg [-L/sw/sdev/intel/composerxe-2011.5.220/composerxe-2011.5.220/compiler/lib/intel64] ==> dir [/sw/sdev/intel/composerxe-2011.5.220/composerxe-2011.5.220/compiler/lib/intel64]
    arg [-L/sw/sdev/intel/composerxe-2011.5.220/composerxe-2011.5.220/ipp/lib/intel64] ==> dir [/sw/sdev/intel/composerxe-2011.5.220/composerxe-2011.5.220/ipp/lib/intel64]
    arg [-L/sw/sdev/intel/composerxe-2011.5.220/composerxe-2011.5.220/mkl/lib/intel64] ==> dir [/sw/sdev/intel/composerxe-2011.5.220/composerxe-2011.5.220/mkl/lib/intel64]
    arg [-L/sw/sdev/intel/composerxe-2011.5.220/composerxe-2011.5.220/tbb/lib/intel64/cc4.1.0_libc2.4_kernel2.6.16.21] ==> dir [/sw/sdev/intel/composerxe-2011.5.220/composerxe-2011.5.220/tbb/lib/intel64/cc4.1.0_libc2.4_kernel2.6.16.21]
    arg [-L/usr/lib64/gcc/x86_64-suse-linux/4.3/../../../../x86_64-suse-linux/lib] ==> dir [/usr/lib64/gcc/x86_64-suse-linux/4.3/../../../../x86_64-suse-linux/lib]
    arg [-L/usr/lib64/gcc/x86_64-suse-linux/4.3/../../..] ==> dir [/usr/lib64/gcc/x86_64-suse-linux/4.3/../../..]
    arg [-L/lib64] ==> dir [/lib64]
    arg [-L/lib] ==> dir [/lib]
    arg [-L/usr/lib64] ==> dir [/usr/lib64]
    arg [-L/usr/lib] ==> dir [/usr/lib]
    arg [CMakeFiles/cmTC_1ad71.dir/CMakeFortranCompilerABI.F.o] ==> ignore
    arg [-Bstatic] ==> ignore
    arg [-lifport] ==> lib [ifport]
    arg [-lifcore] ==> lib [ifcore]
    arg [-limf] ==> lib [imf]
    arg [-lsvml] ==> lib [svml]
    arg [-Bdynamic] ==> ignore
    arg [-lm] ==> lib [m]
    arg [-Bstatic] ==> ignore
    arg [-lipgo] ==> lib [ipgo]
    arg [-lirc] ==> lib [irc]
    arg [-u] ==> ignore
    arg [__pthread_once] ==> ignore
    arg [-Bdynamic] ==> ignore
    arg [-lpthread] ==> lib [pthread]
    arg [-lc] ==> lib [c]
    arg [-lgcc_s] ==> lib [gcc_s]
    arg [-lgcc] ==> lib [gcc]
    arg [-Bstatic] ==> ignore
    arg [-lirc_s] ==> lib [irc_s]
    arg [-Bdynamic] ==> ignore
    arg [-ldl] ==> lib [dl]
    arg [-lc] ==> lib [c]
    arg [/usr/lib64/gcc/x86_64-suse-linux/4.3/crtend.o] ==> ignore
    arg [/usr/lib64/gcc/x86_64-suse-linux/4.3/../../../../lib64/crtn.o] ==> ignore
  remove lib [gcc_s]
  remove lib [gcc]
  collapse library dir [/sw/sdev/intel/composerxe-2011.5.220/composerxe-2011.5.220/compiler/lib/intel64] ==> [/sw/sdev/intel/composerxe-2011.5.220/composerxe-2011.5.220/compiler/lib/intel64]
  collapse library dir [/sw/sdev/intel/composerxe-2011.5.220/composerxe-2011.5.220/ipp/lib/intel64] ==> [/sw/sdev/intel/composerxe-2011.5.220/composerxe-2011.5.220/ipp/lib/intel64]
  collapse library dir [/sw/sdev/intel/composerxe-2011.5.220/composerxe-2011.5.220/compiler/lib/intel64] ==> [/sw/sdev/intel/composerxe-2011.5.220/composerxe-2011.5.220/compiler/lib/intel64]
  collapse library dir [/sw/sdev/intel/composerxe-2011.5.220/composerxe-2011.5.220/mkl/lib/intel64] ==> [/sw/sdev/intel/composerxe-2011.5.220/composerxe-2011.5.220/mkl/lib/intel64]
  collapse library dir [/sw/sdev/intel/composerxe-2011.5.220/composerxe-2011.5.220/tbb/lib/intel64/cc4.1.0_libc2.4_kernel2.6.16.21] ==> [/sw/sdev/intel/composerxe-2011.5.220/composerxe-2011.5.220/tbb/lib/intel64/cc4.1.0_libc2.4_kernel2.6.16.21]
  collapse library dir [/home/sw/sdev/intel/composerxe-2011.5.220/composerxe-2011.5.220/compiler/lib/intel64] ==> [/home/sw/sdev/intel/composerxe-2011.5.220/composerxe-2011.5.220/compiler/lib/intel64]
  collapse library dir [/usr/lib64/gcc/x86_64-suse-linux/4.3] ==> [/usr/lib64/gcc/x86_64-suse-linux/4.3]
  collapse library dir [/usr/lib64/gcc/x86_64-suse-linux/4.3/../../../../lib64] ==> [/usr/lib64]
  collapse library dir [/lib/../lib64] ==> [/lib64]
  collapse library dir [/usr/lib/../lib64] ==> [/usr/lib64]
  collapse library dir [/sw/sdev/intel/composerxe-2011.5.220/composerxe-2011.5.220/compiler/lib/intel64] ==> [/sw/sdev/intel/composerxe-2011.5.220/composerxe-2011.5.220/compiler/lib/intel64]
  collapse library dir [/sw/sdev/intel/composerxe-2011.5.220/composerxe-2011.5.220/ipp/lib/intel64] ==> [/sw/sdev/intel/composerxe-2011.5.220/composerxe-2011.5.220/ipp/lib/intel64]
  collapse library dir [/sw/sdev/intel/composerxe-2011.5.220/composerxe-2011.5.220/mkl/lib/intel64] ==> [/sw/sdev/intel/composerxe-2011.5.220/composerxe-2011.5.220/mkl/lib/intel64]
  collapse library dir [/sw/sdev/intel/composerxe-2011.5.220/composerxe-2011.5.220/tbb/lib/intel64/cc4.1.0_libc2.4_kernel2.6.16.21] ==> [/sw/sdev/intel/composerxe-2011.5.220/composerxe-2011.5.220/tbb/lib/intel64/cc4.1.0_libc2.4_kernel2.6.16.21]
  collapse library dir [/usr/lib64/gcc/x86_64-suse-linux/4.3/../../../../x86_64-suse-linux/lib] ==> [/usr/x86_64-suse-linux/lib]
  collapse library dir [/usr/lib64/gcc/x86_64-suse-linux/4.3/../../..] ==> [/usr/lib64]
  collapse library dir [/lib64] ==> [/lib64]
  collapse library dir [/lib] ==> [/lib]
  collapse library dir [/usr/lib64] ==> [/usr/lib64]
  collapse library dir [/usr/lib] ==> [/usr/lib]
  implicit libs: [ifport;ifcore;imf;svml;m;ipgo;irc;pthread;c;irc_s;dl;c]
  implicit dirs: [/sw/sdev/intel/composerxe-2011.5.220/composerxe-2011.5.220/compiler/lib/intel64;/sw/sdev/intel/composerxe-2011.5.220/composerxe-2011.5.220/ipp/lib/intel64;/sw/sdev/intel/composerxe-2011.5.220/composerxe-2011.5.220/mkl/lib/intel64;/sw/sdev/intel/composerxe-2011.5.220/composerxe-2011.5.220/tbb/lib/intel64/cc4.1.0_libc2.4_kernel2.6.16.21;/home/sw/sdev/intel/composerxe-2011.5.220/composerxe-2011.5.220/compiler/lib/intel64;/usr/lib64/gcc/x86_64-suse-linux/4.3;/usr/lib64;/lib64;/usr/x86_64-suse-linux/lib;/lib;/usr/lib]
  implicit fwks: []


Determining if the Fortran compiler supports Fortran 90 passed with the following output:
Change Dir: /home/ntnu/pranavm/TMA4280/Project2/Serial/build/CMakeFiles/CMakeTmp

Run Build Command:"/usr/bin/gmake" "cmTC_8f5cf/fast"
/usr/bin/gmake -f CMakeFiles/cmTC_8f5cf.dir/build.make CMakeFiles/cmTC_8f5cf.dir/build
gmake[1]: Entering directory `/home/ntnu/pranavm/TMA4280/Project2/Serial/build/CMakeFiles/CMakeTmp'
Building Fortran object CMakeFiles/cmTC_8f5cf.dir/testFortranCompilerF90.f90.o
/sw/sdev/intel/composerxe-2011.5.220/composerxe-2011.5.220/bin/intel64/ifort     -c /home/ntnu/pranavm/TMA4280/Project2/Serial/build/CMakeFiles/CMakeTmp/testFortranCompilerF90.f90 -o CMakeFiles/cmTC_8f5cf.dir/testFortranCompilerF90.f90.o
Linking Fortran executable cmTC_8f5cf
/home/sw/sdev/Modules/cmake/cmake-3.4.3/bin/cmake -E cmake_link_script CMakeFiles/cmTC_8f5cf.dir/link.txt --verbose=1
/sw/sdev/intel/composerxe-2011.5.220/composerxe-2011.5.220/bin/intel64/ifort       CMakeFiles/cmTC_8f5cf.dir/testFortranCompilerF90.f90.o  -o cmTC_8f5cf  
gmake[1]: Leaving directory `/home/ntnu/pranavm/TMA4280/Project2/Serial/build/CMakeFiles/CMakeTmp'


Performing C SOURCE FILE Test OpenMP_FLAG_DETECTED succeded with the following output:
Change Dir: /home/ntnu/pranavm/TMA4280/Project2/Serial/build/CMakeFiles/CMakeTmp

Run Build Command:"/usr/bin/gmake" "cmTC_52b8c/fast"
/usr/bin/gmake -f CMakeFiles/cmTC_52b8c.dir/build.make CMakeFiles/cmTC_52b8c.dir/build
gmake[1]: Entering directory `/home/ntnu/pranavm/TMA4280/Project2/Serial/build/CMakeFiles/CMakeTmp'
Building C object CMakeFiles/cmTC_52b8c.dir/src.c.o
/sw/sdev/intel/composerxe-2011.5.220/composerxe-2011.5.220/bin/intel64/icc    -DOpenMP_FLAG_DETECTED -openmp   -o CMakeFiles/cmTC_52b8c.dir/src.c.o   -c /home/ntnu/pranavm/TMA4280/Project2/Serial/build/CMakeFiles/CMakeTmp/src.c
Linking C executable cmTC_52b8c
/home/sw/sdev/Modules/cmake/cmake-3.4.3/bin/cmake -E cmake_link_script CMakeFiles/cmTC_52b8c.dir/link.txt --verbose=1
/sw/sdev/intel/composerxe-2011.5.220/composerxe-2011.5.220/bin/intel64/icc   -DOpenMP_FLAG_DETECTED -openmp    CMakeFiles/cmTC_52b8c.dir/src.c.o  -o cmTC_52b8c -rdynamic 
gmake[1]: Leaving directory `/home/ntnu/pranavm/TMA4280/Project2/Serial/build/CMakeFiles/CMakeTmp'

Source file was:

#include <omp.h>
int main() {
#ifdef _OPENMP
  return 0;
#else
  breaks_on_purpose
#endif
}

Performing C++ SOURCE FILE Test OpenMP_FLAG_DETECTED succeded with the following output:
Change Dir: /home/ntnu/pranavm/TMA4280/Project2/Serial/build/CMakeFiles/CMakeTmp

Run Build Command:"/usr/bin/gmake" "cmTC_f5f6d/fast"
/usr/bin/gmake -f CMakeFiles/cmTC_f5f6d.dir/build.make CMakeFiles/cmTC_f5f6d.dir/build
gmake[1]: Entering directory `/home/ntnu/pranavm/TMA4280/Project2/Serial/build/CMakeFiles/CMakeTmp'
Building CXX object CMakeFiles/cmTC_f5f6d.dir/src.cxx.o
/sw/sdev/intel/composerxe-2011.5.220/composerxe-2011.5.220/bin/intel64/icpc     -DOpenMP_FLAG_DETECTED -openmp   -o CMakeFiles/cmTC_f5f6d.dir/src.cxx.o -c /home/ntnu/pranavm/TMA4280/Project2/Serial/build/CMakeFiles/CMakeTmp/src.cxx
Linking CXX executable cmTC_f5f6d
/home/sw/sdev/Modules/cmake/cmake-3.4.3/bin/cmake -E cmake_link_script CMakeFiles/cmTC_f5f6d.dir/link.txt --verbose=1
/sw/sdev/intel/composerxe-2011.5.220/composerxe-2011.5.220/bin/intel64/icpc    -DOpenMP_FLAG_DETECTED -openmp    CMakeFiles/cmTC_f5f6d.dir/src.cxx.o  -o cmTC_f5f6d -rdynamic 
gmake[1]: Leaving directory `/home/ntnu/pranavm/TMA4280/Project2/Serial/build/CMakeFiles/CMakeTmp'

Source file was:

#include <omp.h>
int main() {
#ifdef _OPENMP
  return 0;
#else
  breaks_on_purpose
#endif
}

Performing Fortran SOURCE FILE Test OpenMP_FLAG_DETECTED succeded with the following output:
Change Dir: /home/ntnu/pranavm/TMA4280/Project2/Serial/build/CMakeFiles/CMakeTmp

Run Build Command:"/usr/bin/gmake" "cmTC_b23aa/fast"
/usr/bin/gmake -f CMakeFiles/cmTC_b23aa.dir/build.make CMakeFiles/cmTC_b23aa.dir/build
gmake[1]: Entering directory `/home/ntnu/pranavm/TMA4280/Project2/Serial/build/CMakeFiles/CMakeTmp'
Building Fortran object CMakeFiles/cmTC_b23aa.dir/src.F.o
/sw/sdev/intel/composerxe-2011.5.220/composerxe-2011.5.220/bin/intel64/ifort    -DOpenMP_FLAG_DETECTED -openmp   -c /home/ntnu/pranavm/TMA4280/Project2/Serial/build/CMakeFiles/CMakeTmp/src.F -o CMakeFiles/cmTC_b23aa.dir/src.F.o
Linking Fortran executable cmTC_b23aa
/home/sw/sdev/Modules/cmake/cmake-3.4.3/bin/cmake -E cmake_link_script CMakeFiles/cmTC_b23aa.dir/link.txt --verbose=1
/sw/sdev/intel/composerxe-2011.5.220/composerxe-2011.5.220/bin/intel64/ifort      -DOpenMP_FLAG_DETECTED -openmp CMakeFiles/cmTC_b23aa.dir/src.F.o  -o cmTC_b23aa  
gmake[1]: Leaving directory `/home/ntnu/pranavm/TMA4280/Project2/Serial/build/CMakeFiles/CMakeTmp'

Source file was:

      program test
      use omp_lib
      integer :: n
      n = omp_get_num_threads()
      end program test
  
